<?xml version="1.0" encoding="UTF-8"?>
<robot generator="Robot 6.1.1 (Python 3.10.6 on win32)" generated="20231203 21:35:17.173" rpa="false" schemaversion="4">
<suite id="s1" name="Book" source="E:\AUTOMATION\Project\Sanber51-Mobile-Automation-Kelompok17\suites\book.robot">
<test id="s1-t1" name="Failed Book One Way Without Select Book Type" line="13">
<kw name="Open Flight Application" library="base">
<kw name="Open Application" library="AppiumLibrary">
<arg>${REMOTE_URL}</arg>
<arg>platformName=${PLATFORM_NAME}</arg>
<arg>platformVersion=${PLATFORM_VERSION}</arg>
<arg>deviceName=${DEVICE_NAME}</arg>
<arg>appPackage=${APP_PACKAGE}</arg>
<arg>appActivity=${APP_ACTIVITY}</arg>
<doc>Opens a new application to given Appium server.
Capabilities of appium server, Android and iOS,
Please check https://github.com/appium/appium/blob/master/docs/en/writing-running-appium/server-args.md
| *Option*            | *Man.* | *Description*     |
| remote_url          | Yes    | Appium server url |
| alias               | no     | alias             |
| strict_ssl          | No     | allows you to send commands to an invalid certificate host like a self-signed one. |</doc>
<status status="PASS" starttime="20231203 21:35:18.176" endtime="20231203 21:35:37.690"/>
</kw>
<status status="PASS" starttime="20231203 21:35:18.175" endtime="20231203 21:35:37.690"/>
</kw>
<kw name="Click Sign In Button On Homepage" library="homePage">
<kw name="Click Element" library="AppiumLibrary">
<arg>${login-button}</arg>
<doc>Click element identified by `locator`.</doc>
<msg timestamp="20231203 21:35:37.701" level="INFO">Clicking element '//android.widget.Button[@resource-id="com.example.myapplication:id/login"]'.</msg>
<msg timestamp="20231203 21:35:40.442" level="INFO">xpath criteria: //android.widget.Button[@resource-id="com.example.myapplication:id/login"]</msg>
<status status="PASS" starttime="20231203 21:35:37.693" endtime="20231203 21:35:40.443"/>
</kw>
<status status="PASS" starttime="20231203 21:35:37.692" endtime="20231203 21:35:40.443"/>
</kw>
<kw name="Input Username On Login Page" library="signIn">
<arg>${VALID_USERNAME}</arg>
<kw name="Wait Until Element Is Visible" library="AppiumLibrary">
<arg>${username-input}</arg>
<doc>Waits until element specified with `locator` is visible.</doc>
<msg timestamp="20231203 21:35:41.705" level="INFO">xpath criteria: //android.widget.EditText[@resource-id="com.example.myapplication:id/username"]
xpath criteria: //android.widget.EditText[@resource-id="com.example.myapplication:id/username"]</msg>
<status status="PASS" starttime="20231203 21:35:40.446" endtime="20231203 21:35:41.705"/>
</kw>
<kw name="Input Text" library="AppiumLibrary">
<arg>${username-input}</arg>
<arg>${username}</arg>
<doc>Types the given `text` into text field identified by `locator`.</doc>
<msg timestamp="20231203 21:35:41.715" level="INFO">Typing text 'support@ngendigital.com' into text field '//android.widget.EditText[@resource-id="com.example.myapplication:id/username"]'</msg>
<msg timestamp="20231203 21:35:41.991" level="INFO">xpath criteria: //android.widget.EditText[@resource-id="com.example.myapplication:id/username"]</msg>
<status status="PASS" starttime="20231203 21:35:41.706" endtime="20231203 21:35:41.991"/>
</kw>
<status status="PASS" starttime="20231203 21:35:40.445" endtime="20231203 21:35:41.991"/>
</kw>
<kw name="Input Password On Login Page" library="signIn">
<arg>${VALID_PASSWORD}</arg>
<kw name="Wait Until Element Is Visible" library="AppiumLibrary">
<arg>${password-input}</arg>
<doc>Waits until element specified with `locator` is visible.</doc>
<msg timestamp="20231203 21:35:42.845" level="INFO">xpath criteria: //android.widget.EditText[@resource-id="com.example.myapplication:id/password"]</msg>
<status status="PASS" starttime="20231203 21:35:41.994" endtime="20231203 21:35:42.845"/>
</kw>
<kw name="Input Text" library="AppiumLibrary">
<arg>${password-input}</arg>
<arg>${password}</arg>
<doc>Types the given `text` into text field identified by `locator`.</doc>
<msg timestamp="20231203 21:35:42.854" level="INFO">Typing text 'abc123' into text field '//android.widget.EditText[@resource-id="com.example.myapplication:id/password"]'</msg>
<msg timestamp="20231203 21:35:43.143" level="INFO">xpath criteria: //android.widget.EditText[@resource-id="com.example.myapplication:id/password"]</msg>
<status status="PASS" starttime="20231203 21:35:42.846" endtime="20231203 21:35:43.143"/>
</kw>
<status status="PASS" starttime="20231203 21:35:41.992" endtime="20231203 21:35:43.143"/>
</kw>
<kw name="Click Sign In Button On Login Page" library="signIn">
<kw name="Click Element" library="AppiumLibrary">
<arg>${sign-in-button}</arg>
<doc>Click element identified by `locator`.</doc>
<msg timestamp="20231203 21:35:43.155" level="INFO">Clicking element '//android.widget.Button[@resource-id="com.example.myapplication:id/signIn"]'.</msg>
<msg timestamp="20231203 21:35:43.816" level="INFO">xpath criteria: //android.widget.Button[@resource-id="com.example.myapplication:id/signIn"]</msg>
<status status="PASS" starttime="20231203 21:35:43.145" endtime="20231203 21:35:43.816"/>
</kw>
<status status="PASS" starttime="20231203 21:35:43.144" endtime="20231203 21:35:43.817"/>
</kw>
<kw name="Click Book Menu After Login" library="book">
<kw name="Click Element" library="AppiumLibrary">
<arg>${book-menu-button}</arg>
<doc>Click element identified by `locator`.</doc>
<msg timestamp="20231203 21:35:43.828" level="INFO">Clicking element '//android.widget.Button[@resource-id="com.example.myapplication:id/book"]'.</msg>
<msg timestamp="20231203 21:35:45.049" level="INFO">xpath criteria: //android.widget.Button[@resource-id="com.example.myapplication:id/book"]</msg>
<status status="PASS" starttime="20231203 21:35:43.820" endtime="20231203 21:35:45.049"/>
</kw>
<status status="PASS" starttime="20231203 21:35:43.819" endtime="20231203 21:35:45.049"/>
</kw>
<kw name="Click One Way Trip" library="book">
<kw name="Click Element" library="AppiumLibrary">
<arg>${one-way-button}</arg>
<doc>Click element identified by `locator`.</doc>
<msg timestamp="20231203 21:35:45.060" level="INFO">Clicking element '//android.widget.TextView[@text="ONE WAY"]'.</msg>
<msg timestamp="20231203 21:35:46.421" level="INFO">xpath criteria: //android.widget.TextView[@text="ONE WAY"]</msg>
<status status="PASS" starttime="20231203 21:35:45.051" endtime="20231203 21:35:46.421"/>
</kw>
<status status="PASS" starttime="20231203 21:35:45.051" endtime="20231203 21:35:46.421"/>
</kw>
<kw name="Select One in From City" library="book">
<arg>${FROM_CITY}</arg>
<kw name="Click Element" library="AppiumLibrary">
<arg>${from-city-dropdown}</arg>
<doc>Click element identified by `locator`.</doc>
<msg timestamp="20231203 21:35:46.433" level="INFO">Clicking element '//android.widget.Spinner[@resource-id="com.example.myapplication:id/spinnerFrom"]'.</msg>
<msg timestamp="20231203 21:35:47.289" level="INFO">xpath criteria: //android.widget.Spinner[@resource-id="com.example.myapplication:id/spinnerFrom"]</msg>
<status status="PASS" starttime="20231203 21:35:46.424" endtime="20231203 21:35:47.289"/>
</kw>
<kw name="Click Element" library="AppiumLibrary">
<arg>xpath=//li[text()='${from-new-york}']</arg>
<doc>Click element identified by `locator`.</doc>
<msg timestamp="20231203 21:35:47.299" level="INFO">Clicking element 'xpath=//li[text()='New York']'.</msg>
<kw name="Capture Page Screenshot" library="AppiumLibrary">
<doc>Takes a screenshot of the current page and embeds it into the log.</doc>
<msg timestamp="20231203 21:35:49.829" level="INFO" html="true">&lt;/td&gt;&lt;/tr&gt;&lt;tr&gt;&lt;td colspan="3"&gt;&lt;img src="data:image/png;base64, iVBORw0KGgoAAAANSUhEUgAABDgAAAlgCAYAAABtGofVAAAAAXNSR0IArs4c6QAAAARzQklUCAgI
CHwIZIgAACAASURBVHic7N13nFT1vf/x1/ecmdkCLG1pylKkLouAIG0FFFTEllgiGk1iYtRrcpPY
Uu7VXPNLojG5SdTc3DQ1MeaaqGjUqIlYkS4iCEpHiiwdlrpsmznn+/tjdmZntlfYgffz8VjdOXvK
d2aXhfOe7/fzMVx7qUVEREREREREJIU5J3oAIiIiIiIiIiLNpYBDRERERERERFKeAg4RERERERER
SXkKOEREREREREQk5SngEBEREREREZGUp4BDRERERERERFKeAg4RERERERERSXkKOEREREREREQk
5SngEBEREREREZGUp4BDRERERERERFKeAg4RERERERERSXkKOEREREREREQk5SngEBEREREREZGU
p4BDRERERERERFKeAg4RERERERERSXkKOEREREREREQk5SngEBEREREREZGUp4BDRERERERERFKe
Ag4RERERERERSXkKOEREREREREQk5SngEBEREREREZGUp4BDRERERERERFKeAg4RERERERERSXkK
OEREREREREQk5SngEBEREREREZGUp4BDRERERERERFKeAg4RERERERERSXkKOEREREREREQk5Sng
EBEREREREZGUp4BDRERERERERFKeAg4RERERERERSXkKOEREREREREQk5SngEBEREREREZGUp4BD
RERERERERFKeAg4RERERERERSXkKOEREREREREQk5SngEBEREREREZGUp4BDRERERERERFJe4EQP
QETaDtdxyAiFyO7QkR4dOzG6/wCG9e5D7y5dyUxLp7islH1HjrBl326WbNzA9gP7KSw6wpHiEiK+
h7X2RD8FERERERE5RRmuvVR3JCIt6O7LrmTioKE8994Cnl08P+lrM0aO4eZp05m9cjmPv/P6CRph
dUE3QPeOHRk/cAgXjxrD8Jy+9OrchVCg9gzU830Kjx5l897dvL1qJXNWf8TWfXsoKS+vOKdLRigN
3/oUl5Xh+f7xejoiIiIiInIKUsAh0oJmjBzDn752e/zx+HvvoqBwPwA5XbNZ8sBD8a9deP/3Wb19
23EfY1Vd2ndgwqAhfPbsCUzLG0m79LRGn8P3Lau3b2PW4vl8sHkjmWlpDOjRizO696SkvJw3P/6Q
j7dtVcghIiIiIiKtRktURFpQXk6fpMd/uu0Obvr9I/HPE80YNeaEBxx9srvx9emXMnXYCE7v0hXH
MU06j+MYzuzTl5yu2Wzas4t2aen07dadjFCIiOeTEQqxac8ujpaUtPAzEBEREZHj7YzuPQHYvHd3
i50zr3cfZk6cTF7vPuR07UZOdnaLnft4W12wjcPFx5j13gJmr1jGkZLiEzqe7A5Z7D965ISO4XhR
wCHSRDMnTmZ74X4WbVgb39Yxs13SPnk5fZJmbdQlf3AuvbtmM6vKspbWEHBdRvcfwJfPvYDPjBnf
5GCjqk7t2jHmjIFJ21zHwXUc1ecQERERSXE9OnZi4uChtE/PiG9riZDjh9fcwC3nX9Ts87QVsTc9
84fkcuSaG7jjyceYvXLZCRnLkNN6c1rnLsxZ/dEJuf7xpoBDpAnuvuxK7r7sSgBmr1jOY+/MJq93
X26eNr3B57hl2kUUFO6noHAft0ybwYxRo4HoUpZfvvpiq4w7Zkz/gXzvs59jdP8BLRZu1OZw8TE2
7dlFcVlZq15HRERERFpH0A2QP2QoOV27JW1vn57erPNmZWTy97vuqTYL+mSSlZnJn752O3c++Vi1
+nytbchpvbntgot5fsnC43rdE+mUDDjSgkEuGXU2+UNy6dahI6FAgP1Hj7B+1w5mLZ7PviOHW+3a
3bI6ctW4fIacdjpd22cRdF0OHiti16GDvPXxCt7buK7FrvWfV1xDXu++ABwqPsa8tauaNTtgeE5f
JgwaWu9+1lpKysvZd+QwH23bwp7Dhxp1/pyu2Qzo0Ytt+/exee9utu3fyxsffdikMeeensM5Q4aR
lZHB6P4DOVJSzPItm9hxoJDXVnzQpHMCXDzq7PjnM0aNjocTjZGVmckjN95S47lbM+A4o3tPbp42
ndH9B9RZRLQlWAsfbdvKog1r8dvADA7HGNJDIQDKwmHVBBERERFpgIE9e1ULN1rCty+/KincOFpS
wi9efYHVBduSZkmnkqyMTIbn9GXGqDFJb34+fOMtFFSZ/d2aYuFGv27d+WjbluNyzbbglAs4vnzu
Bdx+8Wfo0alTjV+/+9Ir+euCOdz/4rOUhcMtdt0eHTtx39Wf5+JRZ5MeCta4z9enX8KWvXv4+St/
56Wl7zXrehePOptvzrg8advofgOaFXBMGjqM+67+fKOO8XyfDbt28OqypTz2zmyKSksbff49hw41
OeD494su46pxE5O2XTF2AgvWrWlWwPHaig8Y1jun3v0Wb1gXr7OR17sPEwfXHxA1Z1z16Z7ViX+/
6FIuHnV2q8/cADhSUsz8dav5dN++Vr9WXTJCIfp378mMkaOZPiIaRr318QpeWf4+2/bvjXd+ERER
EZHqgq7b4ufM690nKQBYvGEdX/ndIye8XkVzHSkpZtGGtSzasJbZK5bxxNfuoENGdEnPw1+6hfHf
v6vVx5DdIYvbLriY84adyZ/nvnVK1cE7pQKOX3zhq1w/6dw690kPBfnqtOmM7j+Q63/9cw4XH2v2
dccOGMSjt3yz1lAlUf/uPfjNTV9ndP+B3DfrqSZdr316Ot+/6tomHdvSXMch9/Qcck/P4br8Kdzz
zJO8vWplo87Ro1MnrhqXzwvvL2rUcRmhENPyRjTqmIaatXh+fIlKVY+/8wbPLppXawHRvN59uDZ/
Sq3LWVqrBkcoEGDS0GFMzRtxXMINa2Hrvj0sWLeadulpFJVaIp7X6teNMcbQPj2diYOGcsOkqZw3
7EyCgcq/nEf07ccdl3yWt1et5G8L32X+utWUlJerVoiIiIjIcXBt/pT450dLSk6KcKOqRRvWcvuf
H413WczJziavd59WbTSQ3SGLr5x3IecNO5PySOSUqb0Rc8oEHPdcMbPGcONAURGl5eX06NQJ13Hi
28/qfwa/v/nf+fz//HezrntG9578/uZvVAs3rIW9hw8R9jyyO2QlzeowBr46dTo7DhTyh7dea/Q1
//OKmfTv3qNZ424NOdnZPHbrt7j9yT/wyrL3G3XsFWMnNDrgmDlxMp3atat/xxayvbCQO558tN5p
Z6u3b+O+WU8xe8UyHrnxVnp37Xpcxte7SzYzJ06mR8fOx+V6B4qO8vx7C8kIpfGVcy/knx8uZePu
ncclQOjcrj1fOe8CrhybT99u3Qm4To37OY7hwhGjmJo3gm379/L8koXMWjyfnQcPtPoYRURERNqS
vN59uPuyqwC448lHWz1syOtduTTlvllPJV0vGPLIG7+DnMGFrTqGlhYuc9m8uhsbPuwV3zZ75TIW
b1gXn8ndmp0UY+HG58afA8D6XdtZv2tHq1yrrTolAo4Rffpx6wUzkrbtO3KEHz7/t/hN87DefXjg
2i8yftCQ+D7nDhvOjeeez5Nz327ytb9/1XX06px8Q/nu6o/56T+e46NtW4Fo542vTr2Qb1x0eTzo
MAa+OeNy/rpgTp3LOqoaP3AIN0w6r8njbaw/vDWbT/ftTdpmDHRtn8WgXqdx3rAz41OyIDpD5sHP
f5mVn25h2/6GL1uYNCSPHh07NbieB8Dlo8c1eN/6ZGVkMmPUGAoK95GVkcm3K375x8xavKDaL+b6
LNqwlgvuv5dffflWLhpZWcPjT7fdwS9efQGI/my0RGupgOsyNW8EEwcNxbT+5A0gutTmtRUfcNPU
6Vw9Lp+wF2HXoQOtNkXOdRwmD83juvwpTBg0lK4dOiSFlnUJuA5n9OjJ3ZddyZfPvYAln6znyblv
s+ST9arTISIiIie1rIxM7r7syqQuJtdunMxjb7/eqtdNDDhWFXya9LWzz99M9mlFDT7XgA4j6J5x
Oov31v3m8Lhu0xna8WwyAx04XL6Pbcc28N7e2Xg20iLHBNM8hozeTSTssnlV9/j2RRvWNmipenMk
hhuxOnuvr1zeomUXUsEpEXDcesHFScUUI57P1x7/TdI77Wu2b+P6X/+cl79zX1Khm1vPn9HkgKNH
x05MG568RGLxhnVc/+ufJ207XHyMh/75EsaYpGUPXdq357LR43hm0bwGX/NHM7/Q6oUjE73/yYY6
a0b069aDR2/9BsNz+sa3dWnfnm/N+AzffuqPDb5OeijIdflT+NVrLzdo/37dejB2wOAGn78+j9x4
a62FRLcXFsbDjayMTPJy+rC6YFutoUTVfW7/86O89f0H4jM58nL68MTX7ojvP3vkGG76/SPNGn9W
RiYXjRydtESjtVgLm/bs4o9z3qRftx7MGDma7h07cfX4c5i7dhWrCj5t8Vkc1+VP4cZzz2dIr961
1rhpCNdx6N6xI5ePGccFZ45idcE2Xlm+pNX/ghcRERE5EXK6ZvPmvfeTlZmZtD0rI7OWI1pO4jWr
zmhoSLiRnX4ak3t8htFdp5LTfhAfH1hUa8DRJa0H/5773wzMqr58/eLeX+K3a77HzpItzT4mpmef
w0kBR6LE+6KWkhYMVgs3ikpLT7nlKQANe3szxZ2bOzzp8by1q2pcRlBSXs5P//Fc0rb+3Xtw4Zln
Nem64wcOqRY2PPHuW7Xu//g7b1BanpywndmnX4Ovd9elV3Bmn8o/MOHI8at3UJut+/bwtcd/W+1d
+wtHNP41vXT02Abve/0557bozXxdXVISp/Ddcv5F/P2ue+rs4111nyMlxdzx5KNNunZDdc/qSO7p
9RdFbQnb9u/lv2b9H8VlpXzjosvo2607xkSrb1961tgWL1LVtUMHfnjNDYzo079Z4UZVGaEQY84Y
yN2XXknXDh1a7LwiIiIibcXMiZOrhRsnWteetYcbQZPG+b1m8r0Rf+BnY1/iir7/Rp/2gzHUPUX5
1qE/jgcVe0sLWFE4j10l0dn0Oe0GcVvugy1yTG0Wb6jslNnS4VFaMMjnxp+TFG4AfFyw9ZRcdn3S
BxxjzhhY7eakrloOb69aWW3JxXl5Z9a475Tc4fz8Czfx3zd8hXEDq88WOHAsWoMg8WPppg21Xvtw
8bFqLWo7ZjashsTgXqdz24WXxB9v27+Pf364tEHHtrZNe3bx7pqPk7Z1y8piRD3hzcZdO9l/5Ej8
cV7vvozuP6BB15wxakzS48RfKk1RW9vWx995IyksW12wLdo5paD2dXU17bNow1oef+eNRl27MYac
1pvO7do3+zz1KS4r47F3XmfR+nXcMGkq5wwZFl8m4joO00ecRdf2WS16zcKjR7n2Vz/j/+a/w66D
B4l4zV9SEo547DhQyPNLFnD1Qz+h8OjRFhipiIiIiDRHr8y+fGnQfzKs0zgCJkiZV//S55GdJ5Hb
MfpG6ZpD7/MfS6/i4dW3c+8H1/DRweh9Yd/2Q5jU4/JmHdMUd192JTt//xfevPf+pCU7DRULN75y
3oXV3lh/+YMlzRpbqjrpl6ic0b1ntW3Lt2yq85j1O3fQt1vllKIhvU6vts/UvBH8+Wt3xmcJXD3+
HGY+8lOWbf4kvs+CdWtYsG5No8abHgolPT7awNoLP575BdqnpwPRJQI/eXEWF5w5qlHXbk3rd27n
8jHJNTH6duser0NSk6Ab4K1VK7iuosKyMdGlCPV9/yYNHcbAnpWFfQr272frvj3NWvf2y1dfZHvh
fh6+8Zak7c9WWT40e+UyZq9cVue5atvn2UXzqnVWufPJx3i2BbqqTMnNa/XOKRHP54l33+LvSxYx
JTePr06dXm0WTa/OXTitSxd2HWrZNHnF1s2s2LqZBzKe5YuTp3HF2AkM7nV6o5drlUcifLJ7F0/N
n8NLHyzm0LHmd1ESEREROdFyumZzuLj4pOhSUuaVsP7Ihyzf/y6bjqzkx2OerXP/Md2mxT9/Y8ff
4rUzPBvhtW1PMqJzPgAjukxiwZ5XmnxMY0WLukbLE+Tl9OHbl1/FV37X8GXpieFG1/bJb+gXFh1l
4YbG3YeeLE76gKOmKUAHj9W9pmv/0SNJj2vqOnH5mHFJN28ZoRCfGTM+KeBorPzBuXTLSn53+72N
6+s97ktTpjE5Ny/++I2PlvPysiVtKuCo6V31+qaSpYeCPL1wLtdOnBIvjBldLvREncfNnDA56fFr
Kz6gW1bHRo23Js8uns/MiZOTgpKWrIBc9VyLN6xrkXADYHhOw5c6NUVZOMzslct5euFcBvbsxaO3
fpOMKmEdRP88DuzRq1l/TupytKSE3735Lx5/53XO6jeAm6ZeyAVnjqpxLIkins8L7y9i1uL5LNvy
SZsvxvST627kmgmTAHjuvQXc88yTbfI4ERERObGqFhD93EMP1tvxry3bXbKNu5ZcQlEk2njgtIz+
9R7TKzO6j2cjrD6YPKthzeH3KfWKSXcz6ZnRt1nHNFbVmfqNXbpSW7gB8MHmja1W2L+tO+kDjmNl
1TuQDO51Gks3baz1mKqdF9qlp1Xb53Bx9fSzOe/2dm7Xnvuu/nzStg07d/KvD2sv4AnQs1PneDun
2Lh++PzTTR5Ha6mpbW197+KHAkGWbtrImu3b4oVfe3TqxFXj8mtdZpQWDDJt+Mj444jn87eFc/nO
5VfVuH9jJRbHLNi/P6kobEso2L+fnOzsatdqrt5dWq8VbTjisXD9Wh59azYdMjL47uVXkxaouRaG
MTCy7xktFtxUntfQr1t3rj/nPKbkDmfnwUKeXjiXb/35D5zeuSvTho/klmkX0btrdjwsszZaI+av
C97ltRUfsONAIZOG5PGbm77GoJ6nMX/dah57+3W2Fe47Lq1tG+on193Il887P/449nl9ocPxPk5E
REROrBkjx/DIjbck1diYOHhoSgcc5X4p5X7DO0wCtAtE30Au9YprPLbYKyLdzaR9sFOzjjmepuaN
qDXcgGhHldsuvLjGr63fueOkLj560gcc2w/sr7Yt9/ScOgOOIaclL0kJ1XCz9oe3XmNKbl68cOPy
LZv445yaayhUNbJvfwKui2MMXdp3YESf/lw9Pp8+2d3i+xwrLeMHzz9F2Ku9ZRHA//vc9UmzPn7z
+qts3benQeM4XqLdZEYmbTtaUsKKrTVXHY6JLS94dfn7SZ1trhg7odaAY+aEyXRpX1lr4oPNG9mw
awfpwbrfwa9PTtds7rr0SvKH5FZuy85u8YAjUf6QXB7+0i089M8XKSis/nPcGBmh6iFdS/B8nxWf
buaxd2ZzuPgY//HZaxg/aEidy2FO69ylRceQHgzx269+nYmDh9IhPQPHMZzZpy/nDTuT1du38c/l
S3l28Xyee28B4wcO5pwhw7DWsnD9Wt7ftAHXcbh24mSuGpfPgB694oVKB/Y8javHn8P8tav5+p9+
S8Q78UV7gfhMiqrb6gscjvdxIiIicuJcO3FytaXVp6qQE70P8G3N/5aL+OUABJ1gs445XqbmjeC2
Cy6uNdwAGNN/IGP6D6y2fcOuHazfuaM1h3fCnfQBx5KNGzhWWpY0C+PKsRP5y7x3aj1mVL8zkh7X
9O7t7kMHmfGTHzCibz+stfXWhUj0z+/9vzpvAPccOsT3/vYEc9esqvM8l5x1NpePGR9/vGLrZv73
9VcbPI7joU92N379lduqLb2Zu2ZVveFNbBbA3xbO5VsXfya+zGDSkDx6dOzEnsOHqh1Ttc5HrLhO
WrDpv3xO5F8Q1+ZP5tr8yc2uxVFUWtKiHUZiNu3ezUP/fJHthYXcPO0ipuTm1Vv3oiWWCyUKuA69
u3YlPRhM+nOVFgwyuv8ARvcfwN2XXcnTC+fy8rIl8aKtuafn8L3PfI4rxk6gU7vqxXyNiS4969ut
Ox3SM+pd2iYiIiLSVvTumn2ih9B2mIbVoUtaPt+UY46DWLgxuIYakfXZsGsHv3/rtZN69gacAgFH
2IuwaMNaLhxRWY9i3MAhXDF2Ai8tfa/a/j+85oZq22pbjx/2Ik2qJVBXuHGkuJiv/uFX9QYm7dPT
+a+rrov/2QtHvBOyNGXmxEnVejkbE11T1je7O+MHDqm2xOdYaRn/M/vles8dDLgE3QD7jhxm/trV
TB8ZbS2bHgpyXf4UfvVa8jn6devB+IFD4o8PFhXx7OJoEdDmzOCYOXFyjdu3FxbGz1+b/MG58Zod
izesq3dK4LUTp9C7a/XlJDMnTm5WwLHn8CGys1q2e8mWvXu4/8Vn2LhrJzdNnc4VYyeckDZjRaWl
XPzgD5g+YjQzJ05i7IDBdMpsl/TnLDMtja9Om85Xp01n96GDQHR5V0083+dwcTEfbtnEc+8t4PWP
lrepmhzPvbcgaclIbFtbO05EREREWo7CjYY56QMOgD/PfYtpw0fEa2sYAw998RZG9OnPy8uWcKDo
KKP6nsH1k85jSkKxzpjScPlxG2tWZiYv3H0vj7/zBve/8Eyt+91zxbVJnV7+tvBdlnxSf0HSlnbR
yNFcNHJ0g/cPRzx+9PenWVXwaYP279qhA7sPHeSF9xfFAw6AS0ePrRZwXJc/Janw61urVlBSHv3e
NWcGx6INa2vswNK7a9f6W7heRvzYRRvW1rt/bUtemrtWcsvePUnLfJpr54ED3P7nR9mwawc3Tb2Q
6885t8ZZEDU5UNTyLVc93+e1FR/w2ooP6N0lmxsmncfV48+hZ6fOBNzkmjq1BRsRz2fb/r28unwp
zyya1+aWesXEloY0tujn8T5OREREWt+1EydjgVktXN/sZBKbjV/7bIvo1z0qmyI05ZjjYc6aj5iz
pnpIcfYZg2pckgLRjiqnSrgBp0jAMWf1R7zw/qKkteTpoSC3XXhxrcVXElXtqtJct//5UdKDIYyJ
Vss9o0dPzs09k16dozdeoUCAr0+/hI6ZmXznqT9VO37CoKHcMOm8+OPthYU8+NJzLTrG1rDzwAF+
9PeneXlZw3syd0jPYDcHeXnZEv7r6us4vaJYZl7vvozuPyBppsuMkWOSjp21uPJd5sa2C030y1df
ZHVBtNBp1RkWeb37tFgnlaq9r9dsL+C1FR80aOZHfd5d8zGXjh7b0Nl2dfpk9y7uePJRVhV8ys3T
LuLOS66o1g62zuP37Gr+IGphjKFdejq/e/Nf/O7Nf5E/OJfrJ51bZ0ehiOfz9qoVPL1wLgvXryUU
CNC9YyeMMW2quGiie555skkhw/E+TkRERFpH/uBorbZYcXoDLV7E/WRR5kWbQ4Tc9Bq/HnSi28u9
4mYd01iHi5MbVNTXwnfO6o9qDSl+en31hg4QDTeeePfNUybcgFMk4AD49v/9ic7t2tfbOnXL3j3R
bgpDh8W37ThQ2KJjqWl6d1ZGJg9/6RYuPqvyJv36c87jjZUf8ubHHybt+6OZN8RvKK2FB1+a1WZ7
Wh8pLmb5lk28u+Zj/rbwXYpKG1f1uENGRvzz11cu56apFwLRWTjX5U+JBxyThg5j8Gmnxfddu6OA
hesrez83J+AAmL1yGbNXLuOxt1/nre8/EA85rs2fwn2znmrWuWOuzZ8S/3x7YSFX/fKBFvu+rirY
ytGS4mYtIYl4PqsKtvKTl2bxye5d3HbBJdx56WcbFW74vmXF1s1NHkNturTvwJVjJ3LxqDEMz+lL
UWkpb69aybOL5/Fvj/0v/br1YPqIs/jSlPPp1bkz1sLOg4X837w5vLVqBZv37GZ4Tl8e/PyNTBg0
lKyMDNbuKODV5Ut5dvG8Rv/cioiIiLSGrIxMHrnxVmaMSp5BrZobtTtYto+cdoMJOen0zOjL7pLK
meQhJ50OFZ1QDpXvb9YxjbV6+zZ++eqL3Hr+DFYVfMovXnmhSefJ7pDF2WcMqrY9Fm48v2Rhk8eY
ik6ZgCPsRfjSbx7i3y+6jC9NnhZPO2OOFBfz0gfv8bN/PM/T3/pu0tfW7Cho9fEdKSnm63/6LYt/
/Iv4FHpj4IZJ5yUFHHdfdmVSzYvthfvp370Hd116RbVzXjjirKTH/bp3T9rvrwverbFQZ2M8/M9/
VLth9a3PwWNFbNm7p9mFGTPTKut3/HXBu9x47vnxpUYXnnkW8ARQvdND1fa6ze2iEnOkpJiCwn3x
gOPmadOZvWJZs2dY5A/O5eZp0+OPCwr3tWhotffIYbbu28uIvv2adHxpeZjFG9fyyL/+wY4Dhdxy
/kXcfvFnqy3/qE/052J3k8ZQm87t2vPGPT+me8dO8fFkZWbyhclTuWpcPis/3cyLSxfzxzlv8NSC
OZzRvSfGGDbs2oHvWy4fM44Hrv0iw3P6kZmWFp/lMn7QEMacMYhbzr+Iy372wxafySUiIiLSWNfm
T64WbkjdNhetZkSXcwA4O/t8Xi2onCE/odsMAia6lH1b0fpmHdMUv3z1xfqXvNcjf3ButY4qieFG
W6oldzycMgFHzG9ef5XfvP4q4wcO4YwePWmXls6OA4W8u+YjSsrL6dqhAwN79orvby28/fGK4zK2
snCY+etWJ92sn9kn+Yb01vNnJD3Oyc7m25df1eBrJO779qqVzQ44VhV8Wm2GSUvKCFYGHGt3FPDh
ls2cPSC6vqxHp05cNS6ff364lPOHV87MKS0P87cFc5POE3AbPsugLolFQ2Me/tItXPjA95scSMRm
7ySaOHhoiy5/OVB0lHdWr2R4Tt86i9zWpKi0lDc++pA/vvMGx8pKue3CS7hmwqRGhxsAG3fvZMfB
lp0RdbS0hNc/Ws70EWfRo2NlzQ1joF16GvlDcskfksu9V17L3xbO5f1P1mMt3HnJFXxu/Dl0Tmgr
nCji+ew5fJD561ZrBoeIiIi0CVkZx7+g+/FWuLvmf5s11cI9r3BJ7y8RctK5qPcNbD/2CSsOzGNY
x/F8pt/NAHg2woLdrzTrmLok3j+09Mz7GaOSl+mXRyKnbLgBp2DAEbPkk/U1FuX8wqSpSbMG1u0s
YN3O7U26Rk7XbDok/BIqLS9ncz3vXu87kvwucdXCjc1dapHqXl62JB5wAFwxdgIZoRBdEm5ScBlo
NQAAIABJREFUF65fw65DB1r82lkZmfzptturbc/JzuaH19zAD577a6N/YcXOWXVGEcDf77qHcffe
1SK/BMOexxsffciMkWMYenrvBh93oKiI595bwNML5xIKBPjmjMuZPuKspKVDDVVcVsbLHyzhcHHL
/lKPeB73PvMXfvqP57hmwiQuGz2OvN59aJeWnhTmdGrXjq9Pv4SvT7+k1nNZC0dLilm/awevLHuf
F95f1CpFUUVERETqEgsy2uoy9JZwtKQk/m/Kqm/sFe5qT9dezZsJHrO3ZDv/2v4XruhzK1nBLtw5
/FdEbDg+CwNgzq7n2VK0plnHJCrY2KXW8TS02UJD9OvWgzNzKt8QL49EeH7JwlM23IBTOOCoSU7X
bG6edlHSthfeX9zk8333M5/j6vH58cc7DhQy9p476zymQ3ryjWNxWVnS49JwuFkdQVLdrMXz+fZl
V8ZrSUwaklctyX7h/UWtcu3hOX1rrWFxbf5k8gfncudfHmvwcpWqxaGqysrMZHhO32Yvf4FoJegN
u3bwzKJ53HnpFXSspxaHtbDn8EF++o/nmb92NUNP7803LrqMkX37JwWADb9+tDDS26tWEPG8pj6N
Oh0tKeFPc97kT3Pe5Kx+A/jchHO4bPQ4urbvUO+sFc/3KTx6lNdWfMBT8+e02MwZERERkcbIysjk
lvMv4u7LruRIcTE3/f5XLfJvwbZoVcGn8ZkN+UNyk/79tfStM8ibsIOcQS0z8/fFrb8j7JUy/fQb
6BjqGg8qjoYP8s6u53hh6+9a5JhwmcvmNd0p2Ng1afvEQdU7MraEqXln0j69ouBpRbjxxLtvnrLh
BijgiMvpms0fb7udrh0q1y99um8vT859q8nnrLr8o1enLtU6f1SVODsBqDYT4bM//3GDl1vcc8VM
pg0fEX98uLiYqx/6SfzxplbsZtFajpQUM2fNx3z27PFAtBvOuIGD41/fdfAgLy5teihVl0Ub1rJm
ewHDeudwtKSE11YsI39wbrweR052Ns/f9Z889vbrzFo8v9ab5LzefZg5cTK3nJ8cpm0vLGTRhrVc
PGoMHTIyWLO9oEX/QispL2fh+jVMH3EW+UNya90vHPFYsH41j739Oks+Wc/lY8bzbxfMYEiv3o1e
3hKz+9BB/vXhB81eEtVQH27dxMpPN/OLV17gwhFncf055zJ2wOBqXWSshfnrVvPMornMX7eag0VF
+G20c4qIiIic3Kq++ZWVmcnEwUNP2oBj9fZt8YDj7kuv5NlF8+MzVsLlLivm9WHFvD51nQKAP3BT
wqOzat3vFVYAKxjc63T6devOwWNFLN20sc7jmnJMVTNGjkn6t/fsFcsadFx90oJBpuZF7/USw41T
vW7cKR9wZIRC3DR1OjdPnU6PTp3i233f8uBLz9W59n5K7nAuHzMOay3PL1nI+59sSPr66yuXJU2H
dxzD/dd+kc//z8+rtQUCuOOSz5J7ek7StgXrkqc9bdi1o8HPrerU+oNFRaw5Cd6ZfnbRvHjAUdXs
lS3zC6M2F9x/L/mDc5P+onnr+w8wrHfl9+2W8y+KhxcF+ysrK8+cMJm7L7uyxvOu2V7ABfffC8Ad
T1LtGi3BWovn192rO+L5PLVgDv/z2sscPFbEfVd/ni9OnkbAdZvVYvbtVSuYu3YV5ZFI00/SSL61
HDwWXWLzz+VLGXp6b6bljeT84SMBeOOj5by+cjlb9u2pNlNKRERE5HiprTPKye7ZRfPiRfazMqPL
tm/6/a9afVnOhl07GnVP1dRjIPpv+kdurKy1t72wsMVmCg/pdTpDekWXnivcqHTKBRyfGTOe/CG5
dMxsx+mdu5KX04eMUPUOGw/980VeXrak1vNMzRvBn792Z7xF5tXjz2HmIz9l2eZP4vss3bSRRevX
JiV2o/qdwRv3/JhZ783nwy2bKS4v44zuPbnkrLPjCVzMoWPH+OOcN5r7lE867675mE27dzOgZ8+k
7b5veXrh3FqOajlVg4fXVnyQFHAkSlx+UttSlNg56rpGS3CMoUenTvEuPYlKy8N8tG0Lf5rzJu9t
XE9eTh9uPX8Gk4fmNXnWBkTT5NkrlvHbN/51wmpZWGs5VlbKss2fsGLrZn7zxqtAtCaOZmuIiIjI
iXaqdkZZvX0bj7/zRjzkyB+Sy/sPPMQvXn2R1ds/ZfGGdSd4hE2TlZFJXk4fZowcU23G9h1PPtpi
15maN4JQIMC7az5WuJHglAs4puQO5/pJ59b69bJwmP957RUe/tdLdZ7n8jHj4uEGRGeCfGbM+KSA
A+D7z/4fT3/ru0mzQ3Kys2t9Jz8m4vn85KVZ7DjQsh0nThb/WrGUb864PGnbh1s3tWjRnoZKbNt7
Is9RH2MMrnExxmBttHVyUWkp+44c5p1VK3l60Vwc4/DFKVO5YdJ59OjYuVmzNkrKy1m2+RP+OOcN
Pt2/t+WeSDN4vq/ZGiIiItKmnAqdUWrzi1deIH9wbvzNwqzMTH4084YTPKrWceeTDa/VV58OGRmc
N+xM3l3zMb9/6zWFGwlOuYCjNtbC8i2f8LOXn6+2LKQmNXWCOHSs+rKTdTu388Xf/JJfffnWastP
6jr3T16cxVPz5zRo/1PRXxe8y79dcHFSV5lXlr1/QsaS+JfS0ZISvvK7R1hV8Ck/mvkFZk6clLTv
rMULuG/WUwzP6csTX7sjXjn6ePzF5lvLpj27ePmDJQzs2YsDRUWs37Wd9zauZ8ve3UwaksfXpl/C
qL5nkB5qXiHbiOfz3HsL+Mu8d1i7owCrmRIiIiIiUsWRkmIuuP9efjTzC/GZHCeboyUl3P7nR1t0
Kf2IPv3Zum8vv3/rNdY3sePnyeqUDjjKIxE27dnFyk+38NLS95i3dlWDj/3DW68xJTcvHlos37Kp
1uUkqwo+ZcZPfsAt51/EVePyGXpazcUa9x4+zBsfLef3b75WbzvZU922/ft4b+N6puTmAdFfHM8s
mndCxnLfrKd44e5o/YyrfvlAfF3dfbOeihcMjY3xvllPcaSkmEUb1nLVLx+IH3ffrKdafZzWWgoK
9/G/r79KMOASjniURcJEPA/Xcdh39DBb9+2hd5dsenbqTMB1Gn2NotJS1u/cztw1q/jLvHfYe+T4
FBUVERERSVV11Zyo+rXa9m3t/cK1dMGrbXtj3TfrKR57eza3nD+DvN59yOnaLV7IPxWt2V5AQeE+
Zq9YxmsrlrV4XZFQIKBwoxaGay89pd5aHdCjFx0zM9l18GC1DiWNFXQDjOjbD2ttnZ1RqurVqQvj
Bw2me1YnXMfh4LFo8c+Ptm1t1nik7XnkxlvjszhmLV7QouvuWppjDL06d+GsfgM4d9hwLj1rLJ3a
tWvQsRHPZ93OAl7+YAmLNqxlVcGnx7WgqIiIiEiqysrI5Eczv0BO1+R6bQWF++NvjtW17/HYL+gG
GDtgEO3S0uPbjpWVsnTTRsKe/s13vGV3yNKylFqccgGHyPGU0zWbuy+7CoBfvvoCBYX76znixAu6
ATpmZtK3W3cmD81j3IDB9MnuRkYojVAggOs4eL5PWTjMkZJiNu7eydw1q/hg80Z2HizkWFmZlqSI
iIiIiMhxp4BDRGpkjCHouoQCATpmtqNdWjppwSABx8XzPUrKyzlUfIyi0hLCnkekhaYoioiIiIiI
NMUpXYNDRGpnraU8EqE8Eu22IiIiIiIi0pY1voqgiIiIiIiIiEgbo4BDRERERERERFKeAg4RERER
ERERSXkKOEREREREREQk5SngEBEREREREZGUp4BDRERERERERFKeAg4RERERERERSXkKOERERERE
REQk5SngEBEREREREZGUp4BDRERERERERFKeAg4RERERERERSXkKOEREREREREQk5SngEBERERER
EZGUp4BDRERERERERFKeAg4RERERERERSXkKOEREREREREQk5SngEBEREREREZGUZwB7ogchIiIi
IiIiItIcmsEhIiIiIiIiIilPAYeIiIiIiIiIpDwFHCIiIiIiIiKS8hRwiIiIiIiIiEjKU8AhIiIi
IiIiIilPAYeIiIiIiIiIpDwFHCIiIiIiIiKS8hRwiIiIiIiIiEjKU8AhIiIiIiIiIilPAYeIiIiI
iIiIpDwFHCIiIiIiIiKS8hRwiIiIiIiIiEjKU8AhIiIiIiIiIilPAYeIiIiIiIiIpDwFHCIiIiIi
IiKS8hRwiIiIiIiIiEjKU8AhIiIiIiIiIilPAYeIiIiIiIiIpDwFHCIiIiIiIiKS8hRwiIiIiIiI
iEjKU8AhIiIiIiIiIilPAYeIiIiIiIiIpDwFHCIiIiIiIiKS8hRwiIiIiIiIiEjKU8AhIiIiIiIi
IilPAYeIiIiIiIiIpDwFHCIiIiIiIiKS8hRwiIiIiIiIiEjKU8AhIiIiIiIiIilPAYeIiIiIiIiI
pDwFHCIiIiIiIiKS8hRwiIiIiIiIiEjKU8AhIiIiIiIiIilPAYeIiIiIiIiIpDwFHCIiIiIiIiKS
8hRwiIiIiIiIiEjKU8AhIiIiIiIiIilPAYeIiIiIiIiIpDwFHCIiIiIiIiKS8hRwiIiIiIiIiEjK
U8AhIiIiIiIiIilPAYeIiIiIiIiIpDwFHCIiIiIiIiKS8hRwiIiIiIiIiEjKU8AhIiIiIiIiIilP
AUeTBYFA9BV0K15GQ3QbTpWP2H+D8f1covsGCJB2Cn0bHKh4nWIPnPhDFwcT/yDpI7Zf7HWLfe4m
fF1EREREREROXQawJ3oQqcgBrHGIvXzRG29LBAdj/fh+BoOPBeMAPuDgWh+Lgw9g/Og34VT6Lhgw
NhZRRDDGwcdUBBV+xSta8YJYQzTc8LAYHBwwPhYb3d+CxWCw+DVcSkRERERERE4NCjiaygHHdzn3
tC5cNbAdl43uSW+/FMd3KXMsASwRDL6BgPUJGh/POcpmP5vn3t/PW1sO8t7uQ5QD1jHgnxrfhths
C+tYMn1LMQ4T+mTz2dyOXJffjuz26RgbxicAhDH4GN/Fcx1CrsWWhrEhl2V7AvzjgyJmr9nDml2F
YAz2lEqJREREREREJFHbCzic6Lv71jqYOt6Tjw3aEH2T39jk7dX3AoxL0PpEoNb3+01smYn1sMZE
T2EsDg5p1mNGbjd+c9lZZJfvjp7XmuoncWp+SY0xWMCPr6aw+MblaKAjP5u3nscX7+Uo0RkdPhaD
xXGCWC+Cj8WtmMeQCqJPMRrwGEz0dbUOHQx898qh3Dwxh87eXsI2+rpA5f+jRwL4Fdv8+Fl9A76T
MEOm4hhrLQeCvXhq3iYefOETjvgRIIhLpOJoi4PBt2DreA0dY/AJ4GArf0aspXJdTcXnhnigYiq3
Vpw79nws1joEAc+AbzXHREREREREpLW0vYDDhZAHAdclw40GDL5pWIWFmm8fK5+eaw1lxlAaDhOu
7VlX3IjjWEK+pdyE+FzPDP5ydV8C1sUPlGL8dIyxYGq5YTU1hB5UzNSoMmJjDK7v4eBRHgwS9DKZ
vXkbl7y8H2x59EmZ9hiKsATARup8DdqO6LIRB8gIOMy7I5/cTkFcc5jyILjWwfE9PMetPCIp4PCT
tsVyJB+wtQQcPmAJkW5LwfH4JJLFuHvfozgSIOCXUW6cih+H2oOGXhkh2oWCeBWLiyB6iFvj3iYh
1IgtQKpUbiBk4dPDFt+U4LWtP2kiIiIiIiInlTYXcLiAh8N/j+rDXaPSsFTM0DCVt47GRJd0GGMq
Z28Yg+cANpC8n/ErggiLZ4M4hBn06Go+reX6Bhdcj6Af5DefH8sXs8O4EQ/X+pQHIrjWw1iD74ai
tSCsBRLf4Qfj1BzHJAccFgcP3wlifBeMxaWYo6EM2vkettzhYHpnhj38LofCLngGz5S3se9W7RwM
A07vwsJvDCXLj+ASxjcBjO/jB3wiTgDfWAIRonVIjE0KOGISA46q4Ubi1wFCXphyN4BvABvEc30y
PZ/SYCbTfrGaD7YdAD+IJVzruH/7hVxuHp+OZ1x81+BY8JxoyJYo+jNZUQ61YiaHZ0iYvePj+EE8
x6frV9+PBjm+18hXUURERERERBoqUP8ux1f0FtDHN/EykhgLxgQrd7IJSwEqwg1rDY4XwTcJN5Gx
UMRWdDIxERw/1ocDIgEwkeiXjR/EOmHS/QBzP9OX0T07YEwhvpeGdSACONbB4iSsSonmQ9Gb7Jpn
bSQMOfp/A64PvjH4sYKkFTNBIiZERtjDMxYCETp7+9n9zeFYp5zTfraOIxbKXYPxDMb48cKkJzLz
iJYAjYZSBh9rMrihXwmPf3V0dAf/GODgGQ/wsa6Lj8HxvaSOKtaayu8XlTM4YhwffNfH2JpXBQGU
u9GfkWjGEMFYKHfAiZTwzp1DCdmjPLHU57a/rcdYHwcfL1pMBcc3+MbiuQ4R10Z/nipeWLfq1AwA
G5uoYzEVIYix0XFWjBiLJeA70eBN4YaIiIiIiEiranMBR0NVfbc/Wu+AikURFduqHxX/LFLxH0sA
YyIECHPFuJH8eXQ5jh8EvIpCl8dH7KY9egOfHFkYP8Tm/8ij1OlA7weXUu54WBt7nrEZJCeCEw0J
jAs2QGaapfDeXkTSukE4YSmN8akvAKpp9kaLMZY0r5xyJ4ObxhRzXf4Ivj2/G4/PmgMWQn455cZg
rMVYU2eIUpP49651Ri8iIiIiIiIN0JDSFieASahv4SQtO6nKWou1HtZ6GONijIl/VN858ek60RtS
B9r5hl1fG8czI4MEcCFQjmfA9Rr2rntS9w7b8Jc0dlxiuJE4PqyD44XwHEvQz6BL+Cj7v3Mmfzwv
G5zojAnj1Fwd4nhw8PFdQ8gG2PXDUey5LxeXLNxw7HWLLg2C6NIfU0slCyqKrzaUaejOCSlFWTCM
cSJYxxD0PX6dX8jRh8YxJD1M2KRFf16c6KwNa+tJOHxbreuNY2utLSsiIiIiIiLHQRsNOGIa8Z54
bQU/q54vfhPq45DGry8+k013DaWTLcdz/OhyC2NwbYSwG2rgxZt2Z5v44se7wCQ9ZYPn+hg/jfRI
hBI3E+OU8oWxPTl091gCBuwJXPrgmwDTc0/j2I/y6OCWkGbDeI6pDHlq/J7U/FpVrXFRFyde96Sh
r7uP8QMY31DuOrh+CAs4Tikf/DKf3b8eE62DEg8tnDrzjYpeOAkfIiIiIiIicqK1vYCjyg0+1qWu
YUZna7gYgjV+3TeAb7HW4vgRSkMRHCAdw85vjeWrfTw6HQvhYTFEsBhCXgDfBDHYBixVqH/5RU2s
AZtYJDX2fGzy/8HHEKE8YAj5Hmk2A2tcMp0iir83ggkdKopBGAdIa/VvqIMTLfjqpvPhd8bzz891
JGwcAl4Aj7SKwVeELjYQe6JY62Nra5NqbaNmP/hEfyb8+l53UxlYxNoJO76LZyobxYa8MJ0op/jX
o5g+pBMR4wCZdS5Pso4DTuznsu39ERIRERERETkVtdEaHAldSeJFQ+sfqrU26T39xFUqxhis45MR
zqSXa1hz6wQCpUUYx8erbelEXeIdVBIH0Jo3u9W7tZQFSnn3GyP57iKPX89bT8ApI2wc8FpvVoFv
Kma5/GAYEVuGZ9IxeLh+CM8tT6qBEuUkLReqMcdoYv2Nhr3aVSuEJl+r3Ang4mGdMC99M5eI42Ao
wvWDUK2tbz1XMqrDISIiIiIicqK03bef41MnGrcMwODHP6p9zQ/g2zLm3ziG9Mgxwq7FNiXciA6Q
pNv1JoQbsdkbdR9Z+yyBYCQNH4cHz0nnHzeNJEw6+K27ZCLTQNGPxxLB4JkI5U4Q1/ewblH8e+ZX
nYXTGho046OyZWv8Z8ia+IisAdd6FZVCXFzfJ2BLiJCB34RwQ0RERERERE6cthdwJN24NvZmPWF/
kxxc+AY8J7rkxHfK8BxDyE++QmM6ZxjfwbEujg3g2KaFJPUXy6zcwTexj+iIfVwsDo71CdgIF3cL
s+gb46PfUROIFiFtqRkFJkga0MuBPT8cWbGUxwIBAn4YzwTwSK/lCflYvPhHzU+zdapzOtbgWAfH
JoRECctTjI3W03CtxfUNnmPBBnCtj9uIMcXrp1TdHvvEB6O5HSIiIiIiIq2q7QUcMQn1E1prmEnv
ujeoSGkNTOuuTLHGxxo/oUtHfP5B0ucR6zKiXZiFt4wmYD0c38fWU7+koVwbxifA1h+dTRCDwUaD
FpMYWFTe3je2m0hrNx9p1OwK42Nt4wq3WhN9zq66qIiIiIiIiJwwbTTgMCTdwLdSghC/H21iuGGN
wTe21W/Qo6JBT3RWQrTEJhUzIqx18AMQYj9jO5Tx9fE98Z1MMB62qcFNgnTg4P8bietbjB/Et07F
eb2mB0MJamzp2yS2ykc03KhtZkVNM3YsAYypZ0aO74PvoS4qIiIiIiIibUfbCziqdVEJQJPrZNQt
/o67dZoWosSXMdjojX4L3OwDmCpjMRaM9THVupDE9vMJ+D6WTGwgyIPn92RIpiVowDT1tXOAQHsy
Ag6f/vhcQl45HhZMGNdG265Gu6Q0/HWrdSzWNmoBhzVOLcthTNJHbOZG1XPXFUgZ64P16l420+Au
KhEqAxAtUREREREREWlNbS/giEssMtq4JQMNlbxEpYXmYTQz5Kg6qyBe38E0vEaIIcyqu/sRBKxp
2mvnWgNeEdt+OJ4uXhE4wYr2rC2vSrnWehkirTKO+PlbbEaJiIiIiIiIHC9tNOCwlXfzJhL9aE0m
2kejGSeIf1atdWwjNKbIaXVO/PqudaA8yIb/mgI22KSz+cbw2DVjSPeh1BjCTgCHcHMGWKvGBwoW
04DXObFaSU3ba8u0rLWNHlOsCKyIiIiIiIicGG0v4GhyF5Uqd5fVlnPUcERzl6hUXqzynM149z+6
FKX6tobx49f3jYvnOHT1jvLCjE7gRNup1Dk242AABwMmQB9cPjcyTNAL41gf10aw1o3eyDf4x6aB
r0W9S1QMvgNYp2Imi8HW8VwsEIusanr56n9JHWwj0orauqiIiIiIiIjI8dP2Ao4msxX/dSo+6r9B
bWtvuNe0DKXq43i72Lq+dYbo87cw/azeZAEhG8CpY9aDY30sAXwTAGvYcF8u7UtdTMLyIENjO6TU
kNjUwq9zRkbF1xq4/Ke531eDaVRQFZ9s1MzrioiIiIiISNO10YDDJLeJtbXXfrDWYq2HtR7GuBhj
4h/1ib9Jb2yLFQhtrpoCDmsSZ3ckj7Om52mNEy3ECQTw2HLPRAx+nfNhfMAhAsbnxS8PIOK4WBPE
qxJQGFvfD03F/AnjVbSRbUDAUeP3K+E449GQOiyJV6prjM0OInwb/Ui4bmUbXxERERERETkR2mjA
AUltYhtyS9qEgMLW8FlbU/tKicpvXdVwINZtxRoHH4dMr5Rzh+VgCNR6HQfwTQYdfcOlfdPABgkH
IqQ3uvxJLCxqfChR/SsOya1Y6/4+xZamNFRTa56Y+JWiH5q5ISIiIiIicuLVfsd7ohgS7mNNxeyN
2m8ho7M1HJrSSta14Bkq62/Us5zCseAZi7EuYdcnaH2wAXxjMNbDVIzTdwDC+CaA6zs41hJxIxiC
GBsNLRJbvvrxG/kaxlhls5NQK8Q3NRfEdADjRw+MOAaD4YWre9Fx7fboTBCo6IhSGUD4GAwlrPzR
dGxkP0E/ggXK3eQMzBIEIjhYLKaGpUDV65kYAzb+/JyK768F40XP4wfBlOOYAEcDHXh2aQE/eGYL
R61PmXEIWkvERJcfxQqMWuPiGEuG7zHhdIf/+vJEzu5WhutF8E0QjEfEBHCtR5UfqmazTuz5KdoQ
ERERERFpK9pewAEkzd6Itzmtf6jW2qTb2PpWqSS3ifWp74Y1YmIBQ4Q038H3A7gOuLaMMidYMSXA
IeRl4gUOYYyDb3yKA5mk+0XxpSZA0ufxIdRxD24ram9EY5zK1KOmJSqJ53EtRByXEMf4/sTO/PC9
w1gbxlgv+ZbfQIdQGqdFDhG0UG4qz5U80yH2OlUfrK1xQpDF2uiJ4h1mHD86bt/BDzh4foRHP+zA
t59ZXPH9NmRaS1nF98Nio+e2FlMRzfg2grVwzMDbO33efmAx7fA55rbnkx8OpUeWwY24eMEwIQ98
4ySMKOF1asGMwjeKPERERERERE6UNhpwkHBX3bilJyZp//qrRUQPatg1fGNwiLAt0o7/eWMFz2ws
Z69rojfKCeGKYx0MlmwsMwdl8J0LhuJ0CBH0fRxb0d0jKeBICCyqBQqV4YZN3Nf49T6/2PlCNoI1
Gdw9bQAPLlpCuUmevUHFmTbfMw7fHqXMOpiktKWGAZnYrJMaAhb8irDDVAQWsRkyfkXq5GNx8Z0A
dz+xnEfXgrXh6JySihkmxQawFsfa6OyShBkvlZU9nPjXMT5lGIx/jIH/tQzXWlbcN4K+XdvjOaWN
6EbTNGoRKyIiIiIicmK1vYCjyW1iq+xv3Konq6amJSqOtYRNiHSvnIjr4VtDJGQ5bDox6JH3OBab
hRA7tWerXSVWznMP8JuNpfx244d4LnRxXBbdnU//0j14TjsC1uC5FotfbSlKouSZBsnLWWpaohIL
T6yJPj8HwEYIAflD+vDu+u0JY3YwgSC9vTLa2yJca/Acm3zHnnR6B0yEaMxQZSlKbFzWqTjGgnXx
AuD6aXhuOUE/jHUM7+zK4qqH51KWcHwscrHY+OtbUU2kllfGr/y6hUjCfh5w5o8/JkSAbQ+fR4fg
NoKlnTiaZkizkfhSnZYQ+/5UnRBiCUSXLTlg/bZRxFZERERERORk1fYCjpjELiqtJHmJSqzNrItr
fTzHEKE9njlEl4c3EsHFrbgrNn7DKzr4Jrq0IuAZDnoOuf+9kBzfZ813J+CEyzB+OdaJYEmv8fhY
WBHLHPykoKNinyohR+ylMza6pCVxRsi/rulB5v0FCTfiFuuVMe/ec/CdUqxvcGzl7A5b9TWyCbU0
aooIrFNlBool4BuMX0bQWsqNS8/vfshhY1p/OYdxCPuW0+54kwXfGEDuEIes8lLKgvUUXea4AAAg
AElEQVTXa7GNWG5iTWUHlaYWLhUREREREZHmaaNdVGI1HiruFm3rDDN5iUr0kWdcwMH3yznjiTV0
+t+NlLsOvvEIGxr/tr/xwPhEsFg8XB92AFn//T6Tn/4YxzHgZdZ+eLUkJRYwNGwgiW1drYGgU0Kv
6ByJaAtaLMZCN/cIwUhZtFVsxV26rRao+AmtX50a7+aTj4mmQZ518Bw44Han/fdXcASiy08a9Aya
wUaLoFrHJf+327jgFx9xqIHhRp1LTnwffI/kDi8iIiIiIiJyIrW9gMNUeWADNKVDSkO4FeFBcSgc
nXlgLSHf4VjIp8OjG9lVFiEC4PmVPUi9RvbjiGcn0ZvhCD7RW2OfJXsjOL9YRyRgCfrRzibWBKLB
g6nMD2L/d2y0vkf0o2E36p5JHm+Rm84r3xoOBMGmAUEe/OJUjHHwCCaFScYmdnHxox1t4h/V055Y
ZOFYostcAM+mY/HZXpJOt/9YgGdN5eqeBr6ETWYjQBjrR79pywqKGf+dFQQ9CLuhWkOM5OddA8cB
JxqEtcU/QiIiIiIiIqeiNnx3llhktHXeJY8FB+1L0/EcQ9AaFgc60/l/1+PhY2xr34IbCBg6PLSO
bWmdMITw3aLqe9WYqDR8bIldQ9IjHsM6dCRAGJfojI1v99mH8asHJtZEy4HWPHRbw8Bs/P/GD0Rb
55pyPglnMej+5WDCScVCj68IBvi03ND3nmUErBttN1vDnonhkoiIiIiIiKSGNhpwJLQSMREw4da6
CgDljk+aLWHdwWKm/O/b4JUQIUDQRlrlujGe6+KGw0Qi5Qz42QIOecWYSFo8O6i980dsqUgTrmnS
CFAOBnwCtMdyJDNU44IXi0+0hEhN/Wwrl/XEN8f6vBiLdUpwiRB2OzHy/iUV441gT1Aj1ZCNtqv1
fI99xQG+9KsPcYK1v4bVnrOIiIiIiIi0aW0v4LC1PqhH1Vamdc8U8E0AYy3YANZ1WJXem5HPbq6Y
seCAjVDeyvfijhfBq6ht4VmH0361jiNOV4y1Fa1mIzXMJmj6jbcDhPxSIq7H7P+4nAA+/7hl6P9n
786jZUnLOt//njcy9z6nRqiiiqJlkmJQoLUUpEFQKdvLkqve1W0vpWnbpbZ9277SolxnGy7NJIgI
Dnc1areoS5eiLeW60E0jNoiACDKUTKVWgWApFDVP55zae2fG+9w/IiMyIjMiMiJ35t6Zu76fs/Ls
zIyIN94YM98n30Hn7Q9UV0vGsk46ZkZpyftHmQ9wTKebBm4a244e/JPvlsZ7CjHN0jtE/g/jQCa5
yxSVJlH/3w1n9NY7Hy8PicxH2VGfNM/J+pI9/MEvUvDKKwAAAADAGmxegKOiT2E4HwUlTB7tBcpg
9yq1oQY6p9PpSFf94ns0Upx0v5kPd7pcrruKpf/dRkrDgb7oZ/9Edw0u0H4y0kEynF/GLBtNZclD
F03aSU1Ps7uVBulpX3RKpj3VngpW16tqeXSb+nofkiloqC/72es1mmxjFg45zloRXvw/TFOlJv2L
n7pGwccaJxdKZpMATGal4YgVDkkLAAAAAKi3oQEOmxkmtrlDTXeXeyr3VGaJzKx4tElGF2gY93Sf
7eiSX/0rKR3LlOjYiqJmGkbTKEn06Ff/uRIb6tR4XGmuYkVnpeXF+uXXzTUKUjq8VwpBpmTS18h8
8MEVlSpOm2sUmchHuJnvZDTGVMGlD48v0w1nzsiPrc+NZiMNNHBJSvXw531IO3Ffg5gqDcsfe9eC
kVcAAAAAAGu1oQEOqTpMbIeSo/UrSO/v7Gk/XKgfuXGou2OUBVdQKjuuWgbuGnnQbuo6Z6bnvf02
WetIKaXRTnoEOdyknXSsC0amx43HOgj7SnW6sXaFhTyoka+vNExtzXFJkiAz09UvfpuUmnxNI+Ac
RmKpxjZUYiPdpoH+7K7ztZ8MJTvXMYW8ls+0A1y342p8AwAAAACQNjHAUTtMbHM2s9oaiUzzzTna
RJ3WKd/Tr771Q5JLMbrq6zEckUmNgn1FpdH1m9f+vc7qornZglcDDX07wwxpolFIdBCkv/ipr9Ap
PyUL4/Y+J9yy9bnNDBNblXiqPQ30vz7+We0VeVxPB7GHkbpLPlLqksJI3/LCd0rR5H6qYwqm6RCx
bZfQWJWAEAAAAABgbTYvwCGpUnvDxtmjy1LulUebJI711F/5S8WwgbvAXAMN9eX/9f2SpsOWpg1Z
bdvWtv0xHLrS8ThLuCYJU5A8zNcQKdrMVGvNRDOd0jl983/ba9++TRKlM3a+PnTTQNYwHDFNTwAA
AABg821g6X6iqCEwbQbQhSkWjzaJ7eiDQb2bthyFxKX9ZKTPnJ0GdmKlCUTQpMcLSVG+aBssTraz
Zr5JjZDmDkCbSvfzo6gElz6VXCmlXZt6HL8gKfGz+pZXvLd2uqlbCykAAAAAwPHavABHpczcN/hQ
mt/m+37I+y11M/13PUJug43sOGEsSamk1PXad31WB0NXGsbKD1fwqCCfjKQSFFr6uTCzrCNRJZo7
3G5ZcKRXkCcLrtQdm3E0/eOf+O8Lg0ubJJ08zilqFM5TtKAkJnJzpUEah1J/tz25Js2rQtZhKwAA
AABgfTYvwJGrjKKywmx6kHmqf/7Lf6Bg440McOTcXf/xg3fp9EFQ1I6krCbH7DCxffvh6JmL6VMr
Bzbmh4mNOzsKSjf4pJqXjwXjlugX/jyVzJWGtKi1YZ7VTAEAAAAAbLYNLYuaqqOorCabaXANPNXI
dhQkxXR1aa9LtKFGyY6S6HJLVddppZkpyotHH2YmNQyr64qS+aT2QV7iz5umzAc4vnDWFWWHGm71
qOX1UUzSf/qt98iUahTGihpL0euDGzFmD+VD5gIAAAAAjtvmle5rR1FZzVCjwYPMUh3Y6WwEDZf6
N4M5WqaRPnXBF2voqcwTBQ+Tx3SfuLuCrHislk86oZj89TAdRWWmc4qf+29/IddAFren0J9O/kZP
lUraTbNgTuJZw55aIWSPov4HAAAAAOC4bV6Ao7BcJ6PtXFHn69N33bOi9NYvmvT/vvOvdWBDmQ5K
U9LGZfpqLaLXjaKSTZjrnOIP/iarC+E1/Z9si1sGVyhxKdCzKAAAAABslQ0NcPi0doCNJRutKNmg
VKn+8GOfWk16RyBooN973yeUuCuJg8m7UbJuAY6Fw+bm02rmsZpmKNkELzVVmbrVTKbx3PvbZBTO
1yBGxRXVGgIAAAAAHI0NDXDkXN37OZgtiM8vYzJZONB7b9xbQd6OhsdUB57KbKSxDVuGc21heW2L
8rIz6eStLWy+Zsb8jFL9MLGugaJsrZ2ertdHrv+cogYKqwzSbO/uAAAAAICtsXkBDp990bWfA5/8
H7JHbaEyVbREXzh32EweHTdXOnKFmEg2klu/jlezYWLDXG0MV1R1J5lMVtu3xkyO1NTJaDRpNMnz
tvqH2++SNJYvUYNjdq8Vrz3buwAAAACA9RksnuU42Mwwsc2yZhVZHx1miardRdQXtLeq+F0arjTx
7GWcKSvno6jkGjvHrEt+ssPq9kk+eop7PtqKF1MqmSsEWe9xXDaLu02a30z7fZnd33Xy0VbougMA
AAAAjsfm1eAo9Bwm1rp3RBq36df0+ZYgksKKCtIdmgBZnAQ28mOQ7+dQU5qPm3xCdRQlz2oBSZMB
ixfu66jVdoYLAAAAAOhr82pwTEYkLV54exbNTGZBXYaSdZOSGDTapjoGkxY6QZU6BZVuMtxdoXak
k7ZkE0lx2kqltVXKpFaDm9r3846kg0lAaksL+x4khaITV5eURCltjdyUJ5bPrbGm+8u0ZXWHAAAA
AGCrbF6AQ1Kl9oaNJ+8tzqp7tQvOnmX+zTTZFenkMbsX6odwLS1e7mejbt6W5U1B7j6/jkpTlem0
xEdKtcXBDQAAAADA1trcFgVFu4B+Vf9NsXicJG7TviCC9+zrweJcvxKzabcs3PD+fNuZC+S9mgoB
AAAAALAqmxfgqJSZ+xaWS/Nb/1EwNlKpk9G8I8tY6u/TFwzJmo2ikkyapNQf7n6DngRlB2n+2Hz9
Q7KOULepi5N6Wc2VIjBE0AYAAAAANt7mBThylVFUNjebR6kpbrAoyLFMmqXUSzOXAxvzw8S+8t/+
E6UanJyuJjxIHk5E16kAAAAAcNJtaMkt75CxxygqJ1y5BsfctMkwsfmjD3eXGgIkPmmG4pU+UfKm
KfMBjoeekmTppnbs0kve74gV/7XpMBoNAAAAAGCtNi9yYDMvfKAuI6ScdEHVpiRzo6jIiscyGpup
mE/K7ZOOPzxInkyeV9cV/UDBXOOtP1zTJikuKSxsoWKlR9lAKoabpZkLAAAAAKzT5gU45vTrZPSk
ipp2Mir17GS0g8b0PDSP1DITFTHt6pd/8F9I8STU4QAAAAAAbJMNDXD4tFmKjSUbHW92jlPesWiQ
xpNd0mcUFXcvHrXMJLPaeaymGUo2wSVLNdskYzfu67sv+VsNfDy/zP3e1ve8CgAAAAAbbUMDHDn6
NsjF+RYh3XUZJta8+licI80dFzuQe9RTLz2VvVwyuwAAAAAA9LV5AQ6ffVHXt0Hb4iF7HGJkkY2S
97cqKZnEJ8rDxC5cvOMwsXkPHnV9a8zNLJsETKrzjcKORoML9Cc/+DglktyGRDkmTsjZCAAAAAAb
a/MCHJKyAnS3YWKzphWp3FOZJVmBfvK4v1hmFBV3L/ZRUzCoGEWlY7AoeNBOvEd7g6Fe+W+vljxV
WHVnIccgbv8mAAAAAMCJt6EBDqn3MLFdqzSgxGVa0CTFunfwGk06Gy7WThr1vIffovMsrrwz1KNm
6tI0KIrOcAEAAADgeG1egKN2mNjmbGa1NRKZTvDIHTZtnlJnmWFizUzjcaqbdh7Rb2jZvAlLTdAp
uHQq3qdormQ41E0vfYrcEsmGCko00Pa1WHG17/tMUH1No7HyoIdt3ZYDAAAAwHbZvACHpErtDUsn
I3Z0WKo0YsiJ6YNjIusno7+2/RHCru4YXqKzg6HqeokwWfswsY2CDuJQO3agT7/46kktCNPYEvqi
AAAAAACsxYYGOFRqF5BOHt2YYvE4acKy0YGGUVQsuFKTvuOaW+VWVwOmXwev+T6PJg01VvQL9KDB
Gf3JD/8TDRQlBSVLbgIAAAAAAG02L8BRKcT3DVKU5reTVZQOqnaV0TXs0DaKymAc5eZ620f/QdHS
SSOfRKG29kuY1qaxsVTT4MQn6QePkgcF29OO7tM/ueQ+/cmPPSWbx0wDGygoKNnYcMdkFJ48MNSj
H5Im1FwBAAAAgPXavABHruMoKvcXUVJa2g2rKDCPhkFxMpTrW687p4NBVLR0Egypy0H5WMSWXOTz
eNZXR4z68geM9PmXPUWmac8UaW2tkQ3iYfoAAAAAAGy0DS25mXqPonJSTWIIMUjpZHcEr47sscww
sZLk5hrEkSyO9Z2//zeKMSqJiUJTGnkHowqqC3CUm6iU3x0luzIlusLu1W0/83SdZ1FJCAq+3zmv
R61fvyNeegAAAAAAjsPmRQ5qR1HZ1KYMR2AS64k27YMjWrW5yjKjqLi7FKMsSFED7WlHv3nDAxSD
dDZpGzZ2EniyqNYmKnnmLdWO72ngezqwoAtGe7rrFV+pN/+rB8sGOxpYnspktJyetToGSoquQkyS
wkDSjqRhr3Sq+jZJsdKjmrv8EjuJfcIAAAAAwCbZvADHnLamEFiVRAf6D7/3Hnk61jDdLd63eMh9
X9S+yf6mFmQ20j99wgN12yuepisv2pUryfr1mHSEGnoM+Tu2qMSlHZdcw+x0sQMpbMGpDQAAAABY
mQ0tBfq0YGzjrMCKpTQNE5s3wcjfT20gjaV/9/bbtRf2snnkMnUfcnfaRKXUB4dMbknR0WkM+9q3
8xR8Vxf4HfrYTzxee694kn7qKy/WwBPJo6KN+2yhTFJqWbWWCzXWKZdCPNpzJtps05xZywzyCwAA
AADoakMDHDn6NliJpmFizYpAh/lYrqDf+8CNunh8UJrnsPs+Tz8oWtaMZUf36NxQSsbnaWiukQ31
H//ll+i2n7tKt7z6a/QD3/RVnVMPHjTWQG9+2Xfontc9Trf//KN06aWns85TjxhnKQAAAAAcn80b
xsJnX/T75TvvB0Lu6tVP5CYzKYnSeIlwVDZMbP2C0aQ4qZ3hJgV3RTOd/9PX6/YXPTkLeoR9dT0O
0z44yu+msmiKSmVRSkLQWKe0k0p7g7GkREnYk6Jp14N2tadXfq30s1/3lRp7ojTsKipISdC95/a0
e2qogQ3kIWrXzykoaBBHSu2vNLZT8nSoj77wEbriBe/VWNPuao9C2x4i+AEAAAAA67WhNTjKvWi2
DxObNb9I5Z7KLClqJfQbBWPzmTcXoJcdRSW4SjU4pGimsUz7MdWr/+wmhXCnvFcMLJb+TmuMLDwm
xfvZcU7k2g9DKUgD39eO7+u88T26fPdAF/sZXTy+S+en9yjonBLdq1GSBWsGaVBU0Pl2lwaDrJmL
d+529XCCzwZ2AAAAAABHaUMDHFL/YWJPdunStIYCdHSpqMERJHMFd7lcL3vHP+hsuEJu487Bonyu
aJIszR4LwguVTbJx0Y/FwPeUhVtcUtQ4DLIaJ8F1EIaSm6LvaKxdyYNMpjRJNbJTSjXQx170ZUXc
xNce7KoGdAAAAAAAR2/zAhy1w8Q2ZzOrGZDIeg4vum1M1aFhy5YdJtZtWoNDHqU4rQWS+lgP+n/e
p524L8VdmVLFBf1xVJqo+FDyHcmiXGnxqNuuPMgiD5MgjimJAyUxKJE0kGsQY/Y6HUiKiiEbljUo
KEw6Q02iaaB9BY966EUDDU1KFBv32+oE1dc0Gmsa9DhZNYoAAAAAYNNsXoCjkBcI08nj/i1KStdw
tJoGSMkGJYm64uV/Iw3uVapdmXcNIpVGUfEwrYHj4VAVbbw0UonFxcGcpz36gUoTO7LYwsmuQwQA
AAAAm21DAxyelWalUlOHDku5S55OHyfBpNQcg5ROdkko7Z6Fi7uXak9Mm1BM+8SoL5ZHT+SS7vCg
Z/3c38gGZzUO7afLdJjY6rtZR6fJZH2W1b4wy/oV8SjzfJSXlu2wSSOQUtrWPi6rrvkPj5aiTwaS
Xa9o3Y8JAAAAAGD1Ni/AUSlv9+3ToDS/JSvIzAaYxCCiTfvgiNbcXGVu8Ty4oESzhzsbtrVJqlSS
p1HvuSfoJ99+ThZHigqyGGSeZqOblEybqJSPW6mJimc9pYZJ3x9uWd8fbqVaHtJctRJzk3lQ4tPt
9hDlof382JXrYknWO8ARJnmNpSF2F6MGBwAAAAAcn80LcOQ6jqKC5XXutNQO9Avv/bx+6y/v0m56
oIHvaT9coEQHTSmvKouSpBhSuY3lHQMNRS7c9L7/9MUKy1atyJvXdOjkNrSMcgMAAAAAWL8NjRzk
TSf6jKJy/7XsMLFSt0L5MJXcR3r+H/6t/vPHdxXDUDtxX65qLZn6JipV7pp08GGtOS0HM7LOTfNH
d6YDPeLiB8mXqFuxzDDDDBMLAAAAAMdn8yIHtaOonJDmJsuy9sLz0qOouHdqvnEgSR51INcP/OEH
9X/89vVFBZtE+4o6paBYHUWlIgtWZM1llEU5vLlnDJdkHqbriInMs0eQFjZNydeYKpEnO3ruVTtS
OF+JsnFX2gwUJRspxMOfc8EHSqKUKFC9AwAAAADWbPMCHHOi6N2ge58b/RPuN7v7rt72t+d05atv
UAy7Mk8k22uttbHs+upalvTZDVE7Mt2nX/yer9VOPKsYTMMF/bp41jGI2uuXdOdFpyGcwwAAAACw
Thsa4PBpsxQbSzY63uxsAHMpWaKMnNfU8NmOOydNMGbfX5gP25eniW4+u6dLX/wh7etBWY2H8XDa
Aeghm6jYJI20NDJJPkRsn9wOfKxBGrVrX5h0ZOo6WFAbyEK+zn77pTyE7dz7vVICAAAAACxjQwMc
ubzfBYqIhzpQxUgg1f04HSq2Rz58ILeRDsy1lwZd8NJ36kN/f6Hu250Oy7uKugpR88GB/kOxBu0l
O0riUH/8k8+ULJGpffjgxz7qYZL6D/nav4cQAAAAAMAqbV6Aw2dfmPq0a3BZ9vCTFRRZtvC8aJjY
2LMGR6pxUZp3jRXSgZ75Xz+op7z8EzozvHCS2WQyi8ksVtZrpoV9cMhMiUuDWK21Yq4sUNNlVBNJ
bqmGMVU011c8+EDmqVyD1uW+9PLT2XqWGHmlbolopqDqPgAAAAAArN6Glrqs8zCxWfOLVO6pzBKZ
heJxIkx2Q5w02aiz7CgqwZcbLaScuahEw3SkT5870OU/8S697ZP3aUdjpTaUyZUqqQYkvL3mSH0t
jUntk8nIKtmp0bPmSbhb/+eTLpRC+3IXp7fKLFEaXKmyR5f+RYLXda46liuZLH+yAm4AAAAAsGk2
OArQd5jYk91AIJb6eAi+VAWDmkT9cJ1fmmmgfR3YUNGCLCT65793gx74oo/optEpJT6SK1SCGa7F
/X5kU6Oy4x8lS4uhYi1m54LFupo9PvMoZXW8q1d811Wy2N6fi+tAUlQMIxWBlYXBifr5YpBShSw3
a+slFgAAAAAgbWKAo3aY2OZsZrUBEpm1Nz3YWqasOUhpqNhYruCiQwwTa4esweGusST5SO5RaUyl
ONIZlx7/kndr58XX65bRjnZSyZQqccksKrWoWBoGNk9LKteECNmGK0g+VBITBU/klg0Tmw0VOxs0
sOIRZXIbSW5KPNWuj7Tr90kaVpYYTBYLFvTAnYEUBxolQXIpmfwLCwNsQXU1jVyu++zBWc6IbwAA
AADAWm1egKOQF7y7/IKOZa1r9FJ3l/m+Hv2SP9dFL/qw/uILA50JF8jDWMFPSTZW8NKIJjOBFvPD
BwWS9JQSjRW1q/sGp3ReeqB3vuTqyjxjDWRuipJ+6wefqsTGSjzKOtUaWiTof33y7zVYVY0bAAAA
AECjDa32UCoR2njy3s7ipXxmxJWT0g/HIbh70XdFFjSaNPEwm8SQ1hPhiDK5gtxdB0r1Nf/5Wg3T
oNM7rmtf+o26fPw5pekwO6xmiqbKAK7jMK0TYZ4194iT512DBaOQaMdNZweum5OL9IwXfFR36WPV
mWws96ESSf/04ftyi1K0bC/1CErkzYfKiyTR9Bt/dEO2h6nBAQAAAABrtXkBjkpBsG/NjXJwI5lN
bHtNmqc0dTLauqiZrKGiTrT17SFXlCYj2exL0lgaKWq0Lz36x/9IrqhLJH3wld+gh9jtSuIpDaIr
CWPthyB3k4eB3KOy+hWpZCbXQOZxMoRs0NB3FOOB3KTB0JSOhhrv7mkcT+vzZ6K+4aeu1W1KNG4Z
HjaR64ow1k461kESsgBK7+Fzs+NTXsoHQX/xyXsUJ8ePekgAAAAAsD6bF+DIVUZRgXnvMvdC86N+
HJUomXSH7ejKn3ynNBjIxlGnw1gXX7ijF3/Ps3T1I4e6IN6ji/ysTDbtWcOjxmFHNul35Oadi3WP
PVjvvf5Ovfw3/qduu+dAB0EKOl+pn5OUZDV5vD7AYR6U2lgf+8WrtScp+NlJtyeHD0e4n9FeMCVx
qLGNTky8DQAAAAA20YYGOCY9a/YaReVks7zzzZogRz5MbC7p0bbi6LuGMLm5Bi6N/UAyKRkfKFXQ
uTjQfXcf6P/6+f8uTwZSHCv4UFE7ku0VHYbYJPhQjRcEJQpKbZDVHJkEKqRsCOEmbkHmUeelZxRs
rDQMJcWs5ogljct1cd/gQo3dJWsfuQUAAAAAcHibF+DIYxv5C090HMXwTRM0Kd+X+nrId5O79x4N
xd0nfZYc9b51yaXxZL3mPmk8knUm6/mWpePJ3CNlc3sloJGHOqavolJNh72dhjRskuJ06Xx8Fg+7
Cj7W7a9/pjS+p2gC5Oa9aluYvOiDIzVTolQWXS94/R2TzkrztVOFAwAAAADWZQuqRlAolLLif7lz
zeYBUvtZdbOX7lyaCVpM35995ZXRXrzybD7sMZve7FqiJv1sxH295NlX6qLRngY+UNAw24c+Mw7v
wi0x+aQhzTAdKMSgkZ2vN37g03KZkskcAAAAAID12bwaHJKqo6ikyn6PHx5nho7PpJJFDNnIIkPv
N5KIlyMDpWiGWVYnwtc1TuwmMyl40ECJfvSbzteeW7Y/Yh7x816RIte0PxMPB5IPNDZp7JJspKwu
Sig6XQUAAAAArN4G1+DIG2FEMf5ENuJJeSjSTgGOvM8Ks9omLE3vn3TmQTEJuuX1T1VqA52O57Iz
LexoWguk+zlX3oNRiQ4GI73sD26TNMj6j/GghOAGAAAAAKzVxtXgCJPq/sM0mfRfkMVgos3GYkq9
LNi0h4PyfFnZ3RWT7K95ojM7plDt6GOjhUlriaiBoo3kFiSZgkseTB4TBUsno4SErGPM6JJFyVxh
0gFptsU27cfDTMPUlCpVIle6RftkKTZU8JFMAw0S6ZZfeIrScapgpv2wq+CuoP3SXlgu9mdy7Y5N
v/y261U+R5u7OQUAAAAArMLGBTiiuxSChjZWEiejWJhlo1GUWekX8ZAXRm1StSFvaBAr8w7TkS7a
31WyRQX5xBPtWCq3qNMjU5okkrL9koykGEzRg4omPC5ZiMXzqKDE8w49s7FGcvun9rWjRGlIT34l
GR9IGiuGsT79i9+oXd2p1Pcl7VRnM6l/TyZR+TmXxKBzyYUaJSlRDQAAAAA4Qpv3s30ihVRZrYty
AXG2zNk4dGyszluaz2SSJQqeKt2S0mdIJKWh6E7TQpwcsemhmz2IPqkH45P58mYoWd8d5e0eZJ1g
+mhL9sbydiSlMn3u567W+cO7NfZUp83lYbcyXxbgiHKlCjaN/6U1p9u0ec80wLGTRD3y//qIPj++
n/ZvAgAAAADHZONqcCivTDBb4p4rK7ZUOajMG6tv+7aENjIxlSrbUDytjiUys1Rlal7O9rmZs+4v
j3p/ZLGroUyj4r2wjnxYInOXhaiDeEp3vf7LdOH+vdqTaccGSlXfEMW9Xyej5gz6hzgAACAASURB
VIOiEdAXTj1QN6VBwSfD1gIAAAAAjsQGdzKKk8mUWtCORnIN5DYsupJdtR1P5YNdPUDSnb/4j5Xs
B51JVr+mcZAU9mRyPe47365oQVG7C5cDAAAAAKwOAQ4csaxWw1iJXvCshyuxkUx5x68rXpOZ/vLF
j9WnfukpCuYKdqDQdXzdHoJLB+E83REHGntQSA8kHax8PQAAAACAZpvXBwdOHjutge8rVZQmo+T8
3Wv/dz1k9Fm5dnXV6/5af31LVBL3NLZE8rHy2JspKqhcwyNMuiDJ3hm4NFaQWZR70ECusble9u+/
Tf/3429USA/kFqoneWlo3BCqMT6Tsv5ZLHbvg8OlRGM95N9fqzu5nAAAAADgWBDgwNplYYAgl2lg
rpte9TU6Fc9JciVmSrQnaVdvvMH1/b/2YZ1TNhSuyxSUKsg1LtXwMLk86zK2eJZIeoi5/vClz9CX
nHeg/WHUKXeZoqJsMneeQHOAQ5Ji3wCHXNfuPURf80P/U+6j+RkBAAAAAGtHgANrN1DWqagnI336
Z56lLz64RQdJFppQNI1tVwPflynROCSSpfrM/oP0e39xl/7Ln35Ct957IPdSkw8basdH+qoveZi+
6+mP1D/7x9IFOivXWIPxaY0H9ylJBxoPXHmNj0rDlJYAxzKjqCQa6MLve59G1aomAAAAAIAjRIAD
a2GyyYnlUggauuvGlz1VD0zOKdrOpOlJVJQ01q4GOpAsTJaIsjDtIMaDKbVYjFQSJxMsHUjBFXyc
1eGwSdBEQW6pgpk873PDSqf5IQMcWdjEJIsyDfTPfub9evtngrLharicAAAAAOA4bN4wsTgRsmYk
w6yph6e65VVfrVNxX1E7yoexTSchjESjrKGJ5Y1ZTPIsVGBmsigllmSVIyzm3W9I8iyMYkmx1iyF
KHPLwnfm8zU4Flg0TGxwUxpSJb6rG87s6o8/c1qJj5TamPgGAAAAABwTRlHBWsRJjYqBXF941ddq
x8faiXsLTrhuYQiLQfKgUqSjVh5rWPm4KSEq687U9OU//i7J71NqabWfDwAAAADAkSLAgfWY1Kq4
/aefokvTO2TRdZ9dpBDbghJ5gKD9tDzukzZ60Kn7xrr8+/9Mp1OXzLTrLrfhMecMAAAAAO6/jrus
iJMkJJJOaTjpgePmV32dTsezSrWrRFFDHRT9Z9TLgh91rTxCVFFjI2uq4q39eZanhRU0GxmFRCML
StxlUfryV35c+y7taSh3174kxYNFyQAAAAAA1oQ+OLA6cSjTgUbBde8rvkphdLdGtjMZ8HXSz6fV
NOOYfc/iwr4sLJqCWbXz0DU6le7JLesT5N/9wR267uaxXInodAMAAAAANgM1OLAyQ+3LLeqOn/lG
Dffv1jDuKTWXW5QUJzUw6gMCMY9x5PN2cESxDUnSSOdp3y7Sb/3Pm/S77/hbuZmCuTQYH10mAAAA
AACNCHDgUIJMUiKZNLage17xDF189kb5YEdpkmgYowaeKCjJhnKt64jTvVczEg+xeDTna9o0Jfbo
+7McNBknqZI0UbSBbLCnn35X1PPefMtklJdU0aNEfAMAAAAANgJNVHAIYdIfhiQb6OaffppCuj8Z
TSR0br3RdxjXrvoENuoMx0ONhvtK/bR+9tc+p9e8/06ZTLFDExoAAAAAwNEiwIGlJYqKyVDDdKzb
XvZkDePtMt/RueH5SjxVVo/CVe0O1DQbzrC6fjlWKHj3YIebJl2kStHuk8fTeuarb9BH/uFOBYty
ucxNToQDAAAAADYKAQ4sLTWT4ki3vfxpOu03a1/na8eTmfCFS8qCHaZk0t3oTHDAvTbIYbNVOzxI
FmWToVi86Ll0XtRytUJMJo/nyexuDcJA/+g//IXuTb1IEwAAAACwmeiDA4dg+qcPe4B2457cz1MS
k0lgIe2dkvt8oMJbIhRuXgwbu0pRpoHO6Tb9I533vGt1R5poPxAHBAAAAIBNV/NzOtDHQDsa686f
/lrtjO/QQTJU4lFeVA6KsjCtwRFl8iSb4u6VWhYWQmkUlax/j8RM5llFjXGQZFGuUAQ3mpq3REk2
Cd/NNVEpLRNCNcZn2tfz3x70X95yrdyDTCEbBcapvwEAAAAAm4wABw7BNJBrnAQp7upHv+4y/adn
XSzXeUriSEFZ4xQLqUwmU5gEOLIAw3yAI5EslZQFMVxSMFOoBDiy0zWv3dHUfUd7gEMyD3KTQsgm
mLvO6LS++AferXtDkDwqcSk1aeAMlgIAAAAAm44AB1YmkZTajv7sp79VT4x/rQtHrr3BjhJLFZX3
maHGqES5Bod5Fp3Ia2gUAY6JLK24VA2ONAwVwr0K4ws01H3ycFpf/oqP669uHcviqLa5DAAAAABg
sxHgwOqYJA1kPtaDZfrrl16l84bnKcazsqFpnKaSEpnVd/0Sat6uC3BMOxet75xUag9wjEOiEEdS
coF+6a3X6afeeVba358kTFMUAAAAANhGBDiwQkOZRnJJFgaSRZ3nrr97xVN0Oh0rMVeahMkgrPNC
yPreyB7VPjYqAY4wDUIsE+AI6Uj/6s1Bb3nXxzRWUAhRMe9jg6sBAAAAALYSAQ6s3dCyPi3e9l1f
rKd96UM0iGc1Crsa+p5GNtR+OKVhdA3DniQrOhE1rwYw3LLAhYeofATZfHpUUNBIpig3KbWgaLtK
fKyhXAdpULIz1ON/4i91y5n7dM4GSny8xHgvAAAAAIBNRIAD62cDmaeSXLKgS3eH+vUX/yv9b/ZR
uQ0U4kjjRDILchvIPMqUBTgUpvU9ir8zAY4oKXHXyIIGloVI0hiVBNMXho/Uv/2F/6V333CPxhpI
Pp6kYzI5Jz8AAAAAnBAEOLB+yWkl6b5Sixp4dsJlnY4ONdBI3/joh+rV3/MYPWznrE75SCNPJmOo
SAo21ytGOcAhCxrEqFGyo+hjBZle8/ab9fp3/oNuOXDJJ0EMk+QDSeNi5Bbn7AcAAACAE4MiHjZG
UFCU63Q20KyufNhQD7vkPD38H12miwZZDRBXlCU7+vTN5/T5O+/Rp2+8R7edcx0E0yhyKgMAAADA
/RUBDmwOSySf9IqRZB1uJO5KJB1oIDOTK0ruCmYKSpXKsmFdg0kEOAAAAADgfosABzZGPkpslClk
oYzsXbNp4KPMpMRt0uSF0xgAAAAA7s8IcAAAAAAAgK0XFs8CAAAAAACw2QhwAAAAAACArUeAAwAA
AAAAbD0CHAAAAAAAYOsR4AAAAAAAAFuPAAcAAAAAANh6BDgAAAAAAMDWI8ABAAAAAAC2HgEOAAAA
AACw9QhwAAAAAACArUeAAwAAAAAAbD0CHAAAAAAAYOsR4AAAAAAAAFuPAAcAAAAAANh6BDgAAAAA
AMDWI8ABAAAAAAC2Xu8AR4yxeLz//e9fOP9zn/tcpWmqGKNe8IIXVKaZme68885Kmm0PSQoh6J3v
fKfcXWmayt1lZgphflPMTGamW2+9VWmaKk1T3XLLLfq+7/u+zuucfZhZr/2V5+EBD3iArr/+esUY
5e6VNG+55RZ9z/d8TzFvWQih2H+LHr/7u787t2x5+nXXXbcw/9/wDd9QzP+6172u1/a25e2uu+7S
e97zHj3wgQ/slObXfd3XFcvu7e0tnD+EoMFgoE984hPFcu5enCd33nmnfvzHf7xYd5IkkqbHZ/Y8
y6cte540MTN99rOfreQxf79tmbe85S3FMtdcc83C/QEAAAAA9ze9Axx5gdDM9JSnPKVTYTWEUDtf
Hpzo84gx6uu//uuLdCXpN3/zN4uC4qzLLrtMD3rQg4o8XH755XPb0efRtJ46SZLoqquuUoxRd955
px7zmMdU9kOe5mWXXaY3vOENStN0Lo08qLLoUWd22S/90i+Vu9cGg3LlYxJC6LW9bfm7+OKL9Yxn
PEO333670jTV7/zO77SmVV7vosL/ZZddptFopNFopCc84Qlz8+cBple96lVK07RyHPMgSN2+zN/v
up2S5NaeZ3fXwx/+8Mr59LjHPa51P8/msc8xAQAAAID7i0M3UakrlB+Fyy67rHj+r//1v24MoHzh
C18oXn/TN33TEmuKpUc/11xzjT70oQ/NpeWeymxawM7dd999S+Svn7z2yPo17zc36Tn/8l8q9dgc
bDHJLWaPln3/ile8TLfc8oVif0qqbN9skGI8Hs/N04Xb9CG5Fm1fk8c+9rFz52qXmjUAAAAAgHZL
BzjKBccf+qEfaq1J0NWb3vSmzrUnbr/9dl1//fVFXs6cOVNZfwhBb3zjGyVlhdnxeKy3ve1tkqRf
+ZVfWVgLIq/xYZaUHt22z8z0/Oc/X9/yLd9SKcA/9KEPVwgDhTAo0hsMBjIz/fIv/7IuueSShb/O
N+2bEIKe+9znNi6X1wJwd7361a9ee4H6wQ9+SLHfQggKIWg4HOqmm26SuRTMFGQajUbFdlW2U6ag
REGJrOE0vfrqq/WTP/kflZ3GWW2TJz7xiRoMBsV+zdcdQtDLX/5yXXrppb1rpYQQlNj08cY3/l6x
zr/8y49VjkE+T9M6rrvuOknZ8RiNRgtr4QAAAAAAulkqwOHu+rEf+zFJWQHwda97XVF4PkqPe9zj
FGNWC+D06dN61KMeVZn+7d/+7UXhcTgcHmnefv7nf16Sij4gQgj63Oc+Nzdfnv/v//7v1/7+/lry
4pK+67u+qyhE/8iP/Mgaj1VNjYZSXxgPfehD9dVf/dXFtBBMP/zDP9w7P2amd7zjHZV1JEmiT37y
k3O1VPL1v+hFL9KZM2eW2KbVMDMlSVLk54u+6Ism70vPf/7zjy1fAAAAAHASLBXgMDP98R//caVQ
evPNN68sU13kNUie/OQnF/n41Kc+VeTv3LlzlQL9UfZdcMMNN1T6DCkHV+ryUO5sctXcXS7XTTfd
VOmT4yiaw9TmxV3vf//79Xd/93eTIITrNa95Te8aDK961asqrweDQad9eJz9V3zv935v8fyVr3yl
br311kl+XK997Wta+0YBAAAAALRbukR1xRVXVAqVl112mc4///wjrWrv7rr22mt1cHBQ/GJ/ww03
6NJLL9Xu7m4x32tf+9ojLdg+4hGPKJ7/9m//9rHUbsnZpCnIlVdeWQRa3F2nTp3SRRddtIY1djul
HvnIR07OlWz+8vHq4kd/9EeLoNV11123FR1v/uqv/moRzHrhC18oSZNaO6FXEygAAAAAwLylm6g8
+MEPliR95CMfKWpTnDlz5lgKmqdOnSp+/b7yyit16623FtOOo9BYXud3f/d3H/n66zzykY+UJP3p
n/5pkb+77r575evpc/TL++k7v/M7e60n71TUzPSEJzyh17LHIa/NM1tL44orriiedxl2GQAAAABQ
71B14mOMevKTn1zp7+CDH/zg0ml967d+a6UzzPKjbdQLM9Ozn/3s4nnuDW94w1J5WVYIQbu7u0qS
RJKKvjf6aAvI5PshrwUw+1iUtxijnvnMZ+rg4KCY/zN/99mVdXIZY5R3DHHMNhn6gR/4gcr0tu3K
h6/tMiJMvl1dOvNcV00bM9O73vWu4rz49m//9uL9u0tBpic96Umd0tuG2ioAAAAAcNSW7oPjS77k
S4rnT33qU4tC11d+5VculZFFBexFBdM/+qM/mivslvs8OCrlwmeSJLUF8KYgjrtXOuCcVS6s12kL
pjzsYQ8rnj/mMY/JCvuSHvnwRxQdXx5WCEFB/QMldetuC0hkfYkkrQGLj370o0UApBwYijHqec97
Xu1y6xrNxMz0tV/7tcXrN73pTZKm233zzTcXtaCe+MQnHupaAAAAAID7q5X0apg3U3H3oqbAspoK
/mmaNi4TQtB73vOeuYLfF77whSPtuHG2BsAyQYMuhdem2htt6ytPu/HGGyvH6ODgoHc+VyHPU958
o6vyPtqGIVbz5kFS/b6e9kciXXvttUeWLwAAAAA4SQ5d+s9/HZ8dKeTLvuzLJGUjm3Qp6JuZrrnm
mqwWQM1jMBg0LpskiZ72tKfNFXQvv/zySh8H6+buGo/Hxeumwne5aUWXZhZlTfunaZQYd1esaTYy
GAyUpmmxzDd/8zfLzPT5z3++c14OIw+G5a655prOy4YQKtvUJcCxaB+vs9nHxz/+8SIQlSSJ0jSt
1Cg5d+5csf628xwAAAAA0Gxl1RvcXa9//euL19dee61CCLrvvvvW/gv7wcFBsY5HPepResYznlFM
+/u///u1rnuRyy+/fO69EIKSJGtiMRgMjmTIVq85BC9/+cuLphFvfvObJeWjehyNclDh137t12an
Soqlx1SMsXjH3XXVVVdVppuZrrrqqkozl8985jOrzHlj3maZmU6fPi2XZ8cgmNzam+DkI6zM67ZO
AAAAALg/WmmA43nPe14xUkQIQZ/5zGf0iU98Ym2/jpuZXvrSlxbP9/b29NnPflZ//ud/rvF4nA2R
GoLe8Y53HFkzhtlmKh/72Mdam8msu8PIfJhYm1mNu+tlL3tZ5b3Pfe5zKw4E1EuSRM95znMqefnc
5z43M1c+hGz+UGV+jadNlt797ndX9vEynYX2Oz+a81YWQtALXvCC7BhYkLmUWFBi1WXyQEee75e8
5CVNKS5cJwAAAADcX628pHThhRcWBbWHP/zhuuCCC1a9CknTDjVf+MIXFoXZ06dPF00+dnd3i3mv
vvpqnXfeeWvJR50f/MEfLJ4/6EEP0u7u7kb2ExFj1M7OTlGL4yEPeYguueSSta2vXJB/4xvfWOyT
22+/fW7/LBod5lnPelaR7/PPP18XXXRRsY46TU111snd9ZrXvKZ4nXcg2vSQ6mt2lIMfjKACAAAA
APVWHuC47777tLe3JykbJvXuu+9eS+G+3N+FmenXf/3XK7/ixxj17ne/u3h95syZIwsy/NIv/VLx
3Mx09uxZnX/++Uey7j7ygvONN95YFJxvvfXWta7zMY95TKWfEnevbcYjy5rVuKk2LPGud72r8vqO
O+7QpZdeupGBpNxf/dVftU6/6667iufvf//754M+pX0CAAAAAKhaeY+G7q7zzjtPMUYlSdJr2Usu
uURPe9rTGqd/4AMfKDqLfPazn10ENNxd/+bf/Ju5+Z/5zGcqTdOioPg7v/M7eu5zn9srT8swM11w
wQW69957i3Xfe++9cnc9+clP1qc+9SmFEHTRRRfp6U9/eqWD1kWe/vSn13aYmSSJbrnlFl1//fWd
08rTefSjH130vbGqAMGTnvQk3X333briiiv0uMc9Ti9+8Yu1s7NTpJ+mqUIIesADHlA/TKysGHK2
Lkf5eXb27Nmik9U8OPP0pz9d1113ndxdF154ob7iK75CD3vYw7JmOkcUHDAzvfe97y1e33rrrQtr
X1x55ZW64447JElf9VVfVRkdJ29qFGPUJQ94YOt1cu+99+oTn/jECrYCAAAAALbHWoZsMDN97/d+
r97whjd0XsbddfXVV+t973tfa7q5t7zlLcXzptoR7q7HP/7xxS/nz3nOc/Qd3/EdhxrGtgt319mz
Z/XoRz9an/70p4v3zEwf/vCHi+dNy7aZ7W+i7Pd///crfVv08W3f9m1605vetNSyVVFS0Fvf+lZJ
89uTb3veyephhvHd29vTZZddpttuu63SrON973vf3D4+jqYd+cg+7q7HPvaxjSPd5Mo1OMxMp06d
KmpDld9fdJ184AMf0FOf+tTDbwAAAAAAbJG19Fbo7vqN3/gNpWm6eOaJLjUH6vpsuPnmm+cKgeX5
P/WpT1WGQx2Px4cqVPdx4403KoSg/f39SsG2aejY0WikT37yk61plmutRGUPz18vGbgZj8e65ppr
eh2vrsp9SuTbeOGFFxbb0ZznbiOV3HHHHRoMBsU5kO/n2X2cvx6NRvof/+N/rCzg0ZROOeDi7rr7
7rsXrtPd9cEPf0ipR0W5brnt1sbtqIqVB/10AAAAALg/MtV3cYA1GAwGOv/884tC6ng81sHBgcbj
8dprldxf7O7uamdnp2geFWPUaDTS/v4++xgAAAAATjACHDgxmpqA5O8vaiICAAAAANheBDgAAAAA
AMDWO5rOKAAAAAAAANaIAAcAAAAAANh6BDgAAAAAAMDWI8ABAAAAAAC2HgEOAAAAAACw9QhwAAAA
AACArUeAAwAAAAAAbD0CHAAAAAAAYOsR4AAAAAAAAFuPAAcAAAAAANh6BDgAAAAAAMDWI8ABAAAA
AAC2HgEOAAAAAACw9QhwAAAAAACArUeAAwAAAAAAbD0CHAAAAAAAYOsR4AAAAAAAAFuPAAcAAAAA
ANh6BDgAAAAAAMDWI8ABAAAAAAC2HgEOAAAAAACw9QhwAAAAAACArUeAAwAAAAAAbD0CHAAAAAAA
YOsR4AAAAAAAAFuPAAcAAAAAANh6BDgAAAAAAMDWI8ABAAAAAAC2HgEOAAAAAACw9QhwAAAAAACA
rUeAAwAAAAAAbD0CHAAAAAAAYOsR4AAAAAAAAFuPAAcAAAAAANh6BDgAAAAAAMDWI8ABAAAAAAC2
HgEOAAAAAACw9QhwAAAAAACArUeAAwAAAAAAbD0CHAAAAAAAYOsR4AAAAAAAAFuPAAcAAAAAANh6
BDgAAAAAAMDWI8ABAAAAAAC2HgEOAAAAAACw9QhwAAAAAACArUeAAwAAAAAAbD0CHAAAAAAAYOsR
4AAAAAAAAFuPAAcAAAAAANh6BDgAAAAAAMDWI8ABAAAAAAC2HgEOAAAAAACw9QhwAAAAAACArUeA
AwAAAAAAbD0CHAAAAAAAYOsR4AAAAAAAAFuPAAcAAAAAANh6BDgAAAAAAMDWI8ABAAAAAAC23uB1
H7r10ImY2SFT8Cwdnz4/Tt5hc6wlmzbzt3h/Zj+1pdE1L4ff95P1eHNmTKZsNTa3TUetad8etUX5
sNLE7I8Xz2xuvvJ+nVwLTdeBz78wyxIq8tThnOh63mSXZPuJ2nbuLM0Oea5NsnTc58kmMUnyTdgn
Pvnf1XS/X8k53Okc8lIWptdotvzkT00Wq9ew1b/fkr/GKVafVpVXppf/5ncYs7rpXuSpMm3mvWId
7tP35j7Map+WcjBNp2mL5nfP/Bb7zN9suerK6/aDJJmX91P1XJveK6f30Nn7Z3lfBkmh9NfMsuOe
P8+XmTzPps+nPb+BpXzV3EeLnFQS8Ln/K8sU5332N99dxd/i/LBi3vpztbT3S3nL7/dRUpxcPtHr
r+Saj6tpvn16VLzYBa7p10CXl+aZXqrleUppTPa4y6qXdZG+T9cz+3w2f8XyVpove91musfmP8F9
NlOa7svqOqvTqvn1mXla8mOTfVF8Gak/Y6rrkeRW2o5581dR+WV9fsrfI/p8W5hLrWHhrp9pPvkA
zP82zNS8sqbM1yXX9r0ov0ZL943q5H6f0uVzqzinZtbf9NosaHIjU/VL68x5kS1U5L/Iq0qL1dxr
ivmKz5PJX/fKrq5+Jk2Xrea6dD7b7J29eq1Oz+H8PpL9jfnr0r2myEnxvHQvmctDnpW6Y1T+tJ0u
2XRdZ2/Y/P1H03xU7tt1+ajhk6wsuta6lHXLiebX8Tq+8vdVZKFlG6jBAayZL7zN9PjQLy7m2Zvk
Eml1cUx3suMvhOM4dblmFieyTBr5F7hOc02e91/P4bauR3By5lVbXpsKo7VLzNxvZr8KN325qyTh
qhZgO+4Vb1h5Xf7rUp0GbWqKrJMv9tNgR9PCswvWFUoOfxfLNs9L53KHPdUwse1yaD0rljxZm86n
phlnj0ZzWbI99OcNWa4WHOrX4ZU3V/wp1PyRvSarPx9r0yrKxUfwqV2zitWvteGu1/eArejHx06r
qtkLi4ImrUGUufuqt99AWpJpUwqpzLzfFBZfbmWuxqO6OAjQdf0r1HyHQsWCk4MAB7AG9bel1d6s
fObvdMIKAyrbigjJdutwgq4kCNJvlYeav6/29Ft+KW17b+5XokWpTIrYnv/OPfPNtzaQUBTLZ95p
KeD6/PTm+5tKeSkVShtXUr+VXW8R5VoQs0seVZ3GrOA+W+epW7Bq/uOgrvC2/mupKQBVfq8tF50K
ItUIRRHwaEssX6R67lV/ua0JhfVSf94f4afwElnvlDube3L4NLuscwWXnbvXP7TgftWHWf2jPMvc
It02bnY2a6gN0p7GgmosNRHD7HppuQs11RyYW9V8EGMVd9O6z536qU3LNtafnpn5iK7fE/9l/XBm
r9fygwAHsC61X/47zb7SedeVQpbK5t59iXGccCs89doK/G3VOI/37G/IWMPbjXmd+bJa+VI4s1A1
rJBHJuaXryzu5SeLCw6NMYqavNSl1PR+F233jKxcNdNcZGEtjo66ZncFJ1yfL/xdVr9slprPx+br
sen1/PttzU5mz+PZ5duqni9rAz4nV/SBWAT1ilobx/RJu0kf8MvkZbY9R69Fu+33lTR9qbxeNH8P
TVmx9sn9Ejuq5ZtSXDbdLmFsLEKAA1irDb09dchWtyj2YTMCrE/35mFzxfKN1xaUaV+u25fWuZiC
z0+bxi4aUvHF6RePcom0Jm/rOCptvxw2lQXmK/43f4ldSxls4Y7Id/rhgxcLIwxd0qk5B/p8ttRv
Ss2e9frg2Ox1Uj5V69Kez9sqqgssWsearLXmxiZFGLrr+6PMpn0alIMUywRUe/W/1nHaKvfRUrXi
Nu0g9dBnPyPTdb9sTIBjO2+VQLN13ZzKvyi3FR5WsKaVpAIsYyVn3xKJLLPeo++HI1ffZ8FsmKAp
UFFrptTX1KdBW5J1NTm61OhtKmS3/6LvjdMbdenhu23x2T4Ijtzh8u9zT9RygBrOrPqnrUvXLVd3
rixKs+2cKGbxDlflXODhqA7mEsdv6ayVz9WT9U37hG3OcgGLmuUPGwSpM3/vXfYcbqkC17ZYD12C
6nPTju3rbv2K+fa9QIeTYmMCHMA2OuxNaKkARcOd2DvM0wt3WKxJt19wF3+F6pLONp/G67m/dPy6
2HPl873DL5Nk+wgO83PXve5w1nTctuYW6uVSenNi7atZV/2UFbVknz2cR7D/3QAAIABJREFULbV0
ap42vp7rJLZh3sas+HzhykvvzQbTvJT3yogo5ed98rOAl/7PnnW4EDqsbL7Ke9fjvCjxvs0W+tm0
++/a+s05ZLJdFq8fuKN+i6qBj9lF2tfW9fSsDRS0ptzNMn1ytN0/6qb77GfNzD7ZtPMWMzp8jBPg
qHHCgsLYML1+7Vqjww7vupbhYVeJC/lEWFWQ4zBfxpY50zfsB6EWTb3C1STb9WA0fKnsmre+v7xb
cYSbvppX/1rLSuq6l+yaleo9sWkndE66xYKb27JdgXS8p9fNVrtk1+BHsauq4YG6ENDcKCiz6yjt
9srwmeWla74c12/64T5E6q6ZJWIbjfr+OL94JJ31fWhu+LeFxVa4a2aH6+6y6kVLtAcF5oMgzSn1
O1JNd8r5VNq3Nqvc0e++5tX/GtdfmWXB5m39ebpW27V3BsedgTrHVS7ZrkOHk8fnXh3mWjjM8pvc
eShOltkzre6cXTRP3dnaJZ1Vq15zfa/A+nkPex+oTat4YtX35+auLuiqad0x02Rudvps2qvcnnZd
Q1/Zn25VuV3e9BtwZcO88tK9ZZuP6VbbtCXTIEf5+M8XXxYViOf6uii9ubCsUZqhHM6Y7z9jmo9K
7YzqTHNBjUqwY0E+lgmCFlu5KOrT+O46T4rirCytpWe/DEd0ER/dvaIjU+2hsbkn/ZNte900f9NZ
YpLcTDZTC3I2+w2bU0m9LnDR/TOu5X7ZMReHVb8V03W37SG+BW+3javBsVE3M+AItAUTXLNfnBb+
BFN6fYjb8wm4s5+ATTjx6o5Rly/6PYquS10HR1U7aZnC07w+VWsXVXFfnKO5ORb8Qt2Uxuyj6cO/
0z6qJDS7VMtvjLOl4cnrcg2P1q/vlRFk6kr05amz/2pnPBp9Vjt7fMvb3FSVY25XeOVZ+Ullik+f
z33u1QQ3ZrNYdzhngxsdbjq9d4+7q+isZu5cbF9X3XyNt5+uJek1fJHOA0mz71Relra7aRfUXvtH
ZRX7ZVqdotPMdf+WXq8a7uDlGiFNw9DOLl9ZJn+z/aetljtp6/T6DC14b6H5tVSvf6+5P7WvvFP+
sTkWHKiNC3AcJ4Ir2FStX84Ok+6SBbmNb56S46LeSuWCyWHTWZVlghFHtf5FQYdDr2Bm+lzBZOYG
1VqGa1hPlw4eG2tOVF7PBi66LLTo/QWz1BWQi4Jec5qHK+Ad/ubWN5xVd9+vO7bV0MNsiKN+Pc0h
qebgRlMAY/YUqEyrea9+exbvX89XVrN0h9Okh5amCV271Jlb+XzBruvruYmz+7Bhnx7iqts8rfs9
i4K0zdLUJKOtEUqf2EA5/dnmLV3vHG2fZcseM2t6sUxnqLUfLLPX5BJJodE27aeNaKJCGQTbxrXq
87b6xWhV1evrlllcvb/LO/3XcxyO+2a8Cftgm2XXQv0V0fUabEujfblS5doOtWgra7Dadxcvt7Ql
qvnOrNhV0/ykTxL5si01MRq30+qT6B+nmCkJFxvU/FV9UZ2W+pXO1popnSvuPUqdNVltylzNe7Vr
sfkCTWsW2rLbJ6pWE9xoCmw1xARagwLTgMRMEM3zNdl8YKOS9kzO5vLbsOLGyfOBtGnOltmh+Szt
85jNzzL/md71jnKIKvkNm+lN0ztf1J1W05+toTGENd8z+xyBLsssmuY9nk9fW+20rsqfrflx6nS8
Js1nqrnpvo3Fymffq7kmZ+ftt52r/6aPw+lz/DYiwJHjNMI2cvdO7bfrC0Aq7skLk1jQW3/th0vd
MrMrWvCFqu6LXKe8HccYbnWf1Md5YznuCMsJ4JOTuino1ynI0ZJG80KTvzb9W1cQbbyui4kr+JLk
pfU3zjRTgigXnvMvoI0ZrSxSeWJzMyzYkV4TUlr8jbc+H3UZzGNObcGN/PVcQdBnb5CSLzox6vd6
032/PHc2T1va5Xx3jXCUpqzkHlu3ffMRiPmmKaUaAAuDAc3P5xfN1zd5XgmMzAY3ZvM+PffmAife
8Lwhb3Wvu09smH1uBU1b36bmmC8aFWNuP3U3zU/9NdCa7uw9tD6Z6XegJfLXz2FDHDb/auVRk5o1
NjQ7qYQIzIrro/Jc1cNQXabunj/z0uZrV5XrkpSuuLkcHuqYlmqfdN69LV9V2+47XlqLF3nPbxKe
9WfSNQ8nWc29+MjN/BjSdsxpogIcg4XxAmn+i3iXVNdx01kyyeO4AZpsZeO+rwLxjXltxbm2pQ69
LycdrvX+BWeJFVcKUR2Wn5+l5zlcU2Bbfn9VS4a1RbDZwuPilA6Zp2bTr9L1rxd/5a0v7c5/aW9I
pVJNoGa9rdGa6qvZx1HdQBr70miZ12tmrHtWfjmX5GQjK3ut5tyaXWM+o5eWbhoC1ksTOwc3fFGt
q+YDU5fXch4a11n7RheH/bw7bOCjw3zL3UZ7r6vJ2r8T9Ey+LWjR6T3Llp+dXhtHKq9nmYJ64/XY
/n7bMeuSh8McMW98UU159nt2XZ6brl0ck6ZAXA0CHDM2p2iErZB/cepzA+zyi94aT8RVBx42sT+O
jbmONyYjW262wDI/aZnkVjafpKKGxeHN1rDquFjjfB1+YW1LoKlwUjoY88el+VvIfMH9sBeJz6RS
Xffc+66aL6zlAMlKQkOLU+kw81GOZuVeGqVk5iDV3+O9MlvtHvWZwEPb/KXEZuedW87rgyLlwnSR
3Ozrtr06c0436nRYSgGYhbUk++k5mmaXFHvdZlZ+Vh7B5+Thf4Nf4U63yp/24IbVvFf7bH65pvSb
sloXoGw61m3nQLf7VssO61gjujb60pab4okV628MavDlrcXmfeevs1FNVHLHdVptxyHDSTXbFtrV
8VpwVeprd16uU9JbdFVsUM0NdNd0hvU5msuksex14lbXPGLBMh2bsVWVq83qEC1dSgu6lrtOXMWP
2nOVj2eeTueZm1x5b9Zqrt4u4a+ZEmxd5uYyk73ZegjKN/CZcWHrAgSH2d713em8tSw+tx3tpZyZ
p9N92LR4dVq5CFMupFQ/62ZjMvOBlOnxbiysLbdZM2lMz47FxcOalS5Y77qUQ3uL7qT1U+vvBU3z
L3vtr/J7zdJKu6g2L3Wth5YKN82/akulyNbkSfanejznmqdouk+br8PStTNXo7h6PyynddT3tqbz
zH3RN9jZpinNN4KNOP82wRYVCTauBsemnECbkg+cXF3uE0vdS1ZZo+KQSR1lgGRxhU9smkUFiaZf
C/v+2lhXOOqeznLncN+llvulrMuKmq4Fa5nWsLKmQqKr9YB1vde1HfPOCTROrMtJ9npRwKrYS7PJ
zBXi69fSlqOlZzySW1z9AfdSb551xfS5WhvzYYqW5WvenNnfPjMtuw6qv9R6eX2zm5Gfy77Mx2Xt
FjdO65zKUif9sidBz2tfHbLXFsvptabVWlnzlLbqFg2zLleXZsF75UCzza5pfs2z880vk1vu0/DQ
x7bHLlrxGVubauN9fANrKh+lvp9va9UxAxsX4DhOFInQy9zPPh2uumV/gV3xHWVVzUoWpnNcd8IN
upgXNOdGB3kBZu69vmksu+4jWE9tWj0S6xbsaFqw05sLJxWz1GWmdjlrvFZ7bUrtxi9KoXn+RWWZ
ae2Cyd+WPizag7ze4cAd49fJhgBO3etFE9qWr22eUno+/TsTMvH5KXUjqZSXyl/PZ7OtlkJDxmfe
O8pCQP9ye5ccreDDqiVw1feKPMm6xkvmp1vjsnPzWjXs0ffotoeFm+fvpDHuvkQuu5xs96eTa922
ZF8S4ABWZBXX/DJfCtZlq5qn4MRb1/W1Ckd5pXRZV+s8KyhldAq8dIlvLJmV1q/AcwEDnyzTVPzM
py+bm5m5GjsdXS7F478L5yXWumBOXW2G2dezUZL6T5ZqqqWQxEx1EJ9OmAQqfDaLRRp9f4NY7hxd
piS13FFdfax8PqizVM5WcZJu8g8Bs4XuTnnt3zily/wLAyKNNTS6r6NJ4zW6dIrdctM/llefIy89
Zt+XVnAd4Eh0PTYEOIAlbfINcCXBiU3ewFmb/OUI0IoupxVek+1J2eHXNVcoWPh7Y10uVma5uE7L
z9ErWGfTj4+H12HPtdYc6Zexcu2JRXkpr3ZRFppeLuozo25o80W1DZcJS7Tmvy2dY/ls7d8goXs2
veXVKtfT1/F8MZiEAvvvh+NqBrFh3/WWqXGyKKjfKQzZt/bIYY/XCn4EQDMCHMBJ1OVX2PWv4ggR
4bg/2vRaRqvMXW1aKy14r/Ea6hTsmH2sxnIFuabAxnxnl+VCSW3thsYM1P1ueHjrOIr13+PrfsOt
/1W3eRcsHiK2usaWN4vdvTi44TWPbh+ai6uEbNQdaVGNlY4FtD7btK7t385P+I06GzpqyPOaN8WK
/5bR+Qouz370n4NNvPFF41tYjAAHcAhbfd859K8FXb8crX8vbeeXHxzaJl+A1vC8RVMV4FWqLXiu
elXWtvFdr1ar/Olu0Zfdul+b82+8dd986wu1NbGPyou5gnt9qXq6aMdjcKy/SRdBHc1tS5f+mOrD
H53Xrpo/8yl2CG6swuz1uZ61rN7MqVed1ngMV7E93c7crmvqUv9rbQOr9dod9TOvJ7x5tJbN+zq3
ebWfm5vwzXKbz5DjtZHDxALbxLXa3xtdKg0JufzN7TD56vQh0TVrq91BwMlVvviP6HvN/OVZN3Bg
P3W9/hcvKrGP5hvDsmERSaWNWrQdbTen8rTFNzGXT1vdz80+f0edTc3lk9FcmjtePTKTiEt7kCjv
v2F+31QKb/k2zQYoZoZ7bS3xzQaDGnNVzUttcKMtgZb93h7QkubGee+e0lrVBjTXsIK686C3uVtP
xyFLltmwctItyzeNwtJpa4ugXnUFxXI1aS83pPgxWPJw137emK/05JyNT/dP+vCfgf3wJXkdqMEB
rNBKb4mHTaxDDY3GORb/GNcvKz3n72UbvgxgbTaxmcpaCxUrS7Dut9xVX0tLVGNpXP4w2n9F7ZSD
lpFS5moNlN5rOj9nv4Tnf+qaWPQ75j0K2S3pNtWI6Jhyz2UX1+2oC04UI6TUHIfewY1F0ysBmdm0
F+/PmmSORkPWvKkm0hLJr3qTsvTaO8s8lENFT7vp1hHz5n12tSpnd4l9OPe5eNiPh8bUu3+3PfQR
WOkxXBRURh8EOICNdfgb2sIUip7oy481fEurWc+qEN64n9vkz/0lupNwny+czc1T/Le8uS+bK7ow
62tv1DU3KRVgbP5xaLXb4nP/t9/LGoITReGw+ndxerOpz5bQZ99fv/n7f324odI8RTP7sC7d7mX+
xl9Zm5qX1J//83mtTOm4P7OgyYLPK5952jka9P+z93av+z1fX9DMr28eRXdYSZj04J1oKiGR9uhJ
eRCRJ/UfBp2FSBRJFEFBpglRhFmgB1JUIGhpmDf0nQ72npn18Fpr1uyH69rX9Z7Xh/fn2nse1zyt
mfXas2c/RVlpOcbncaA4s/kGd2QMwilfENzUIVInHUljR9SIdr0fRXLMyxKKkVMq7hFLmfw/oz+P
uMwGOCLH+1JZ6FivqCwsXICSrj/x/5L0IttmJyfYw0/MwaJzdivmR2zdXHg52OsBPwGla4irdc9p
tDHqGRDyNQxUAvXM2QjnADyti6gQnhO9G8vAQpdymKzhfdrIFyU+q549/Q+ZAduI8Oz8knLLi5Ef
iD0YieS4KXKj3U+YTw4josUVdJDTRd72kYyCXyHy4+iCRF60Go/RwCsfEXUgU5waZ/UVBPGyxPRY
1Z8ipqb6OLZR1Ae/ptL0ktfPbS8HVNeVvYnO1cHcV2kICX/gAd4lrPxoeC1MYe3gWFj4cly+pnoX
0fzQCX/hAXjgw49iXN+Tw1wMZZBeBDxE/b3MEWLq7MiPldOolVFDcutae3iZ+7a8jd2ikw9FL93x
PYRBdZedzAhLILdD6CqPcCDwDSLRHpf0d+dVlUHEK3K/FCGi43QKT4AeGXdJXtT/gThP2cXBBpt+
IAUHXkahtf8sZrQH1BFW4HBukoT3k3xICy4QLIJjYeHbceHkebUSn1kgLnpjwcMTz+K4B08uZ4aX
9qsq3qg+NuJjxNKoDuVCvqgr+ZpKPO+WQAsZkCaOiWqbNcDsqaTATQ+ROojWmTpvA0Rin5m96esp
LD0jUciDvW3YBnZvnDmv60RIL6aVyuSeTxLDJ90OaRu3qFc1+JP1vY0i/qSfi9Zkc2Wfrqkrq/Zk
WvoT2UfZ74WK9YrKwsJJHNuON0rskjPJr8fVq7RHFnLhI/HAviRFeqCIBHXb9tVpomty770rjx7d
H9kZEEmiuhMdjIzDbGxHZtvKS2FR0RNalcJV25xvRSU67HZwOJA97qEsY3nsbTYkN4yn0HNyiTw+
ov06PDKhEPJtpnKu0G8yjfbKh6GeDjVdjXhK3cX2v6D+PvP6yRO7VW+jcy1eY9+z8+xM494xFx7B
s1cMT8fawbGwcAJPUIE/AkvHL3w9XqVNCvn/ulzNISpfkCf3mTnily3OD313X8AgTAmEmcsRhgns
TuB4gUIs7McJhkNsrrsZhEgK6zOxMbFaukVkoMmNQh4ll8RuiXMsb6+s5G7IqLwH90hxjz7puLCv
i6ROHvFgYlgHRfekx7ymYuKAfKB+VSoXt4FZjQPxu/ccocfvb95xsjCFRXAsLFyE25TVBQk/WZFG
ZPtRB0gufBXuGnvcrDiLLH5PJKFuMLlhRLwRg6f6nrthsPZXN+xtBv6il5uFwOwxY95ba6R3GTsv
tGSR5b1zKmG9LPLCzdRzTvJrNMULO8FKqZKOIj9sAubk2sOEY5Dn9ZzHS0vrZvbgen+FaN7OvZvA
xv+Dq//hwn0MFsGxsPAjsBTmwsLn49g4LlPXR1eYxvkbVpiDWd154OjYrxIaTjhnNwFM0+E0Dmvt
icPxbH8smDy4E6Uld1mgaxXOS4P8mWmhtCetmfATWKuNJgmYWcynM+4I450E41wR2fUKHNEFKs67
np2MOLGXEk/X7M64CowenzyHIyVNbGr/Qc5Hy3Zhk60V+3lcQnBccrgbnOnfhIEYV43r8QIjkMYV
StBJYj03t1HkU0r0XrYIM34KdgDwqagOdDav2+bbwIO64s9XOv5DVElK6TFqreJJ4kT1y/bSgh+6
HZswgmdVHcSTdhhFiqeMRWKoDudzdFZf+GkcT7u0eR/8BdoG7TvJypW/+pIzDZW7/szEbVQg46V4
WPezfYzyRGK9He5llqFdqDdtc/EH56ksfrf5rZAwvV9tZw/0g1iJe9rcWzzS1OgXmdtlE0OXT/x2
xOc/b8yQ5Pgla6isZcten4pCngdjpwcJIfErr1E+RdzHJDsfroct4r4Cl76P8qL+Np3CS1TnjNmW
yamQvLwX7Gw/mKe1cJHMHmtMUTPEDY1bed2TJplAUgG9Nohrrrl6g074yfbm8vQhlHNu961OFW8u
30Uy5LOEUoM9On7l2PHDeOn0uWgO0Xln3uR+0spxw0iiyw4ZLa66HcX9HEM6vIg+iVd3pTzKs5hr
upfhmX0EkRrS9ehzhqIuPWxfJwcBM1a6x+ozKMxUerLO8rYWyWK6KDn2zuzD9PCj+u3VzXcaRp8F
4VJK5mSRA2ESdVZZDiqGpulZQG5jR2a6Y7MhilXd6G+q4XZH6rY5EdMX2GkdW8iuWqTFF5fWWtM3
WYrQDSBkyrvCoCXKstFkbUgzpMbTeW2hcd4spVavheVc3UdVoyXK2kPn2mHZR3T+JmHKPmvAOCqs
loCm3wmM3K5oZEpoyHjSTxIcUYMdy+nrFzYujDRJcsSolFYTbatuELX8qzuLduzxoF9mKqyuNy+O
p9pGQKOq+WVcz5E0G5lRtDu/j6TVa7ymibRAx7HJkqkQtCSjAiBjXKotvSAaNmDZM+fjhI6Hft2i
SWJDqHWuLYxVLp8Y3Cq07SkqbSa/Yj4Ty2QZmykeIvuoVXnPKsy9phJdBhSSRiGyaP0hnfSEMdMb
vbDFvDme5hNx6VdUjhb+UQZA8hV1JG4IZCKPLHm9vI7K2hMnCn/hOoztLTMOv7FHliSdEM1o5e2N
VxVHKt4bVJ2qJzCnx7P9NFV8P+S66TmY0zwZDqjxSmBbVJ7Q6i+rtFmN3sOXVJqtb5nzbXnbjPEk
fIK5y0DEvtsWn14qtDLxql3XwkCqXBeffQHfn13y2sj74pETBfQXL2pTjw0Wspp4YHd1rQ2Jjj1F
UGdwSqiSEFLHqlHpKvuENrF5fy/sWteNJCmoLDQuci/CrZCAIWO72TCZ81sobMC9+9p9jdkouwPs
881fjDwmZ61rm+go8Dcrfx4Hyy/TolbiZertgoWkt/4w1M4we0psoNL6ZqtGIylGBrzjYbZSW/iI
RVBXbSBBUKpS3RHZsV8X7qb6tyN/17lS/vhUm9U1lYTTKWg+SznZO3Zb/0buThRT0EihjEc2Ed0k
51AWPr5PlOnRYKRhz5cTzJsWkTPZ/nJWrc187sjH+5fcRd6M11Nz6dPPyFn5qjiBjEbfkTpZtYv4
CECQGV6z4YUxTUguYYA2yXzJLSKo/BxvP46v7S+HqjeioFc//BZ0I3Nm/mHjAUUDtoWCGAyX9ykg
F12burpBdnzleEyR43z3RW/hfiWl9rSVUwWerPI+t+lobHTLULtLwQZHVnfFuK5x+XUjILLwb/Mn
/9W6OutdK7XSaE7ALskJ3WCgtbRvskaWCXr9gUTB76/rJ78lZWwcFb6ft9D/a3gQT7o1d/onyAGp
P2TcrVtwE8qzheb0Qe071HDer2j/z/RCSinSkuUZDCBFdpAw8rVOd50J5Inr5gyu+j0aoX5qtVRd
P0m/tuSZ0ON1RDfdVnovbeqAJDacQ3jCzIOum/DSfDhagQIhPRQaBj2wIitSSp3kyCRMTinjT9la
UpPWcUIlVZ8Q5tK1e+TU9YmcqxLtI7mOF9rxD8zwRfbYaBrCCGjpOeH3LLheAx1sohhqzFv5ZxEO
5o3Spxr9TQjWx+kdHN4Wx5lU6NWjDRnflnwpQnV1uhc+oaTPg1x2l/Y/D3N0gauQm/YGJFls6RCZ
b2QEaejchlYnYPP17lCCFfekHnvgfKz78ZIGjWG+rZwY1HYdYXoweJhJpGsKFQvKFFcWdKxaSzNk
L0XjdaNbGPPWOrulN2gYZojZOtTMpLnwjp1lCeErK4kTFq18yrJyVzrS/qBFkbtpUkr7MwlugaK0
TbdiGU4jiP5XZI3r0DKAMqpJOrQdrYW2XCCXlNgrLsrPkouGIU0/Z8hjf6+dtf4UoVsfogNBGF2b
he0KonxLSiX3zKU/IzeInLIOVTycfZf1IBp5kGfULZFG1I/kEaxx4LZdSimXoneG0rhBYbl3UZ7+
3B/U61SxhCuRK6GS9KsockeHkkvoPtrls/QkOULRdNUEoXPkc1QGIUdjnKbkZDmUKlgKMuZpbY9l
xCFmlm3DsCWJ3R2+An3IknEK5wiORljVJj+3Wowv5e6H1cWi8pnhQlsy9qD04kjFXNAjX9Ues/k8
p69oZa8Wx9NJyYU6CWKtavNYtVeE5skCL8OIxPHyVzJONPiZ84AWXo1ovw0SW27nBo5ltBJ9Q09S
fd3u/N1HEAMlqZ0YmrToy0QWjqynKZ+h0sjqAlrdghMhMvrtHhvy8gyXuuAm+jPzGsik3DwXrstp
3UpyY/SaCvO3CqKKT4wFNK1cgLbZs+ihAluDzQNZGZ2l/dGzN3h+Mim2U0MY4PKXrrkx2dGtL7M3
ZeAXWf0rE5ZEMheI2ujicsq+KhPZ6tgkIYSt28ouyQ1DvCJu+CrjyEwfYxdmU68qGRvOIqWdrUB6
0JJBXsMlmzFutRPslU54DZwVVcREQ1vsjJCmG+JdK3mvqnSBSc2ofAxdb7Z7XHnxY09Bg2Ramh17
HybP/1LbGWro1819QHSwTMcrZjq70GSnRhQbJHy34ay9E8m36t82AMKRLjEtX4JfLp08Txa7LSbe
VXticXbH09eqambjyChqqymotLmmNRamL8C2oAvkJhdX7+so8LKCLoapYpKKuTUqVGBAAZvkhiOM
A6rbYqHt2wPZ6zKDiVsuQqKq1TJbfjpavbyzUtTqPSDMeC0VSxOlc6pSjujNPgvEc5zv9/U1D7I0
bp7aKIemFhyPsKpAutxP6m67BH2hmpjOk1f8HkgvGjiT6y0IXZZmUbCeHiM3Av2k7s5QbTFaqCpb
McNrGpSVHFTqtvjXawXZ/kgA3EbkaTCxkhj5INbK7JoukEvaja7uRlW8cqdiFu7P8+q1YnYzUnE1
pH4iPBhzbkOS/kQrMot70HdHI72weTJDcqPdk4EffYIs+4MXlu7OYO7qAo9SmTNVFbp6i/KrEjpn
YzJHuZeh5ofV2djo8zTBxDMnJn9b86BBiuzyrJ1oNNUn2m/ukwRaCAJ91O1vooPb+4iRRphBLzR9
5ZFVwT4U6FzXM6ftZwlDUjObO1qQUbhAh8g01HwFbvqTd+hhFwQBrDhKD78RkaF16SGjl+BdNmtK
fRVydzZp3DfGk9z2Pq2X1twCukMv/G/uy4fq/J0dZYejM0d1P/JHfle0gSYVojHVitDNY14eMIMd
TPPNendhBjMLwHDDOgGZ8RxNL46rxmiamIpk1chFICU56oU03+X62UbWgeC9nZI2nIvhnsCcPF6o
6nojtZF5zWDaIIlwRhjhZnXR1gZemzoVPyr9lrY9kKyzN1r8trD3Bxn6AkAhf3LngdrRsRMaPS1A
bgjZ5DUQwYiDjAmrDiKlnwQdA40FoKNMmtk+6ZGkixrHdl3B/Yywu0yeiUSMXGBv4zjh1GUcSm7w
3PT4MMqw11lOxRyLmQUeyTT2G5Ecbi5qIiiJPwQinSDjqFWidmbOnkZhLQ2+ZJbr6OT6fiuO9T0p
OShFxCRujeGpppPc5SBavqUh5zj6GycKAuTDAHwOtcaSf26QDdvW43qBrNHzfImKunBzezweRnB8
VuVZiAyn6GT66hpRMl0661+It3aVWim1Yuq0il+NsKswolQHYQIDSGh5AAAgAElEQVRtI2MjAygE
dEy9lfAE6AFSZ9JZiOEZ1VuXShMICR4y0SfSO5eXRM/y3lZAqUuSo7vXZaBYfEkuI4O0JfkwKhIi
Nwp15lf1oMFRuk0Ty12YNSVGuoA9dpnEYKtvnbG1oA6FkTaKURgqjipkvW2Ji0/SAlgHnPO63xzk
l1LQHFSISVREG/ZFMiUwtOkoyQ1qlJnEBoVDclhy22G7+9yo5Eac+dHrnPr8Wa/JuRyeYeHJOnLn
JNOW/8zSKRr2vHmo00PzA3v1bA/D7/W1jE/HZFMNID0vnYh/dsIU8wYFFjqK3LN+0/xpSQpx2wLJ
XVNch4kRABQR0rD0Ho4A4JTFn45A9HTu16z9yDDSfRD1SprTTI+1W9peX/f8XbkmBk8kGOwT0Xju
8h6V5T2IynD+Kyrk/3N4QrWlNNMrzpb6bImnJ2OUIdJlIuydxtB1X+F5BkbkwaVmTVu0E6NgOJtq
OQbdQgS41yhrucj19WQ639Wrrsc7tW1f+B1YFtdVjZewHeJ+BIoD+ychD/pCNF6OiJHNxAP6veyr
fbpALYlyGLiCW/p1LWoZeUlWT1H/p5TYKyol05qQi2ywUETIfWlM1yvtLA4qvEhMkta8nnUl0DMu
kExe2/NLe2XFdfN4SU+DWhtTULvQW0160JDCaIKkg/anRhb8ggoKJwXIMj/cjlqeBCprdtxlIyAy
2wonOZKs0xj5UNhvJu4Z+BvXMfvTlwWUG/XrWQ3f533RkoXrpdqZJYlAa8TMo/oWm2APExuwHkrL
HqqWlFIu/aQe3FagF0onda/1bt21UcdOH0N8zLJ5wt0umfl11q5nZl/ei7ssvR7F2UclC65QaipN
ifHctGbTZPBseZzPxGYjDBNClyECvAPSFZMHU7pwkF9Iqvfigq+o9P+P4HGGyN4JnyCXNUmlVAc3
XbFMJCbdnfI+oR4a1PurT4BU+PhbH3oqG89XPA9d7p7iPi2YjVhw+ztVOWNc3QGka8PyPKrTLviY
bywzRlQ1oEEX6fCG0TqdvxVXruiHj/px9rPFo2Ir23xoYeMwY8NmXzkUfM1T8SqBrrAB/dBuixu2
eeQamn+YkNdJC8RKk9n1br4U0gaT64rx1yGQpVqwpbmHLyYDLkwL2HicHanN1QwnUR/ymoavF0X4
FxELGewI2rCLoucjxw1Ct090PbI+X7tIaw5NZoBYKrVG8khjhAktyA2SN0WsjmKUxNzhkaM8ZZcd
kxu0xLV+tRvIp9T64XlUlaB1Hl531UjWmByZx1QvQ989AB+Zdf1LMgZqDEksZ4JOenQpVNldtZtJ
EFCSAwtI0YtbIvJTwLLuqm7d2m/uNauWkhS/mVZTGtv2KuxnED2z25HJI3Wm7R/3eJqVdRRvf0Vl
tGZcsG1TR8fxcAd7a3buFijcqSrx5wxzVpj1LFS9/+o2D1ikp+AcNNl37lSM4ZpTi4OFR0EMg5e3
0ZFJR1psF+08031UZXQozQq5tEVgBkjRRWNSZOqWtUfEmgHmrzxDouwTVzZZAb4ITFUeHaTfMMOG
6tf9WoZvxu/g87DAlZEcMtwR/aSK1o2SbvCSVbQy0oycCt14PJaGm2+lExtyAd/S1WaLFFX5sYQM
f1O2+TmIxhvVAJ/POzZbKOsU2EOZvQ+2L+lJSZ1R6jWhEmRcZ6M6umIeR+JG+rtLbqROblDdgJ7T
owdK1V8ayI3cqAGzvfZCqzqewx7fqUT3WR0bJKQ2pG4dkhx490b78xqZ7uIgOl5rXSocPyQ21Ims
MjHsOyqIOLQF2I4/ekWVS5atRUPiccfFwT13XMTM57YjUzoRL1KlZ8eu+/VqoV+ejt+8W4CUUuuL
T8FPM4qQIv5pdXAeXIHq6XYUb+R2DsX8fJ0T53IpXofHbfRZgHirnnl7HynubSDG0ZyUn/yrxiuL
LxsL3pMlobFYbVfNypXkRuHhVDYekVHzrmZMbkRMX5xTQ5RTJLYfv0X1Ucj/2h16AcEdA9qOohVe
pC+pz5E6xhBIkp/DQe0y+o4/SNMgN6x7RIIwOYgBdpTc6PeBFFS/z0mdRUP6URmSoYbxFGhSRFz4
5Ma4ji5Ri9OKvRucPBlBbpQetpMdMtsCSwnoJxOjWsqGvEyOzHuC6BVK2+B8qXEsDCVmN1s1J3WZ
zo3qfNX6Br+CXQ/M5oSc4I5a6ziaWefsVGONMZieyPUN6/Eb4iAdPZ1HfLvIR+AZBEe+owstLLwS
94z8y1JdFv/CwmMQMVbuze2ubGxiwo3mQK8NIsa8WKmqMAfqZLho5lVgER5uugUb2SOCasbd8ruC
PMPTTBGXPo1gfU3HjIOa9ygOJWTV5v5Xih+Wfm+XQBlxTrePj7VX6oIb4ggSVXkl03TlgZIwmMnu
gNGrCXkntKix3alUsbMjd/4r59z/qkcNQ6QimxVUWTpXhukLWbacQAASiYWDBzRfDU0aYxlP5G7p
ZeAGeI+FL8LbX1GZYVUXFhY2lLSNmyIdFhYWPhTAsLW+fvEAcNm6AmI6iUc4kVnq+q2kFPtusG36
G8/MA2leE+ucui5a/5N0x3FRzCOSdcO8JHvHAT8sVAfyDPWCHGHYY+12CVSVcYdM3cngoEdj5ZTa
eR1bmQ9KN2q+xz/nsAVUh1KzcyBQaJ5W3elTbY5CQvbk6I6BbOoZRkCIeCnlRkaZOzyqAPsnhAtJ
puz5NrkGaUmZtDS7255nIzNKwee2DXdtWIh3LrR7hft6LwZeIQIn4mG0C6bdxw+3L8cvz1w6vQ+r
PhbmoZdo5/oRnlS9tctSpAufiMXLzY/dWRP0lfV7hY7yzO9TgjRiZBRxPgvKuYz4lzA/wyIV56mm
sVdE5MGW9M5ugBrxWBvI3RpamEpa2MRGYeGkvyZBjvZwXMKz5JOudJuG6kciIrfAWCjpLe/Fv4J4
bRspZMGy0T7KMMfEBDL+swjR8g6RG4h8IeFalyBUF2Uoc2pfVWmcCi2BVd4tJUDlYNS0CutclPXg
MoqYPoKdbyM1cK/uJS7CLZC90jUgzCiNYF5TWDun34pnvKLyJDz0adnCAsfcQnxhYUHgEar+k0an
L6v3tH0KjiGfxT21gD0jGAaiWQ7uUVJDlJToI9KS8HoXG/L6ZYICf4t6NR+J54mrbIOyGbCjMhYS
XhEmMK4sJI/M2q+A4MJ9A6/fKZgR5jsxLq4QVjE7vI5D6uhmdTF8B38mrWuUQcg9u7s5cErwTNjE
iQvtR/LLchdCJimQ3wxC5d039/za6y178FFZsrjnfoX9slCkrtqrMzCHCI62Ma0Xcg0KZUoC9M7C
AsUiOBYWTuEeDVvU/zo3+MQOJrZmgYWH4hEkwxNgj9FrDIXzaUDjHDjih9YzJvcGt2sEntiZEU5W
xehzqF7W58FzjJXce/5LLgChMGJGkDeqn2bbF+BOrwqKj5iOsXge3HhHEpVC7/eZ+Udm8q1S5wg3
UYuiDrsIL14HzGQ3CIuM+b7pgLqMJxR5Jmw/CoNa1IQEkHkBMqWFA7Z698vk/I6s8qn/ZXbv9AXm
UdzSZ/lHM0DJTeOkPh/EEkU1FI++1bMOdq0ZNJ8L1iVr1f1+vP0MDgW8e+k1Wa/dGwuPgTMIMg2j
n2kuLCx8EgKPyvPQ6UXAOUtXWiI0pY9sLXsqtkruVdKcVpzdExBpC/cNEydNljapNC/PCEFhcuFI
ikD3LLt8eCeD79iLBb7cQ250H8raMAnDj3FkfBX2Xxa/IhBxyqnXQWT528P09oFnKaQ09Wxjlki9
7jWVgDLg71X4wb0wGV1mdiZGf+FjdzQP3yQ7LhoIsSV2RjD9mBP7zG09f6X+Vwp5Tabo+DRNqzZq
eNOfRb7G8IqOG0W4zGRghK5jAlOJXbJZ3u1wD18PFt+OXw4d5HIxZAdfPMPCR6HNJOTpyx19GFkQ
3tHqCwsPhDKG36jv3znVzCyerjAmrknDn59LSinLz74eyklmQg+d22pOidGsBC9VYrRf2vh1S0Fm
6dYjPWPQZZ4RUuwZoFL5boEGirThKExpv7vJIe1+lFYpA//5/tWJCC/QJCNV46A2pMJiaRx/XzZO
eQ1EG6Yby34GkV0joVo27G+qzzL3MEeTpJ1yj6IzM9KXr7GgUFm6kIVhVkJkRhBmSupkvcyjkFXT
tGTmGkEuGcuerzzBw6KPLd85HQfWxzKykRg9lNcQDvhjHSpJEOaXTRHCePluqQWIR72isniNhc+C
UGKAgDjO/iZTcS/VubCw8Bg94BpwtvMM4EaMaaOtIMcp4JhFpRzKQS7YA4tiatDWKcJbrNvxY36u
IRBJWJVxkKgIg4Ke7k5B4+Pcq2FAatVJuqWJ7L2+cyeW0ylpDxpkVxhy4RSk4WltaTAM1KgbzUzt
MMhJnb+h7POc+msq9ZWU3D8hS3dq7IFaRPaJ2Jxh+qrDkDDeelPnreNJkkimD3HV4vTAYtnMTugZ
i9Sc0Z0Ln4dHERwpLZJj4UOgHx9i5xM4tEheWFgIo42dN008c2P3xEivC70rDBK1Q4M/ZR/mcMnT
rYk04Op2+Aj/uO/B4oWIhAvSi4Ytpo8IY1gPaodG8ftKPaYiJvf8dvPp8AcqXo4MfPYGpm0sEm+8
J8d2/gYwU3w3zrP2MYkNnB7YkZEICYHSylnkXK/2ePWMjZaOlE+QHbnn04mMzDgPckAIzc4tF0kG
BM1UFFFn85PgoW5nyqaCBfLN3GGasbh+4HzxUPw4PI7gWFj4PLxGpZ1bki8sPAurv24IP33/oAqb
3SlgwTJjLXfr6x05uPCdMZtdAuBEBXDjH5RxIJcVpiBfGHBu74IKW0A7WI9QE+cAOBXgl/3YzoW7
KUWvP8T7sQVrV8dVD9GP4OXb8SsDwdxixjnjDZqBr4kSdtFICeoqCAySPeMiMo8veQtepk6XuMK3
4LjeJXmQwV/1yVAYnCoMNdn0ihgiDYFktCXrPlCvgfur5qQhPmmi/nL8snZMLCzchJKOPRle+nFh
4TV4yAR4VFU8BnsBaDlKSu6744cykS9IDytOWoJlsKA/ZgBnJIp0QLIOI+Fce76zb8CPyYtmi2fh
ZgbeH5yCQHSHhyYk6nYNLX+RQSj0o/VUAuUSmd8IMhhkpqQSth0bpfWdlGpJNnOPiXqjgviU8wIQ
J8CvOVEhhzkqZSUnsnItLRG0C0JurFDX6LO1hExRaqieNVPT3U4hHfZXSq7ULuJGoUWjYfM5XT3X
PXVt9/8kcTXINEgWL/xMPGIHx0cv7BYWLgTmoIsaJGrxs7DwSVhKX+HIMD4U55bXVPA1iCgdZnOe
iD8Ke1aWczi1S2J3jaahd4NYOw2IBQ52VYxlGgjR/gp8hUX+wTyIeyd37lIoB/tEsQqxuWVknRXR
PiprJAsgT1ByHwJfZEAapAQJS8Rhyp6iew7dRZD1ayo5tfM3qDTsdI32mgolWvprKVQ+nnaPk5OQ
f3J3CkunuhPuIO9nfdTyAFqBpHP9ZyhQepldZFkBOkKhY58Sqf2+6Qii07xZi+rIDxw6CwCPIDhS
SmvBu/CZeHG/XYp3YeHn4tzBh6+DflqP748Ux3neT269nAeWu4EolSLt2Ug2FmE9t9weT0YuMQ5k
HeWMNinoNG2ypPRAos8MevqrhsFl+ZREDxWVMHcCuOnp5CAF8hkq4xCoHZzVhRMPuDBaQm4kMM7f
kDwEI00I2VEd6Tkd7VDRXEkN+VnZHOU2hKzAjfxRNyKsqsBblraCyAlFGQUg46ATG3anD2z8OIwv
HmofiecQHAsLnwii0a7djm3n4zy0WVhYeAHeRjQcyPY1i7n6RF4rJ+v5mU4DY0RoZOV2pMTBOBNJ
b0Gx9KNdEcfaDMeCC37RVptM8n4gyIAnsluE5ETs/lF2MkzjC0iFRkmoM5ihmzbDtbSn8urpPA0v
nurLh9ijZ+nD9lpQiOz/wTsOxGsWkmhBu0qSDARSB6/EYNnw6EK7ONBbHyPSwN7RgUUY1R/0Hwgx
3jsS7+zW3ifmjiprFt/MJn4gfnm3AAsL342SutI8qvzyMO7RlKl0CwsL78VTxmNIjlJSEQvy9m55
kZovuJUhLBGSUGegyQ+U7jlJZvwS8B8eCzJMe/Mxd1Nk7MzcHJJhuGYXTVukuyS64M6DvXSKFCPI
NDwIMGzKKykO3BJ1pqZjAIWREYq4b2dwZH/1AEt0dqh9MehKKjNXO7y+5zsc9K4I4C8GeFRH0Hub
vvSVh6Ulsbvfr1334hNGphuJFGoJJsg5kmPhu7EIjoWFO1HSua0dJfFz9SafdrkY8yYLCwtpH4OB
sXKKoCCG6EwaR/KMxhmGk/oppVRKYQv0XC9eAL3A9vYX5KGT5Ud3RfCy0v+T+pXpufVbWNDtemQZ
QT++d0YFNXY/FHZl7KOh81GACPH85Cdk3fiCtClWIaL5z2AwKGhbZVkpolPkFo4knXtd2lM0VRZW
+z6BKn0+NEFB77bGssJQkoRuyuAkFk6VuewHim79Ye8A3RnIplFEy6s8XBmO95Z4PH9PBiZAsumX
ktRR/LokXUYcHvkvfAPWKyoLCxcgsu48rTzZGi6Tv0uSxX5rjbSwAGGN7SsWSb6ddiAHNY7nnnzR
PxRAmqasPkIWa0ySrO6NNKT1HcwzZKOLCpky7IdFHswkBTyeV0807RbT2deWI23XysTbE6U6LE7B
xW+/ZqeyW6+QnR4xId5juOS9v+aU+uspe5+lMzd9im0aySRVBWd8LYNNQ9U9uLbjSoM7J/laSQbh
eb4ip2yFQ4nas07tRyx/0u962qWKrQ87pTA6T5Swji4d9Qdi8+7qpaB1k3ePY4L7bN4McdtYW4P4
MBbBsbBwBCOtORE1htmpeE6GpUMXFmZx76i5jBeQUUZbMgJpKSrDsrsLjxMjPqiYkcIi81vH02TI
HMkTDaCNf7z7wZImRMtcNd8IT3YeRnFILRkXMOG4rUWHQOFAE8L6KkJgF9eO1RF10EiMTA3WUj03
f2JcNpJjv5Ckx/BxRiXblPua2S34ewNkOB0S7jjI1D+zNkSpMbJF8x5BCXEbm/ICUmN2RRnly8O1
S+tNkjRWTQR0hBaviPu4pEOssfY4LIJjYeFmXKH3/MXyCeUciLrU9sICtOHssPeJcVl+lpEWfTqP
jO4iVpy2sX7UQo/Hg8vi0ePHgw1HyZyR33ECQ7IR3cmieNwnmYLAoL+Mj/DKlfT81qJAgzvhMziA
scLCO4ZMPd9Fys/q4OoB6aSHH0UUQXb0RCr5IQ3dnLTRK9P35Fr2VhxWnaK9GZKswLtBJLmRVUwa
hruP5Bs3LC5PaQfeqnBWBZCsRtOfXYd6h0q70vyGiBucdCWBCgJ0veHX3xHK9K6htsbwOawzOBYW
TiJ0xEZJF5DEfGl0AefMYKaZ02I5FhZS4gNkN+jrQrWdRfGCsVJK4Z8gjMSh6+lmZHJhsygfRNZB
aLpFUK5Ir8R2b1huW4reglpnbFnpBWTm16sqs/DLCZU5M38UR97IsONlebaLCdqMuliERLcbfDKs
3kDypvY1wIQgI4G7ZRw+67Aqw5vRxj4AMyLp/Ek7R0mpnp+xnbWQu3MmxUD9E5BBtK0odbJgwd/D
gYiA/rvHVYF8SqTGUUez5JRKPYylpJRzbmcZya6zYe9EmWiJzMNv0xKmRjK5l11Sld4YTrPLQk40
j8ZNO2YXxRZi2VK0w4tBPDNWtvWondEFOgemscbwGawdHAsLJ/AS9QOeeAmvM8nGdnEsPbuwMH5Q
lNI1SsEz4LQ0gbCT8BIDj+VNwxjdRwlhchOpUjvMnOY0Xz/Q9vkQo6d8r2iztoOhkOeYgwYq0mmQ
JzKo0dPSZlwAA310rcgUYqkUGeEVANXYaaz+NF6euSGx28WbzUdJyKyffkeEenU1fCqGbSKu5a8O
jw4a7f/n5BMiUp7mTgLwML52ydId7JbwyoTc4f1Fii2T/2zqKTYWqL5wRdkr9AljpoC/Z0j2uVgE
x8LCJwDouSvmlaU+FxbOIvB0ewZBe+a2B9XTBMTmgGxmtQQPpB1fwsqc9PLw0AesYvwGcdvyq+WL
Zonab0QUuekRYoLXAvEFJI00BA7JX3SL0DAyLMunkhXkzzqLQ8qM+uFrgQ1LSW5Q47K9qpK1gSnD
ersMeJWGKamFZJNGNqEE9mVk7N/blfwP2JTmBL6yMtKBnj/a60D7pMqDRED+s+Sy1rk6BVh1gvDx
4tdDkH2dR8InrJ9MzJAe6z2Sx2IRHAsLLwBaXB5IxIH5PYEYIrs4zqS/sPADcOkYObATZJT/UD5h
fLqLR+WInx6X1A3WUP3oh44yZ/J00ksR+WNLW4cySCvD4LZyh2Fm6kEa+0au/BBP/YfyL+K+pbrn
uZ3RgQ0Iz1hwy1ZEvoV52elJUmTC/1Z4GQoCYzN8sbFJf9k1IEE8IQp0XzM3RXS3AnXrv5pwwvsN
BLkh/NBOiAwCj3aNUBKNyZR5GJRmDZeFzyy5MkOA+KQdInpmFqZjTTSlq14JlyR5jJQfh0VwLCzc
jusUFNeDWPnP5rbU58JCHJ4B1nCAnKDpPXlMQkO3OZTtrAX5dzQj36EhtOiGjkaajsitvSHx4GBg
hI9IA9TPXNLJIJWKIUx1V/4Ow6FlIpRUwb/qmlxxKoaT9ia55FXcm1DJjEpQsN0cKfVdGrsn//oG
8ZcOIj5jq2b740JKKbZjooajv+xO7LrpuzNoDiQn0uDS6M9ZuyshGmTn739s9GRdTuurLVMY2OXW
ThHtxEtLapCHuaBvtyQgo/gerCF7DxbBsbBwEDGdeNfqa2YD4cVZLiwsmDgzyqfJyYu3xzLjNiiN
9VSd21tXnQ0wetIVeRJ2/jmeSkHwBZbWj5Abo3zV51sFWaDqHpIJhnwBXsNKO1UuCzYD6VmSHCl7
P5bEjCRSaPmFv126+yFzZbs2knhKLnZx0PCK6KBGcBZhXTk2knHtnPcxIjbcnTX7nW5Dueegm+qC
4mBkhsljZCyHGmSD/kHJDkV0OPGUPMZ9c1ciOSk3mbMIhuIQ4pReOH28qxJB2jrhjSzdSGuYPReL
4FhY+DQAjbqU7MLC+/BJR/vdIekozcgCM6W5J6m2BEWF0y/wya0A50mOI3C4gPm0BtwOyocRMoJM
mMsc38IzOAyZzOugQE8y6CXJkZJ+NUUar+1a2ntT+CRN9C6MX3zARAbfb6CNfslSjPLx09Ny9L6k
QQgMthvI/ixsdOeKhQg5pN1wLFoTmtAJMg2JkxooRIRsnsNrRtsa08ewCI6FhVM4p3qOxI580eSo
VEuRLvw0HBqDl0vxjLx4vnPL35ic8waY3lZdhH+BYWehKZABY5DwgpnG8xbU1uaDUP2I8CGCicaR
hMeRJ5EkUdki+jqH84H+IfkessUQPE3POXfighiX9EBKTn5ksPtDl29Yl18+oR8rXyASHBxiXHuM
YRXOEhAnEMKRHRebG1Iy9sjFac7KrLWe/pKMl3fXG1bKhfwdleqt+PZB+kYsgmNh4QWYWXqdnUKO
IPyU7IK8Fhaehuk1RnDP7unxcsBmO5snNtpjC8kji00TxDbGT0xTyuAzKWwhPlV/+Klf/bXKpmwF
sBNiGAe4e3VZkm8/SZmbm4hT01FFKIE/kb76Ldid+nX3c6x9T+9qkmN0eHd25cqs7+aduMjqVZR6
FsfW18ff8ZBAdfxKXPWq3CUE5VESbeTrERpG5huPAQYOUhIO0BscGfyNBd9GbE5cEWzxC7n20gjI
eBKN7kP6UekORNyQ2wzcyEVR/988jiydv3A5FsGxsHAB0GSDTrceIjjvoXnVChPNczrewsIXQRqx
U+NALKpfO4buzc00sJPQP+IPGeBqQepA6U22sC8qwJEFtkk8tBv6/nb/KzhGaIHs1afIWvmb/bLo
cKN8LTsrbqt6jEOGwawxUvY4pWRWgEfMRRNCsPlfvH8i3eWrKJs/cRQEX4tkimf1ShtXn+HzCmiJ
jyx+AuVG/RaRHCiQbXMbeWs3uVuNEWVGXGNzRMrDnSQgf5ATCjMGyNsSNJgM/MR26dqZlojrxGv0
9cJn4Jd3C7Cw8InY2G7vrcIJlJzAx8NJDjDSTp/46tfyBTu9qY+dt5Plevt34dvgj0GCNqCwAXLU
+M7gWoUr0O7x08Yqp++hj47lEtBTpT6RY67sEEUlQyHiJH3dMrfyZlufrbJE2wszwKx9Mp8TaKPA
XGjQxLsPC1+zHrSvR3pU+ZSzIBE4qUIzlCUYaHrluTdoySquJHJgOixrcxSI/EKCnYDuIcNdF7kb
ZrlVSR8ZpaCdG7X3xmUvRxXOp0KVd68xZ31jAnEHMu1tsJNxu411HrSSHLsOIOSsEDMlPSKUSMXQ
ichc59qbDvzdX2yMyIUPNZ1mT4OP4JlOtqfjRbHmJCfF+jvm6bb86ViyX8GsZR4MpA8kB38a1g6O
hYUXQT6YqRixx8zfnVPiE47WzfI4Kl8mnP1PWlUt/HREzsJpYc9kRAzhl+QXiS8UUxF/OhVgFAcX
iPBJYjbciR/L31ungjuTMCi8fLpM1G7R/sP7YviZpDKoRtA2ksxQ9/sNMxrU3/6v1sP+p/Jqv1m9
plItQ1Qcr2666TaOZyPyTFqGl3kYaUghav8UQXMmOzcyP1Ax06RzT6RxjgiykgpwfxFe/YAD53ZS
Crg1QOYGOrDu6CRy6T9KSVrxBtg7TO0yds8GqzojL9LltLuR9jgMDlD7e5b+qLPTKiqyJVBbjIQh
Wp4xPX7oySwiAiyS5GYsgmNh4QQiyj8MJ4o1mR/KMjin2kQGXgAvLHwcwouhaHIxo/pqHNlqbhI0
gFBhYz1UZ2MT1k3GWWV7X5nQHOtIc9qEBi2r/DSrekklsM4274E+lkSDDDfSuSiM/OwqKwMgKcxE
gfMQjt2I6x5tOeFicHGOERdhlHE8ZSvVp/aE1MjVlx4iugduhmqud4b0yMsh06z2ufz1lIPJTTyW
cXyiqxA0ygLZhNy8Adodpe6JAO3siYfvwjT3gkeRn/pwpEAEPqwAACAASURBVA4T2bo6nyNtckbq
AK1zqUi1dt21qdI38iOy9nzB0rto7Kx1871Yr6gsLJzGeTW1bU9FSxS6so8kNLd4EznE4c5qS20v
fArIsmbfajy18ZYa28LCKSm1reinsaczM14jYaW60LvLcAHctLd3UlgY69pPKQv151fkduAoT+sK
jkmvZXuf8R6sZ3I1agtWPyWR9+/FXpRBX3JftW9haEsU8fA5G3n4ZhmUT6TbTYnep2DVoge45LUA
GxODLTJPAjncWOK9L2q4dX4k9yC5DZU+Xko3GftrLD3t6j8aC2PcM0eX4rx6tkP7GyyXn1NSBnBw
sEsDdybLptPruG5jNbUG3HwASywmCqxVa1hdJ5FNPHIE0PucBAlWun/1q11NxS00nUgdQhauu4e2
fIh0K6sBnM1WzF3/Fpq/SLJlSZUw1dt37LRYuzdux9rBsbDwEIzUXcT/mcuehYXnAtGKp1MEC9sj
6U7FecWCqcDL7lD4tbuIT7bIkmbqT75luPrUu4iwKvIQvglf3bFfL7YotGG7lZSbJUEX2VEiA0ll
SQY4hx5P5Bv5Kku94UH7K47MaJCshFkfPc7t3bjwOrP+OEbsSgZX3Ld+HYV/QSUlunuD7uywc7BB
h58n77tsK0x+xAaoNM5RgMuKBQeiMUgLcgI9CXWswaItt//8MDDIsFpJ5qUH96ONa1hQshPy7MFY
OEBIkOvJ6jR1oRXmTqy19v1YBMfCwgsw89TVSyCilJfiXFg4iH3lfxXpccVYpLbi3Xlh9CWrXEBK
g7c/pcdC4dqN5J7Ydma2qM/HtB8iNPiVTtcsP7vxqZKYDi+tPi2oxTyoa1rfSm6jk7sGP7DZOHrL
eK1CyRWZt0kmhJp2PNOeGSc4rsxTvG6SU/8UbA1R3ffrtruDpBYxbpFUSsYXLwgOnYIxs9XKIzIk
BwG9g/KN2D7rfh8j7YuwFtExW03+9iFFUND+k0k4T4vBNE7NfiP2BsnoJ4l016ZPtPbWEhTYf+x+
cdfgWav0V2C9orKwcBIzc/M4pf5GYJ9cMIvtbcilYUaQORT1/DSCpbAXvgt65MXCwXjeYL0UPPdo
GUbhPdGtc/nobt+5XRXiabi1AAZH7md5HSCFwIZ5UYN4QZzFtfXLUir8KTYLu9+0eOSeFgW2BVjw
05V8STUtzpRT4mLYPVmcktgOFIWsEy14EHCXzDzUmyRFhEkJ9IPZHowx/jqR42k8VqevM5TqUHpf
rV9A6a8EbK+j5Jz2V4vmygH7993bNywlct1CiWWksivqYr8LCOArA+7QBu0e0VAmzZmGVZn4Innr
OWrWz/SQutrsfU2SHpkFpuHmXpIiaeW5bmCVB9Mz1k1hbT+WW5R9LW0/FmsHx8LCQzHSqxG9K5ls
FUc52lsCfVy+ellYuB3mQunClK9IN5zGBZmVtBmWSmcUHsbMTxrPeyqsrgNGliIrLM9IAg6sItg6
c1vp6y8iiDCDPJCQUD8LmaCgThpFhnXIjSLDkT+ZVUnJKHv9rUaQTYTw9EBdqD4HGjV07hQndg6j
xR/n2XZx0B0d9SrnxF9ZIYeOsjAirwh381CD7MhjEwylYGAYPYYDFWONZTEOdPjqiRUCG1e+doFu
Bl+2+QHSwNSdJaVUSsr1E0ilhikqvPw9jMbW8gRHOr32F6abCOTc5NUojx/TzdH19SweOjy/Eovg
WFg4iCOK/9BkcTF3AI2TpXUXfjSK+p9fHUntHnhp3z2MfZVRugHgMiBzoAvt0V/Lc1pnBuUsRfWR
3Zn/BlKu9aTIBRXPSEEs6tXivmA5kGEg5XHTTfJgUpwH8mjpUVKipOQSECFLI9bgx3rjZGeiBifo
pO2S3jejDzzpDmSP6vszp/RBYUMcxRUld9KQ5Cy0vAv/U/5BMTzmIu6151tSPylHC+ORKPZIn5Sh
hsv9t+5e6j9aEsYbgV/Z5hbZ0fUenulj1MdZfObI/EQsgmNh4cF4lYrtU9wV+a7dHAufBWYIHuj8
L1uyvG1oZbWulIUmDwSx8T6oJfeJnrqeTGuA2NO6osoTa/fJ3lF4PvAVoIABa5EbZhpB47GADmAR
GjWfDjzHMHJHle38N0Nk3lFgXeCnYxNyZMcGNegkyTFJbjRZ23/vN6GOkAyDj6+YOemruXgzXj2M
yHdU76XoXWsw8DhzTOp2T6w2IQvj5jGW47peJomNDHxTmiDyZPuAUFj6d4+chSvxGIIDvE67sPBw
HLGEVkdfWPhE3PxccMpgvSpPG4NXJ4T7lVrNXVxHLL9jlpK75GcGuBeGBSsqnnyyKImg7VbLT6eN
0RQiSRGL3PBlB2mKAEoOK/KwOT6LEI+OU9ekOjJg6KPupA3ZSC1es7shlNF8lMggc1jQTizFzHPT
J/v+KZ3RxdzcRuPUc1GiWYQGED/6+Aqlh19Xse/OjmhPHxXxh9zlHABff1tkxtfjMQTHwsICBZlS
XrYmWQp/YUHiCmLhlSMLjeMz+cNFplyYjxiQMLJ9O/s0exbkKaxaRDuEgdrQUNMBxIbywCLAJ5Pe
bndfVrDdW8rV8tNnFzRjoMiPX+ZRcQhQ4wmzHFtRl42dyw7XHDJMPvMzKwV6ps22gGRQh6Zsk5lf
iOvWF2SrS7KKTM40yZn8XSQCQqR4xdLPYHBToOYnbEZOeT+8GBNgWEg9mmlsPhwzeY1K/m+LbO40
GUhpLnsh86FrNN7TJE2y8E1YX1FZWDiFkmZW3lvoaJw8lUNV02Fpcgrp9rkSLizE8c6+dWRZc2S0
j/LNKUWPEIjJcWGlcuOdK4xwNi3g9DIXeBIZYKToc0ojlhNJmgYo++qu/aVLceuvpG1Xa+0XMi1F
qkA5d0kIWQJJN+VfYFyUDyM6jHBTyIaMH4pms/KmF4FiacHXET6pgk7qJbo7YTD0LYfNtVrqqO5O
yCfHrJnsHrCNuVC91O+WcAIDF6GOR6UJhBCGfInrsALypOlZ6lnLZUCS2AV7enoIu3NNDLkRS5Qb
xtYnDdVvwSI4FhZOI6q67jPl0KLwim2CGVwvLFyCbkO9VwaA7cNy9jMwaNx6i6LiG8VHMDsmrwgP
0zALcKJlR4IOCBMecCzHlKSFX1aCakRW0AD0E6TIX2YA6ZACL0UYcHZKIsaPRX4YT5M9YsUXhKKb
TR+x6Affix2NpVJK4p8Qdc1Csx6kQelThJ34e8Jc7elQELj9hMooQm2kRTfFQ1Qq3M5BW2LQQ+F3
hPGEVrKoCc13jpEzbWL2W4lBTpbLcYYEK63uamqUSqG1zemSQe1c0gHxw4H2J6q6E67U7Ywgd4yi
j9B4X4NnvKKy2nzhJ8Ht76bFdSy5STG8baRrmC78GBT3NjwWDo2ZC8a6NY7n5MZGmDwPYpRmcTIW
ZorNW8infCFQM+AKujeZhAAIuV0X7iMX4ehapY8VdfuxvHHb8N0fmNwAaVnyjCojYS6KmXsTTaNk
icY78XoKjBlIzw8yKQ96xL5f9Pql/RwYh68+/wvZ0xeuIrJ9AcPm0PspUiPZ6RZ155MhatgEdKeS
CpFXuf5oOV3JwaeQUAqsR0mi5gwmxz28qZ/sRt4g/bWG/Vl4O8HxBKZ5YeGVOKJkjzwwCz9MW1h4
MbxFyMtAnqAjoE/PjVCUfcFXX1cvsMz0LiZE5dM7RPh4xnt7xDiTv7OYD0UOuVH4kllkjmWsqPsD
Fd/qtGXSF/SRNpCyzJAbMI/i56MRNbo0cH0W7X8FfzUtzRVxB2kaZRrb6Q+e1DFbNJWE36MyM/Tr
2RvtvI4AGTKHCboNfUlFpDK9ZmvnbmRyL4aE2joik9K5ymls9GvKJxzjtd4lG61xu37k7uj6lShJ
tuuiV16NXz7qHb6FhY9GSd2qKpGViogOwqsBDDS9kw/zpqvf3CeYBy+XFr4BT+1gaOVkbjGQYRIf
TyLZ0RNsuRBuy0O6ch3M3aWADbqTOufIiwSlFJHNxJNTL+jJflKsRFg7x8pa9aLSj7tDd9+u0D2V
pqTU3t9H6aKuqIogBIAzw/6fLK1nEJSWmL1lPIScUy7yZIB+dYh4y7Req2MgJRlmMK7RdB15BYO3
o55N/ZNYLBwbk7NAcWK7IHgaMg7WbSlRMzCaC02bqxy7ZXLOgy6y1W/dseCOu9KDQH0A45TO9xa9
rKu6oMubmgyZONrkb976lddNWgV0fUEPEa1zFI3eXl3JcvhcM4FHtUFJCZLNmy4SLTAcKsBz0OYR
wC8CPXWd88V4+w6OhYWfCF9/4qePkhGWOhQtNg8tGg/EWViYxRP62UgGNZ4OCI2ieIbh6Cso7Tqw
YLqnjneTki0yC89wQkj0NJA9fZzexoEN8XahlGhMTg+q2I69XURdMYP/ZP9SxaIyGE1EZVZpsUYW
X1Ex2toqgst5Daq/DO7aX3GamMRQYQ5OlMNopZhpKxsIhoOjgj8PryTPCwyoO760plIs3VTV8Inh
qi/sqthrLsJRR+vzhkXWaH04VoneHgs1cN3haO298N3HbiMo4keONzKwrDnW86eEWodVqlmAHJ+w
4PlhWATHwsK7EF5VjdVtUf+Ti0E+0Hd0yNzCwgJEbIzsYzVzlwMjdU6eCUsO6wXHKcKuHlUgYZLD
ITdOABnMkXTlEhqdb6Hi7JlYRrrtrhgTlafZRIDcqBFN0oRdR8mZedPh6jnHHgKD0TfNggzafZAc
fVofCXklv2GW9RABd5K1A8jq/2QSGzml/qpKAOJrq7GKnSwi0yGcQzTTMlu5sTED8gemx6WyiA78
m5Xb8T5IUgGJWFMJry5EWNhCsbiZup7DWiM/B+srKgsLpxFRaVWDlnZdkjchhDdpDvP38xnjbPyF
BQufsBioMrYRvG+7nhkXMg3kh+689LRGiefvxdF+XcfAeMVJzyu4yGEK1iNWj0BwqvaI6Srr0t2u
Xor4koJ8wcEpSzZkBMRFJIx33e4JuSF9CyvFERhzFq3QaDIUJ5XJkbdGrUglFeFVUqHvH4EYYau0
9EuZ3oxOeBkuFwYYwUb6ktSgr1dgwuNEJ2r8IurbYNfFXi+U5DCriXxyKQt3pavp13ua3uZ0QG5S
Fh6XxOq/Gd7TwB7dHGp6MfZLc8TtAclcGJTPXUnd3QCPCH3UwPx+LIJjYeEUooryRs0Gkl56dGHh
WlwxpoL2/m35H8kTuhX5hvZR+YwtzuhBXiRxsiYuctWcTixrnQfaFtcCw8l74mGSVgOhNblBY1cy
XdRBMYiNlBS5UVQAL/Mx4U7lsg0Y7Ht+DNxPqdb65Q1YG3mmBONwnCAr8eo/ganPv4bTJONBuzbQ
sZaZu6YKLbJqfAZHTeVIRVqKQtAeWYb06jMbl9kIpmVnIdvY3y4yq8/6vyQ1+K+dk8jzQDdRY77w
a6QTOH0jf2faMot+tfDJWK+oLCx8OCCJPTk3m4vdY8ktLHwlZujMK9IZ4hBTck3uJeEFpwzDLyaA
1/WheGh5HxGhFOMv6UU0i4d+1UPG0vLAPjrNyJ+M3/wKDZOZJzYEtiuVbq0EIBeUfaKtoaEcIIvs
TPzMz3Z99OqGmn9pXcH8Lhr91DC90BIbvlJyQPzLXlNB5URMhrT92ysqo4rC/l4scxxEwHSBXUtZ
[...]
Wc1Fzq6eB4vGw4xjwDO8MM8M+r1mwYkkzS90Usu7qqNQYWrkVDqN4q3ZPRnbt7LY00TZ661M0KaU
Ak/6D4fVNPYu660kijSr0nmMy9YqoxpxfU6xy+zNg6NQKZyJ6lv2cNO2XD7GST03N139m5ePztUb
K1q5PPHzMULPyvCerxp8G4nWjG2ZpN3paUBnzlfsQCm3zZVUrirxdw+Sel8ZfWj70RTJeDcF65s1
XdL+1YPuVdRbziMynbanZ78KVClZnXH9hJu0Rz1pZGVU5EcNZ5KkY5oWIb11KA12pOmn54tI+5ou
nxLfwsa3GiljWL60WO4ZUltbEkw5EDSw96GoMj6SSsfd7nhn9TcqbRx398rbINbOVKBnVo/bVIrX
j/oGq3QcKx1DvQPnzBJZx3G8S2jJmZ2+6tvVobal56xgjFXJv3nZ6M/j0HZ2sfehcBrOsyeyshOt
HvcM96WRDk+PsdxncMRt0Mqxv1JNRu50xmcrZyUSvwyiI/1qHBu+fJP1l1Td9tFtH9OeLRV4I6H+
iGB/mzqnjnXKnpNGYBIlZjvfWELPSnYPSWsdWOuy6BGj9I2h1eU+azbAkaXa6indOZSxsybjSl4N
oB/IkfFvmmg1ZV11PA2+BmZVe15FEqnzVRz1S0nEH7wIN5WKpdMEhddnFVvZaJfVd22HUy2Xj+98
XCQXtLdw4/+RqP0LCTWAwxOGjwNl/pOfpm8iT4RC3xr2Z/scl47PztWXXXirq2Ta/NVgdl/rU2v4
GiV2R6qBtAW3f2Qw34ShLbvRYDcDAC7PmmKeeEoAACAASURBVI87vuJuKzuQZJepCH+XxyqFFqyJ
OzC+8huPmVT6cLN7nVme0sEId5016w1RWQ9WjjvcSVBDiahIpYEfLTgm6f/sXdv/XAaPrG0fDnRl
bQ3l3R0zC1GXVZ6+HtfooHriWsZn+00q8b6qKinqx5D1WWnp2d38IouUFM0plPZZidG+7IjzjbRb
VPT5fBWyssqpojRpfUajQOHrduyVml3vF3jpRGZzIT+NSNLXq4ceL1BsF9PPfNW01eMDLz83Ahy1
sq7MyA1yVJeJtftF1tjwjp/35I0iz+aIp6zmBL3q1Om5G3nT1H1dFbp6I8SOHudNEmxKFVDil4CS
iqZZ27HWDOXXTrE5wlOVv9M2J6dH7OqN1SRtmKvMw76hDyVdBZvXaDzbDapg+VT26GRk6NenDM6l
GO7M+lGW/MprTWmMt4a5X6x09Q8q0hscblGdobb0LGU+i6OEeF9N9sW052Pum4H6x1pH+uCihfH2
8aKVf5LbCyoBHSXxsqa/iRpnu2qOp8q6KzZr8W5BqFx57Y4servE1ypoVRuvUUGPOM1I++lZiXl8
WLEMK4F0AhUp42qPlfGR2dHXZjMTWKHnpffRsgIaxiHuO1D0foZKA2t5W9O/zOG2n31MhuIF5jAz
yGdO6wlUKDfd+Dh1X9earjwtXuAuvcpYE4GFivPtiB8S6l3v7kLFy+wsl0TGsqQ7QDrekPQpo8qb
mfKOTH/f0JkiUN8WSSNd5Kxrs/NPPNaZKjxhUKQdwNnzE+Cw1LUbkIS7tABIwUo8vufYX3FUTspa
TeubzhdkDOaXM96XZi3c8hZZL03qthbpORSZZtVFhOzyesqf19LWraplq6/GLFp1e32RdGpPE61k
/9rYyMZ+lkj7dzVQkgYKkgHJx8KtKGuUvxGmfANFROvhZK4abyBDiXM7afIaWasb5HypBFQyO17+
hXDK5BnlLbXvlJW/N/ha+96wgyd3f+ppqcocB3HvxlyWSBuddKDiTanSDpg3oGD9PxgormyL+PWK
ep76bQzpYPNHq6LrPE29yvpB6Re8N0BWQ7KF1Ur8YES7KjE6w9bI5C6wygEbaTOkcQVth9L+V31P
IvudJt6jrODGNEukBx7yf+K0s8gObviPXv0n0nBARPusXfGRBjf8QRGJPAFw6zBJAx5W/a/ESCx5
c0qUjkqfuaGtKU88QC+TN3lZWQ8ru4yqvDZV5znHVIJ/WtXmMvY732izkN6pctPICoFo2zWvjJ7x
6WotcMzoB6qvctWssQBHgZpAeT9mympE5AX+yqhl3nh+W8ubsplHhG/i2ktcn1SKqE+Eo1i3pJau
cpFmra9RZzeuG7hWS3f4qtjKlTNIPRt/7smtxsRKNvkBESl9/Ky2fUw55+VACa22a9Z0mek4iUbO
R/vItuISktycEX9XZtM/t3ZKzo3aDyRGMVSpOjc75JCeA6rrllXKEvm/h9PNqqcLrCPxbMFo5VfP
+LkJyf8lqly9oe0d0UrJ4m3kb7ib3UI7R+Nbzqk4NDprOf0d3pWUjEexZPSAImXucdW1GOI8PVdb
lEysWbepOJL6QfmfvaEdpPYVWE5SVl0QH64q8m2pnAJJmePOTS27tRMl+4Vvb/anWDxfIzmn/s3/
nAQv1EprSTnj4wd0urW6U6LK+jcCV9YkxjArIhE/u0lJfJtKJB2+Dp7eIddPD0pfp1GyfGZZVTpe
S8dM2s00cxvnbED3mY1VpFFJwBumytuB9PXlPFipbDs9jTIm9V7AGgtwZAu2XXJnVBL6NT8+cI1f
5woWJt4pfTt20sDJ2LrxNEVvQmmm7Fhulio6rk4S4e1Vx1zqFN6QuqVisptNRZpYRYfXXwv2krrS
3+NeWyq1poBHSdZ95sZ0RdOr/JucMVq9w0RpIeyi5PaPAhMYDc2ibbSsXzGsjriSOKiRnqVFpecD
38Mp03zMoXpD3Uw7q7DFGeUuecIKBQOMlk6lB5nbsI7MZayGsw30/ydBDkkfPKi/7jAyEyqzKkI/
BRjbrER6WWlnDQsFTuKrhvPKoI+3r/IoddXHajv5Vjj7hEgaCBP37BppM6n4wEv2VbNxbsyZFxnR
0g+tU2Mf0purBdZtqL+QNd7MNTtt+3NoGbICG+68aQBOJZEG/RkWYtSZybaK0nFF9rnkB3+9/rXP
AZVqK8m7cjubcZq181N2UpH1XR/vbkx9vmRo2o+vvW6s9HlqOZ3HAcC0jWAK1T/2p8wNVaAtExk/
QmZP35Gb2hpVKr5RZJpqotWexleo0qhFq34TXoXnwFSB7dW0tdbSTsaq3kp115BVXadEW93XTPD8
jYZo2C+a1Z57WryZVxqXnuEq+9kkyTQi3r849eRSZCmwqDkT2aOTsutXCyRly8nH+Rp4Xkidt0/p
n0G8jRK3SV+k2+Q0f0vss5G4Z6mkgxhpv4dqfc5IG2fMF5m3CJQ/+6kCM8XdnOxl9HUJzDKbGXnX
gTJ3GF+3K2s5qz775/XcfaOa1dRQ1lUCyiqu1llNj2uzMW7U1cqcJ6TI4hnT1HR8139lulfRFZjH
+mykodzh+vZYGZ52qO3qxp7PDpw43436vlL/q3Rch3bO6KiM69DS6VBmuvb5I5x3JPo7jfydc+so
jCrf63RQxOuy5jQ837NOjYWbEVGJZS2xblZPgKMplVujMikSGSsXPaumAqleazqxbd9Nyn3wZ7kl
dE6kzreqiuHJp2ikvmTE1/4lo06qTbPsfKt5f1zNZStrNYbMHqX1a6tu2VbPGrEbj1l7kN2Irnaa
zJnz0s7Kq0BHyB1pdkt9cYX6qCFFo+OijIW2v/vn13uJ1Zw340/2vFZ3wvphPW5XRxJuL/t/i82a
NmeaOKOMBnqhOrLKijQ3gJO3qMl4+/dZLWUr4eRrRtpNi5vb673oelTusW2Pz/zuyS4SdzukwSxf
8XyJZodVfB1qd47sleDtHOuHdeahl/HrfcY6M9a1Eciwg9cqmSbuyKu4fHE6ejBCxQEHu4MeGYvh
nmsiX/zWHC/VCR+TgRVSpdqCHHEPZfW0DfJiHKvoFpXskubVQZH+oR7rv3A6aWWuJKOc2jRlyhCq
zrKulvKpaZqG9Uhad6AUuXGn6OXfGZmUGewfX+jtKcXWo1s3Zy1bueXOPPHXwDhHNnB3aUiZV6Mi
FUEBNW8OtYoCHXVaJ/XQ0DejFC5Ei/MPKFPHFAkgVL2YKvlnhacjosxRya39+q6W3S0x03J2CT1B
30zB1ELS5ny4XP5OTtxOSW+dqVxmnTzPQPvuLVqUzi/WnfYFN5ISEfM6fnN969sjeTSIivMOVUa+
lpZIkfXpm6LUm+PjaEydDsbGnj4Lpr6K6lkR8azjdF+wi2nsP/GsRS77z13mNH9vkMMzrMh6dCex
a59QveKmYg9SdsFCnZSswmUMt+t5ZXzWW7yeV9bqB3yBijYdlW4H44oLJd5XAUf+LZORS1qY0NHi
BjYiaxFUoQokr89S6GHjTbiFv2heTt4lKrJVFOCojyi4+5RPqZrJ/DtufXYF+5gt1mwpl7tzCm/k
CamJm8mbd4F584IcoUCJXYmsVL7lmuXeNNyM8qdJ5Fda5VZoGgUvWoJwvkXyMpq+mVPq0xXpUKQz
p63Qeuye+km5ljRW1F631SMwgUaqpumQMU/5y7u0j+XL0pDTRfwABZHcPm+Rxa19F1ber06sIXLr
H7ebkZ1DpNWx6bzpWcfIMxjssJe4eMAjb4rI+BDPpirLHiVBi/i7U4I0smGdSfODG85o59kHKslM
f9h+UtQoKVpO2itvR1F2ulltK23jRFH+LVVhkftGF/tzKXHHKecxt6GdNF2l3r2q6GKuhteM28ej
kjRG5mz/UBp2RLpglemfJIq71U5J9aPdOeZCZXM+FBNszylPmr6OgtKHxZWjtXfYUQzPoOxAhzWP
px6JB+lF9a0TY3m1cib5KEkeXGrOk/cOKCPh4FRpblEywm1ZF9+IoWOrTCAhmIbRBjenCaVf04/E
BWSl3wYBjvrFngut5khEqcoBUlVF5aueSuTvma9I5qWbolpF7mt0VdPMboVmPD7Vd7BHkbUC42kL
NMyMtFcyKFqQ/LSC3Piw+Tm832btCf506hcgyMovaxr3ZFT/fKpJrx7p1pKGvwFVXd7tUD+U0com
d03bxGpjG+OKp6JdFBBVXaZGHDf6Xyp+0WY4YxUYXnS8I6NnYQ9J2tuRf47c82ult2XHDiLRtrfW
qI/Hr5QlkKkzZZXjjQaNSjsSkXY+rgyMu9PJyo7sJCLti3K2SfHgcLqWvJ0aM0aWzpHGs53U7Paf
+3BXf8uu1noxNL+vL5lNP7P7Xg8b3pcLHxvWNL6itc15okjAoHLsmWvOaQQGG9NZvRk7+3CLzZdP
dS32ZDv7OgFW1mZNExXfRzIytwMOdnIr9X7aekqDDpXPkWcuazlCgY10eutcEposTlZ7O1SaVfV7
ebOOj5qvSBd9ed01VDb96stit0LDO+EqDnBYEcvqZm0440Qd4pzUi6frG243eNyyZHBGZndeG3Xw
rYb7uOr5fplSgYqMecyqXBte9+BGqJrKnrdYnu4Jox7KpGhH3BuRR9m0WhvcqCUaaqZS83Ko5p3U
C2tkZVdSs29T0euWVbQaMvczFfyS05jNSbdwgaL8Ub4gh33+toX6F75z/sqrLiNPWeJXXrrjigge
4/ZK9zRAlMSvLk0DFyrSQmb2tsoaZ/SA8sSVSkaHXetk6klHlWiRsspgrgdtQzrZ5PQMy9I7ZzXU
06Hh5UuVVQhPink7sW90k67oSIph3y+URgzF23kT7bizgxzOsnn2QSXBH0ydqzOsFDI/F270Z20A
5f3onUK/urXovpk0arXjLGMvTIIY1tGnl8EIdHg7RPZVV2K0O9KU07IobT3F6af5SOXwt9uVaRC6
zB5cbnqVFMR/nESF64ms4yw/4JBuleCeVCDI0egrOnSrOMBRC3f3aewqzXthq6nWqlyJSOACAmuY
NSangNnLUH3XJr+xVGy0G5upcasGTjpFA1BGZVnoIWrm/OF5/EGPWmQfDe4S5z2INLfkdQwypmlG
+eu5xfk0IqhhptXE6K2/AI+M1dKRF7Hr3irCDL6oSJE3QXmnWU1hjhUqaRzbI8Lnl9ylL9N/jmew
fq1IOktWYzwe5wY5sm78Uca8gZyt70ZP3Z3LE+TI7opnrRHPOKOXt5L6yq6oLYmK2yz6/HYDxjmj
FtuAyb+RsbLtWtLp2ERptsY6j2MYyfbVb+Uwl8kX5Ii0z0Wq6sK1eV0PR3tdV5N4fJtL+r1gq621
t6f4iunbnBUq3buy2Zu8wGq1O8p2cMPevTKbu978irZj8gMOxkERD40bz5lxEyvtEg0kI8AQD1P6
8LSe0IMcSfNNK5d+VVeavl42PdARf0//3COmEefHlcI7tbjSxgfmi6epJXgQH5dFAh1V1xpNfsDY
KgtwVLrlvgM1+K3COpDdFVm0NROKl+ZLjueMFIunaxW2bHvXbdd4dsr8ROvS1K3qNYWeeaKypa9P
PsH5kihT9vIp6/9F5nHyKpD+yqR5O6DZjfKnV3bNRumpITlPeHZAb2bFmtZaVpnny3iSeFzcaM2b
J09VTbLKNf8Fm0glcq/Dnl9DG9NoxNXBqulKt7Ddba8EuxOQdqT9VrZHzgKo8tdVFe2MNLLh4q0/
RZKgR2j6zDTrtK3T46DSdtHHRXEHWRm3R6yUOv03oX2J03WCGkk/fuX8Y5yf01auGQBxSpa5NP7h
gVHxsqV1beVMULnNV7RAh/bMUSMvd9oijXprtHH/SFzjug+AtNenRHG2kbGmsm9PDrWkireWoihK
nt9Q7B18cWFLBEW0cq1so7RrFmqr+uaWSholMpQypWxZwCNyn0Ti7C92vSyVW33yAg5xYs4B7K52
X48jsoKmxZpSWS23NBzl7z8lB4KVpi8fM5HkuM7Iu1CQI+Pw0YMaocBHWgekCfkCG8Y8vrJWrgqx
81EqCvywHHr1qzd1rZ4pUl+UOzZqu0IjOw23P+m/WqOWW2GSerHw9L6SpVbPa2IrGtdOKpFwVE0n
L5yFeaCUD5r4NrcKfM4tTKm0at8Y1dyq0OrbV+p5wi3U8dCntZa+TFkKP8pDxFshrwz3VFiev1Tl
MkCtoindiSo1T5pHRnO89DzuLFXM00CroQy6WmqG6kPIj7asbVyP7V8+uNG4tKsTPiaNukm5w0L1
V9Y0eX8+djn0tns6jV3nmuW200vZbzTQm/zucDORcq0Po4TBcplLZd5Son1P8l8ZZhcvOedVhiv9
i482nTKms8uavAvBs3TpAx39r+PUpw6UReXN5xlWqFdc2VYZk1ZTbzod61oPWhVat6tbqH3gfLcC
julellYwSp8iZ3/w5ecNboSmtvZt35Jkt4ly2mf6YZQch9pIfZiRffEQna+gRt2nVRlmXese2yv/
piGPuD4wXylr/0WV6fRzSTosmc5f7aXLojzLVIon9cgz3KhPi5+HvDkqlfxVw6zzlZFmPRQJiph5
5U+/6gIceYKLVOSe+zL7Y9l9t1Dm7r1deX/xrLXsQsr7OVxgO6+adt9qZi4yT4PPo8m7tLOmyR3v
nCVKpVhkTmV8yIiwSVqB5+dclJlfVZu6iu1YzRpt1G4YnNfaf+p1/OIRVehgb96eUE2jpWyDq2ia
etruucn/GsPMchSZJlQYrfWb18g0Gu7WdHqHw07eTSd+baEnvcpMaUPfKUGBHEJdlKwlU9o367PW
O1BpAY357em8LZ9go0j/HTeePV6joeVbCRgYf/r43CBHXCC9vMWDGzX9cJfzK2VQxg4eGeUv0iq0
0tXaG/4g0ioWaE8bP+5oh5t/NQbGZByC5joyb0kxghuROzxNT9klzSmZfUTE/ZAkvOfM7CyVVt95
i+OkHyiUNt6uG53JPMPdP8/VHHq9rJXZdx4JDTNeEau1ne3yuWUtehRkn3n0rePMFkeetL9qggx6
sKNM4CO4fQrMmxXA0McVvfqjyGSr7BYVEfMinupTqIuqEmpcVa+s1O3vaREKlsGKUAfnClwK3Gx6
GZtyQg0EOdI3qCjvulbxuIx0/fN4h2bOV/SqiXCzL7t5k92MC1XyqlCZ7OmLWGlXRdnrV8x9peg8
1eTjnc/3vVKg6o4icx1Vk0bwV6GS9OVpq0ZtAa2s4Yqsy8w6OnfmgkunqsxHqwvrtR6z0vFeOl1w
OmeeKgps/NgWOK6T+kc7TTj1kri1cDqNGwCJKulJpHddIq1+CT9gNDJSyuN7FKBWrytzWFKApChx
7yJKbtVJOsXGulBJWY28MjaMcqaJ0hUT2a9Atc/RZic23o5KzOred1ZKt1N2w8kOnNQal0y6wnF5
SzbH9HL7Xg/rJucG0/JzqOqa55Y+jyM5nsQfQ3Lb28rYnZSIRErlP9DcSMg8sv17Zii9SmvMrDgy
sy02Xl8LyjeB95gzHu6pJ1WmQIFh6S0ivrCt/zYVO434dj6jcM4MkaS1ptK+p3u0srafuV+U6ZGk
rWm9to+0OtE/rTKGBVOv4daQYmnE9X91x7pP7be2ZleGqzDAoWttx7qazVjfRn+oieHmU7pR6pnY
bHzV/hidarZc5nUTnhNFK+RWJBkn7XCFbAcF3CmrW58x91QaSq/Ufm+1hYpVxWFl58vqWKx8CQVt
as+nPdN41MIS9dHK4EYzFOrSJvdwl+sKN3qPUsbn8DnRaZDnnEqcxEuVSQtDhNJI4w7GucvtOCWT
JyNDr+o1ggeRlYL10L9kWqMgxZbO/eg7H6W/a/qDGpX5lGidQKUtsNZD0oMfec9lcjau2XIRFVUe
aOoNSWgqzyWIJL1XX/ts7Gnehpe/q1MPue3+KoIcwXUZGWvP+vCIKhAcsI9R/Ti3Dz8jnujtXFey
9eyMgfCbUyJvH9iXoJurNkMByvxiHm7K3EfsWF9mFpVonxuxyC2dHeywb0WRynHs1HWeRFeeoZKd
aZqPeS5MV3de3RJKMS5DSUU3XVbAsOCbBYs8g0OJW0c1+jWxwXJlpLMqAhxu8fzVce7qqEO4fGWH
rf5UVa/zQl4J9BNwZA2zpymTujuPfvYvqaqHi1aRzypS1aXdoSs6CqWrnEo4M6/gts8OevjTMuet
ZeM1Iujg2/+bEtywglWrYZcu1b/JUM+QM6EWi91Qbk0RSudfr30rL49Au9j4kjmNL9G8aQLzrbRx
0xCCLe6nm7/2SjDIkTXMTlcfaTY09V64vjMV20Irc/mWRnm+WrWbse+qyn/a6wsrV0MajVGlzGn0
4EeSTfbWSTtbeuM6J/CgTZZ8jMR4EKybSSVNp1MZajGWOSrCtWrmZd3BuexyZI2r9cjVS1HPs0Oz
pWXPakfHu0L+o1TyK3Lf62HjD6VikYUnDk1oH3TpF+UbneRZOeizkjZGhvJxD7H4qxKzClDatPHW
UlYiURQ5e6T9f+Ubq/TvVvu2UtH6+l35ih0TvvTS/CpLW0UnP00s+7b7vDTMs52qnN8ac+Yv+7DR
kNXxDI5mtujapFXdyNNENc89gF+1nd/s+e3av1gueY35IgGB8geIXuXFg1q7g4WWsynBDbE6Y3U7
kIs8yKs5an443SqzGhaneBmqKG2Re2u9QdaGlqrqdN0fAd3HQGY/JC5Nu1S5tda23fD2TRp/MBrs
vsa6b768Yki8feJ7p9M5022prLmqYZ2v3CeEaj0O+z5u975u5Ty90H/vtzudp2T6vehxQawOmi1+
9kYk5mnKOGM5w33rMzBvifVc6iwZ95eL/dxvjlbxd2X8P6iO56yVf/0FbenrYuMyOFvYDG2kx7HK
2LWyKhstohkeawzJCM01UOQe1tahrnwPtRDtu3cZM35Mzaie7FZymrz7Wc9eaUPj4vr+3HnsP/NH
Q/t84/9/tbKumfbV656p6nAsVfMMjtA8eWk163WxqyPAAQAAAAAAUAMCHAAAAAAAoO0R4AAAAAAA
AG2PAAcAAAAAAGh7BDgAAAAAAEDbI8ABAAAAAADanoqa9b4WAAAAAACABuEKDgAAAAAA0PYIcAAA
AAAAgLZHgAMAAAAAALQ9AhwAAAAAAKDtEeAAAAAAAABtjwAHAAAAAABoewQ4AAAAAABA2yPAAQAA
AAAA2h4BDgAAAAAA0PYIcAAAAAAAgLZHgAMAAAAAALQ9AhwAAAAAAKDtEeAAAAAAAABtjwAHAAAA
AABoewQ4AAAAAABA2yPAAQAAAAAA2h4BDgAAAAAA0PYIcAAAAAAAgLZHgAMAAAAAALQ9AhwAAAAA
AKDtEeAAAAAAAABtjwAHAAAAAABoewQ4AAAAAABA2yPAAQAAAAAA2h4BDgAAAAAA0PYIcAAAAAAA
gLZHgAMAAAAAALQ9AhwAAAAAAKDtEeAAAAAAAABtjwAHAAAAAABoewQ4AAAAAABA2yPAAQAAAAAA
2h4BDgAAAAAA0PYIcAAAAAAAgLbX2eoCAACA9hZFkdy5c0cuXbokV69elampKZmcnJR79+450+7d
u1f6+/tldHRUdu7cKTt37pT169e3oNQAAOBRo6IoilpdCAAA0D6iKJLl5WWZmZmRL774Qk6dOiVX
r16tKq3+/n556qmn5IUXXpAdO3ZId3e3KKXqXGIAALAWEOAAAACFRFEks7OzMjExIZ999pn8/ve/
r2v6O3bskDfeeEPGxsZkw4YN0tnJhaYAAKA4AhwAACBTFEUyNzcn165dkw8//FDOnz8vS0tLDctv
y5Yt8t3vflcOHjwoGzdulI4OHhkGrEbLy8uytLTEbWYAVg0CHAAAIGhpaUlu3rwpJ06ckKNHj3qf
qxFTSkl3d7d0dXVJV1eXrF+/3ghOLC4uyuLioszNzcnCwkJukOSZZ56RQ4cOyZ49e6Srq6tuywSg
djMzM3LlyhW5ffu2jIyMyPbt26W3t7fVxQKwxhHgAAAAXnNzc3L58mX53e9+JxcvXpSFhQVnGqWU
9PX1yebNm2XTpk2yZcuW5HN/f7/xy+79+/dlZmZGpqam5NatWzI1NSXT09MyPT0ty8vL3jIMDg7K
kSNH5JlnnpHBwcGGLSuAYhYXF+X69ety8uRJ+eyzz+T+/fvS29srb775phw5cqTVxQOwxhHgAAAA
jrm5OTl16pR88sknMjEx4Q1ADA4Oyu7du2XPnj3y2GOPydDQkPT19RVKf3l5WW7duiUTExPJ21cm
Jye9QZSuri558cUX5fXXX5fh4eGalw1Ade7cuSNnz56V8fFx+eabb4yrsLZs2SJ/+7d/y+0qAFqK
p3cBaLmZmRm5du2a3Lp1S2ZnZxt6b3+su7tbNm7cKDt27JBt27Y1PD+gnczMzMiXX34pn332mdy4
ccMZ39/fLwcOHJDHH39cxsbGqrqyoqOjQ4aHh2V4eFgOHjwoV69elQsXLsi5c+dkcnLSCKgsLCzI
559/LvPz8/Lqq6/K7t27a1o+AOUsLCzIt99+K+Pj43L69Gm5f/++M838/LzMzc0R4ADQUgQ4ALTM
8vKyXL16Vb788ku5dOmSTE9Py9zcnDTjwrKuri7p6+uTbdu2ybPPPivPP/88jTJAVjoyJ0+elI8+
+kju3r3rjB8bG5MXXnhBHn/88brdMtLT0yNjY2MyOjoq+/fvl5MnT8r4+LjMzc0l0zx8+FBOnDgh
i4uL8vbbb3MlB9AEURTJ7du35fjx43Ly5Em5du1a5o8QoVvNAKBZCHAAaInl5WU5f/68/N///Z9c
vXrVe1l6Iy0sLMjCwoJMT0/L5OSkTExMyI9//GOCHFjTHj58KKdPn5YPP/zQCW50dHTISy+9JIcO
HZLR0dGGvNmkp6dH9u/fL1u3bpWRkRH5n//5H5mZmTHKd+HCBenp6ZHvf//7smXLlrqXAcCKxcVF
OX/+vHzxxRdy+fJl71UbALDaEOAA0BI3btyQTz75RC5dutTqosidO3dkfHxctm7dKq+99lqriwO0
RBRFMjExIe+//75MTU0Z4/r6+uS1cuGKJAAAEshJREFU116Tl19+uSkP+hwcHJSXXnpJBgYG5De/
+Y1xm8z8/LycOnVKBgYG5I033ij8zA8AxURRJHfv3pUPPvhAzp49m/kQYABYbQhwAGi62dlZOXXq
lHz11VetLkpidnZWPvvsM9mzZ4/s2LGj1cUBmm52dlbee+89mZycNIb39vbK4cOH5dChQ00NJqxf
v14OHjwoAwMD8s///M9G0GVubk6+/PJL2bJlizz//POybt26ppULeJRFUSTj4+Py29/+Vm7cuNH0
qysBoFYEOAA03d27d+XcuXPy8OHDVhclEUWRTE9Py7lz5whwYE06evSoE3Rct26dvPTSS/LKK69I
b2+vKKVy01lYWJArV67IlStX5MaNG8ZzNLZt2yabN2+WAwcOyMaNG3PTWrdunYyOjsrPf/5z+cd/
/MeksxU/F2B8fFxGRkZkdHS05NICsE1NTcmvf/1r+frrr5v2PCwAqDcCHACabm5uTm7evNnqYjjm
5+e9b4wAHnV37tyR9957z7kM/amnnpLDhw8XunLj3r178umnn8r4+LjcuXNHoihK/mIdHR2ilJLO
zk7Zt2+fvPHGG7J///7MdJVSsnv3bvnzP/9z+ad/+idj3Pnz52XPnj2ydetW6erqKrHEAGLLy8ty
9OhR+d///V+5d+9eq4sDADUhwAGg6R4+fCgPHjxodTEcy8vL3rdGAI+yKIrkX//1X53gxs6dO+W1
117LfebG3NycfPzxx/Lxxx/nPoQwzmNpaUnOnDkjFy5ckMcff1x++MMfyujoaPAKEaWUjI2Nyfe+
9z354IMPjKDJ8ePHZe/evbJv374iiwugIn7uzrvvvisXLlzgORsAHgkEOAAAWMO+/fZb52G/vb29
8uSTT2YGDeIHEf77v/+7nDt3rqq8Hz58KGfOnJHr16/Lm2++Kc8995ysX7/eG+jo6uqSl19+Wc6e
PWs8J2RyclK++eYbGR0dle7u7qrKAawly8vLMjMzI+Pj4/Lxxx/LnTt3Wl0kAKib+r/jDQAAtI2j
R4/K0tKSMWz79u3ywgsvZM539epV+Yd/+Ieqgxu6+N7/jz/+WGZnZ4PTDQwMyGuvvSadnebvM8eP
H5ebN2/yzAAgQxRFMjs7KxcuXJB/+7d/k3fffZfgBoBHDldwAACwRt2+fVvOnj1rBAZ6e3vliSee
kKGhoeB8N27ckF/96ldy69atupVldnZWPvzwQ+np6ZEXX3zR+0yN9evXy759+2T37t3GA1GvXr0q
165dk5GRESf4AWDlaqkbN27IyZMn5fPPP+d2TACPLK7gAABgjTp9+rTxNiOllGzZskWee+654Dx3
796Vd999tyEP5H3w4IF88skn8oc//CH4PIDBwUF56qmnpKPDbMJ89dVXmVd/AGtRFEVy7949OXHi
hPz617+W999/n+AGgEcaP3MAALAGLS8vy8WLF5NXr4qIdHZ2ytjYmGzatCk437Fjx+T8+fMNux3k
+vXr8tlnn8nIyIgMDAw447u6umTHjh0yPDxsPIsjDnAUef0ssBYsLy/LpUuX5OTJk3L8+PHchwAD
wKOAKzgAAFiDpqen5datW8aVEuvXr5cDBw4E55mampJTp07J4uJiQ8t27tw5uXz5svNskNjQ0JA8
9thjxrC7d+/K7du3eRMEICvH929/+1v5zW9+I59++inBDQBrBldwAACwBl2/ft24ekMpJf39/TI6
Ohqc58SJE3Lr1q2GP8xzYWFBjh07JmNjY9LX1+eM7+/vl61bt0pHR4cR0Pjmm29k37593ud3AGvB
4uKinD9/XsbHx+X8+fMyPz/f6iIBQFMR4AAAYA26ceOGEeCIokhGRkakp6fHO/3c3JxcunRJ5ubm
mlK+r7/+Wu7evSu9vb3Oa2M7OztlcHBQent7jV+mJyYm5OHDhwQ4sCZNTk7KsWPH5OzZs3Ljxg3e
KgRgTSLAAQDAGvTgwQPj6oeOjg7Zvn17cPrJyUmZnp5uWqdpfn5evv76a9m2bZsT4BAR2bhxo2ze
vNkIcMzMzNCpw5ozPz8vJ0+elGPHjsmVK1dkYWGB4wDAmkWAAwCANejGjRvO5eubN28OTj89Pd30
y91v374dHNff3y8bNmwwhk1OThpvhQEedZOTk/LRRx/J2bNnnaBlK/iCkQDQTAQ4AABYg+xAgFIq
8+0prQhwXLlyRZaWlpxXwoqIdHd3S29vrzGs0Q8/BVaTyclJ+e///m85f/588IG8ALDWEOAAAAAi
It5AQqwVvwxnddqUUvxajDUriiK5du2anDt3ruVXbei4NQZAq/GaWAAAAKANEVAAABMBDgAAICLZ
V2lkXd3RKOvWrQuOi6KIzh3WLKWUjIyMyMGDBzOPk2bjqioArUaAAwCANaiz07xLNYoimZ6eDk6/
adMm6e7ubnSxDDt37gx23ubn52V2dtYYtn79+mYUC1gVtm/fLj/+8Y/lj/7oj2TDhg0tCUICwGpD
TQgAwBo0PDzsBCyy3lrSigBH1ltd7t+/b7wiVkRkZGTECdwAj7KRkRF555135Ec/+pHs3btXuru7
W3oVBVdVAWg1AhwAAKxBfX19xi++y8vLcu3ateD0IyMjsmnTpqZ1nrq7u2Xv3r3B/O7du+cEZDZs
2MAl8lhzuru75Tvf+Y688847cujQIdm6dSvHAYA1iwAHAABr0PDwsHR1dSXflVJy48YNWVhY8E7f
09Mje/fulZ6enqaUb+/evTI4OOjtqD18+FDu3r0rDx48MIbv2LGDKziwZo2MjMgf//Efy9tvvy3P
PPNM06+4AoDVgAAHAABr0LZt24wARxRFMjMzk3kVx7PPPitbtmxp+K/DXV1d8uKLLwY7aPfv35cb
N244D0XdtWsXAQ6saV1dXfLMM8/IT37yE3nzzTdl586dXM0BYE0hwAEAwBq0adMm2bJli3GbysLC
gpw5cyY4z9DQkDz33HNGYKQRDhw4IHv27Ak+YHRqakq+/fZbY9jGjRtlaGiIBy0CsvL8miNHjshP
fvITefXVV6W/v7/VRQKApqAVAADAGtTR0SFjY2NGsOLhw4dy8eLFzLepvPDCC/L444837Ffh4eFh
efnll2XDhg3e8QsLCzIxMSHXr183hu/fv196e3sbUiagHXV0dMi+ffvkzTfflJ/97Geyf/9+AoAA
HnnUcgAArFFPPfWUcUtHFEVy69YtOXHiRHCeDRs2yI9+9CMZHh6ue3n6+vrk9ddfl7179wY7YtPT
03L69Gnn9pSxsTECHIBFKSUbN26UZ599Vn7605/K97//fRkYGGh1sQCgYQhwAACwRg0NDckTTzxh
XI0xOzsrZ86ckampqeB8W7dulZ///OcyNDRUt7L09vbK4cOHM2+BWVhYkD/84Q9y+fJlY/jo6Khs
3749eEsLsNZ1dnbK9u3b5fDhw/Inf/IncvDgQY4XAI8kAhwAAKxhR44ccTo6165dk/Hx8cz5RkdH
5a//+q/l4MGDNZdh8+bN8tOf/lTeeOONzKsw7t27J59++qk8fPjQGP7ss8/yakwgh1JKent75cCB
A/Knf/qn8tZbb8ng4GCriwUAdUWAAwCANWx4eFj27NljDJubm5PTp0/LpUuXgvMppWTTpk3yi1/8
Qn72s59JX19f6bw7OzvlySeflF/84hfy0ksvSVdXVzBIsbCwIJ9//rnzlpdt27bJ7t27eSUmUFBH
R4cMDAzIkSNH5Je//KU88cQTPJsDwCOD2gxA03V2dq7KJ7p3dHTIxo0bW10MoKmUUvJnf/ZnRgcn
iiK5cuWKfPzxx3Lnzp3M+bu7u+Xw4cPyd3/3d/KDH/xANm/eLOvWrZOOjg4nWNHR0SEdHR3S3d0t
Bw8elL/6q7+Sv/zLv5Rdu3ZlXn0RRZFcvHhR3n//fYmiyCj7888/Lzt37qxy6YG1q6OjQ0ZHR+WX
v/ylvPPOO7Jx40auggLQ9nhZPICm6+npkS1btsj9+/dbXRRDd3e3bNu2rdXFAJpu06ZN8tZbb8l7
771nPLzz9OnTsmHDBvnBD34g/f39mZ2fjRs3yltvvSXf+9735Ntvv5Xr16/L9evXjeN8165d0tfX
JwcPHiwcTIyiSL755hv5l3/5F2fc448/Lk888UTDX1sLPMo6Ojrk1VdflQMHDsh//dd/ycWLF2V+
ft4IJgJAuyDAAaDpBgYG5ODBg3L16lXnXvpWiS+3P3DgQKuLArTEoUOH5KuvvpILFy4kw5aWlmR8
fFwGBgbk5Zdflr6+vtxfeLu6umRsbEzGxsZqLtPy8rJMTEzIr371K5mfn0+Gx8fr888/LyMjIzXn
A2DlocN/8Rd/IePj4/LRRx/JzZs3ZWFhodXFAoBS1v393//937e6EADWlvXr10tvb6/cunVLbt++
3eriiMjKGxyOHDkiTz31VKuLArREZ2enDA8Py+XLl42rLh4+fCgTExOytLQkW7ZsadqrWBcXF+XC
hQvyH//xH3Lz5k1jXG9vr3znO9+Rl156iWdvAHWklJKRkRF54oknZGFhQR48eFD4ao6uri45dOiQ
9PT0NKGkAOBHgANAS/T19UlfX59MT0/L7OysLC0ttawsg4OD8txzz8l3v/tdXpuHNUspJX19fdLf
3y8TExMyOzubjFtcXJRvv/1W5ufnZePGjbJhw4aG3qt/584dOXHihPznf/6nEwTt7u6Wp59+Wl5/
/XXeAAE0gFJKenp6ZGxsTDZv3iwLCwsyOzsri4uLmfMR4ACwGhDgANASSikZGhqS7du3i1JKlpaW
ZGlpqWm3rHR1dcnGjRvlsccek1dffVUOHz4s69evb0rewGrV0dEhQ0ND0tXVJVevXjUuT4+iSK5e
vSq3b9+WKIqkv7+/7h2Zubk5uXz5shw9elQ++ugjefDggTG+s7NTDhw4ID/84Q9l69atdc0bgGnd
unUyPDwsjz32mHR3d8vc3Jw8ePAgeDUHAQ4AqwHP4ADQMh0dHbJr1y7ZtGmTTExMyNTUlDx48MB4
yGGjxAGO0dFRHiwKaLq6uuSZZ56RhYUF+eKLL+T69evG+IsXL8q1a9fk0qVLybM2ar2SYm5uTiYm
JuTixYty5swZuX79unNVV2dnpzz77LPyyiuvyPDwcE35ASgm/jHi9ddfl127dsnvf/97OXXqlBN8
jPG6WQCtpiIekQwAACxzc3Ny8uRJ+eSTT+TatWvewOPg4KA89thjsmvXLtm3b58MDQ1JX19fofSX
l5dlampKJiYm5NKlS8mbV3wPNezq6pIXX3xR3njjDa7cAFpoenpazp8/L19++aV88803SSBSKSXb
tm2Tv/mbv+FqSAAtRYADAAB4zc/Py6VLl+R3v/udfPXVV97gQ3y//tatW2VgYEAGBwdl69atMjQ0
JP39/dLZmV4sev/+fbl//75MTk7K7du35c6dOzI9PS3T09PBK7cGBwflyJEj8vTTT8umTZsatqwA
illcXJTr16/LyZMn5dixY3Lv3j3p6emRt99+W1599dVWFw/AGkeAAwAABC0tLcnNmzfl+PHjcvTo
UZmZmQlOq5SSzs5O6enpke7ublm/fr1xyfri4qIsLi7K7OxsoTczPP300/LKK6/I7t27eVsKsMrM
zMzI1NSUXLt2TYaHh2V0dJTjFEDLEeAAAACZoiiS2dlZmZyclA8++EAuXLjQ0DcfbdmyRY4cOSIH
Dx6UgYEB7usHVrHFxUVuSwGwahDgAAAAhcSBjqmpKfnwww/l+PHjdU1/x44d8vrrr8v+/fulv7+f
ThMAACiFAAcAACgliiJZXl6WmZkZOXHihBw7dkwmJiaqSqu/v1+efPJJeeGFF2Tnzp3S1dUlSqk6
lxgAAKwFBDgAAEDNZmZm5Pz583L16lWZmpqSyclJuXfvnjPd3r17pb+/X3bt2iX79++XkZGRFpQW
AAA8ighwAAAAAACAtsdTuwAAAAAAQNsjwAEAAAAAANoeAQ4AAAAAAND2CHAAAAAAAIC2R4ADAAAA
AAC0PQIcAAAAAACg7RHgAAAAAAAAbY8ABwAAAAAAaHsEOAAAAAAAQNsjwAEAAAAAANoeAQ4AAAAA
AND2CHAAAAAAAIC2R4ADAAAAAAC0PQIcAAAAAACg7RHgAAAAAAAAbY8ABwAAAAAAaHsEOAAAAAAA
QNsjwAEAAAAAANoeAQ4AAAAAAND2CHAAAAAAAIC2R4ADAAAAAAC0PQIcAAAAAACg7RHgAAAAAAAA
bY8ABwAAAAAAaHsEOAAAAAAAQNsjwAEAAAAAANoeAQ4AAAAAAND2CHAAAAAAAIC2R4ADAAAAAAC0
PQIcAAAAAACg7RHgAAAAAAAAbY8ABwAAAAAAaHsEOAAAAAAAQNsjwAEAAAAAANoeAQ4AAAAAAND2
CHAAAAAAAIC2R4ADAAAAAAC0PQIcAAAAAACg7RHgAAAAAAAAbY8ABwAAAAAAaHv/D6g2QvWr/b3S
AAAAAElFTkSuQmCC
" width="800px"&gt;</msg>
<status status="PASS" starttime="20231203 21:35:48.436" endtime="20231203 21:35:49.847"/>
</kw>
<msg timestamp="20231203 21:35:49.848" level="INFO">xpath criteria: //li[text()='New York']</msg>
<msg timestamp="20231203 21:35:49.848" level="FAIL">ValueError: Element locator 'xpath=//li[text()='New York']' did not match any elements.</msg>
<status status="FAIL" starttime="20231203 21:35:47.290" endtime="20231203 21:35:49.853"/>
</kw>
<status status="FAIL" starttime="20231203 21:35:46.422" endtime="20231203 21:35:49.853"/>
</kw>
<kw name="Select One on To City" library="book">
<arg>London</arg>
<status status="NOT RUN" starttime="20231203 21:35:49.855" endtime="20231203 21:35:49.855"/>
</kw>
<kw name="Select Flight Class" library="book">
<arg>Economy</arg>
<status status="NOT RUN" starttime="20231203 21:35:49.856" endtime="20231203 21:35:49.856"/>
</kw>
<kw name="Click Submit Flight" library="book">
<status status="NOT RUN" starttime="20231203 21:35:49.857" endtime="20231203 21:35:49.857"/>
</kw>
<status status="FAIL" starttime="20231203 21:35:18.174" endtime="20231203 21:35:49.858">ValueError: Element locator 'xpath=//li[text()='New York']' did not match any elements.</status>
</test>
<status status="FAIL" starttime="20231203 21:35:17.182" endtime="20231203 21:35:49.862"/>
</suite>
<statistics>
<total>
<stat pass="0" fail="1" skip="0">All Tests</stat>
</total>
<tag>
</tag>
<suite>
<stat pass="0" fail="1" skip="0" id="s1" name="Book">Book</stat>
</suite>
</statistics>
<errors>
</errors>
</robot>
