<?xml version="1.0" encoding="UTF-8"?>
<robot generator="Robot 6.1.1 (Python 3.10.6 on win32)" generated="20231203 22:43:52.753" rpa="false" schemaversion="4">
<suite id="s1" name="signIn" source="E:\AUTOMATION\Project\Sanber51-Mobile-Automation-Kelompok17\suites\signIn.robot">
<test id="s1-t1" name="Successful Login Using a Valid Username and Password" line="17">
<kw name="Open Flight Application" library="base" type="SETUP">
<kw name="Open Application" library="AppiumLibrary">
<arg>${REMOTE_URL}</arg>
<arg>platformName=${PLATFORM_NAME}</arg>
<arg>platformVersion=${PLATFORM_VERSION}</arg>
<arg>deviceName=${DEVICE_NAME}</arg>
<arg>appPackage=${APP_PACKAGE}</arg>
<arg>appActivity=${APP_ACTIVITY}</arg>
<doc>Opens a new application to given Appium server.
Capabilities of appium server, Android and iOS,
Please check https://github.com/appium/appium/blob/master/docs/en/writing-running-appium/server-args.md
| *Option*            | *Man.* | *Description*     |
| remote_url          | Yes    | Appium server url |
| alias               | no     | alias             |
| strict_ssl          | No     | allows you to send commands to an invalid certificate host like a self-signed one. |</doc>
<status status="PASS" starttime="20231203 22:43:53.531" endtime="20231203 22:44:15.766"/>
</kw>
<status status="PASS" starttime="20231203 22:43:53.531" endtime="20231203 22:44:15.766"/>
</kw>
<kw name="Click Sign In Button On Homepage" library="homePage">
<kw name="Click Element" library="AppiumLibrary">
<arg>${login-button}</arg>
<doc>Click element identified by `locator`.</doc>
<msg timestamp="20231203 22:44:15.775" level="INFO">Clicking element '//android.widget.Button[@resource-id="com.example.myapplication:id/login"]'.</msg>
<msg timestamp="20231203 22:44:16.591" level="INFO">xpath criteria: //android.widget.Button[@resource-id="com.example.myapplication:id/login"]</msg>
<status status="PASS" starttime="20231203 22:44:15.769" endtime="20231203 22:44:16.592"/>
</kw>
<status status="PASS" starttime="20231203 22:44:15.768" endtime="20231203 22:44:16.592"/>
</kw>
<kw name="Input Username On Login Page" library="signIn">
<arg>${VALID_USERNAME}</arg>
<kw name="Wait Until Element Is Visible" library="AppiumLibrary">
<arg>${username-input}</arg>
<doc>Waits until element specified with `locator` is visible.</doc>
<msg timestamp="20231203 22:44:17.831" level="INFO">xpath criteria: //android.widget.EditText[@resource-id="com.example.myapplication:id/username"]
xpath criteria: //android.widget.EditText[@resource-id="com.example.myapplication:id/username"]</msg>
<status status="PASS" starttime="20231203 22:44:16.594" endtime="20231203 22:44:17.832"/>
</kw>
<kw name="Input Text" library="AppiumLibrary">
<arg>${username-input}</arg>
<arg>${username}</arg>
<doc>Types the given `text` into text field identified by `locator`.</doc>
<msg timestamp="20231203 22:44:17.840" level="INFO">Typing text 'support@ngendigital.com' into text field '//android.widget.EditText[@resource-id="com.example.myapplication:id/username"]'</msg>
<msg timestamp="20231203 22:44:17.977" level="INFO">xpath criteria: //android.widget.EditText[@resource-id="com.example.myapplication:id/username"]</msg>
<status status="PASS" starttime="20231203 22:44:17.832" endtime="20231203 22:44:17.977"/>
</kw>
<status status="PASS" starttime="20231203 22:44:16.593" endtime="20231203 22:44:17.978"/>
</kw>
<kw name="Input Password On Login Page" library="signIn">
<arg>${VALID_PASSWORD}</arg>
<kw name="Wait Until Element Is Visible" library="AppiumLibrary">
<arg>${password-input}</arg>
<doc>Waits until element specified with `locator` is visible.</doc>
<msg timestamp="20231203 22:44:18.679" level="INFO">xpath criteria: //android.widget.EditText[@resource-id="com.example.myapplication:id/password"]</msg>
<status status="PASS" starttime="20231203 22:44:17.980" endtime="20231203 22:44:18.679"/>
</kw>
<kw name="Input Text" library="AppiumLibrary">
<arg>${password-input}</arg>
<arg>${password}</arg>
<doc>Types the given `text` into text field identified by `locator`.</doc>
<msg timestamp="20231203 22:44:18.682" level="INFO">Typing text 'abc123' into text field '//android.widget.EditText[@resource-id="com.example.myapplication:id/password"]'</msg>
<msg timestamp="20231203 22:44:18.915" level="INFO">xpath criteria: //android.widget.EditText[@resource-id="com.example.myapplication:id/password"]</msg>
<status status="PASS" starttime="20231203 22:44:18.679" endtime="20231203 22:44:18.915"/>
</kw>
<status status="PASS" starttime="20231203 22:44:17.979" endtime="20231203 22:44:18.915"/>
</kw>
<kw name="Click Sign In Button On Login Page" library="signIn">
<kw name="Click Element" library="AppiumLibrary">
<arg>${sign-in-button}</arg>
<doc>Click element identified by `locator`.</doc>
<msg timestamp="20231203 22:44:18.924" level="INFO">Clicking element '//android.widget.Button[@resource-id="com.example.myapplication:id/signIn"]'.</msg>
<msg timestamp="20231203 22:44:19.703" level="INFO">xpath criteria: //android.widget.Button[@resource-id="com.example.myapplication:id/signIn"]</msg>
<status status="PASS" starttime="20231203 22:44:18.917" endtime="20231203 22:44:19.703"/>
</kw>
<status status="PASS" starttime="20231203 22:44:18.916" endtime="20231203 22:44:19.704"/>
</kw>
<kw name="Close Flight Application" library="base" type="TEARDOWN">
<kw name="Close Application" library="AppiumLibrary">
<doc>Closes the current application and also close webdriver session.</doc>
<status status="PASS" starttime="20231203 22:44:19.706" endtime="20231203 22:44:20.944"/>
</kw>
<status status="PASS" starttime="20231203 22:44:19.705" endtime="20231203 22:44:20.945"/>
</kw>
<status status="PASS" starttime="20231203 22:43:53.530" endtime="20231203 22:44:20.946"/>
</test>
<test id="s1-t2" name="Failed Login Using an Invalid Username and Password" line="23">
<kw name="Open Flight Application" library="base" type="SETUP">
<kw name="Open Application" library="AppiumLibrary">
<arg>${REMOTE_URL}</arg>
<arg>platformName=${PLATFORM_NAME}</arg>
<arg>platformVersion=${PLATFORM_VERSION}</arg>
<arg>deviceName=${DEVICE_NAME}</arg>
<arg>appPackage=${APP_PACKAGE}</arg>
<arg>appActivity=${APP_ACTIVITY}</arg>
<doc>Opens a new application to given Appium server.
Capabilities of appium server, Android and iOS,
Please check https://github.com/appium/appium/blob/master/docs/en/writing-running-appium/server-args.md
| *Option*            | *Man.* | *Description*     |
| remote_url          | Yes    | Appium server url |
| alias               | no     | alias             |
| strict_ssl          | No     | allows you to send commands to an invalid certificate host like a self-signed one. |</doc>
<status status="PASS" starttime="20231203 22:44:20.950" endtime="20231203 22:44:37.997"/>
</kw>
<status status="PASS" starttime="20231203 22:44:20.949" endtime="20231203 22:44:37.998"/>
</kw>
<kw name="Click Sign In Button On Homepage" library="homePage">
<kw name="Click Element" library="AppiumLibrary">
<arg>${login-button}</arg>
<doc>Click element identified by `locator`.</doc>
<msg timestamp="20231203 22:44:38.008" level="INFO">Clicking element '//android.widget.Button[@resource-id="com.example.myapplication:id/login"]'.</msg>
<msg timestamp="20231203 22:44:39.106" level="INFO">xpath criteria: //android.widget.Button[@resource-id="com.example.myapplication:id/login"]</msg>
<status status="PASS" starttime="20231203 22:44:38.000" endtime="20231203 22:44:39.106"/>
</kw>
<status status="PASS" starttime="20231203 22:44:37.999" endtime="20231203 22:44:39.107"/>
</kw>
<kw name="Input Username On Login Page" library="signIn">
<arg>${INVALID_USERNAME}</arg>
<kw name="Wait Until Element Is Visible" library="AppiumLibrary">
<arg>${username-input}</arg>
<doc>Waits until element specified with `locator` is visible.</doc>
<msg timestamp="20231203 22:44:40.371" level="INFO">xpath criteria: //android.widget.EditText[@resource-id="com.example.myapplication:id/username"]
xpath criteria: //android.widget.EditText[@resource-id="com.example.myapplication:id/username"]</msg>
<status status="PASS" starttime="20231203 22:44:39.110" endtime="20231203 22:44:40.371"/>
</kw>
<kw name="Input Text" library="AppiumLibrary">
<arg>${username-input}</arg>
<arg>${username}</arg>
<doc>Types the given `text` into text field identified by `locator`.</doc>
<msg timestamp="20231203 22:44:40.380" level="INFO">Typing text 'invalidusername' into text field '//android.widget.EditText[@resource-id="com.example.myapplication:id/username"]'</msg>
<msg timestamp="20231203 22:44:40.804" level="INFO">xpath criteria: //android.widget.EditText[@resource-id="com.example.myapplication:id/username"]</msg>
<status status="PASS" starttime="20231203 22:44:40.372" endtime="20231203 22:44:40.804"/>
</kw>
<status status="PASS" starttime="20231203 22:44:39.108" endtime="20231203 22:44:40.804"/>
</kw>
<kw name="Input Password On Login Page" library="signIn">
<arg>${INVALID_PASSWORD}</arg>
<kw name="Wait Until Element Is Visible" library="AppiumLibrary">
<arg>${password-input}</arg>
<doc>Waits until element specified with `locator` is visible.</doc>
<msg timestamp="20231203 22:44:41.624" level="INFO">xpath criteria: //android.widget.EditText[@resource-id="com.example.myapplication:id/password"]</msg>
<status status="PASS" starttime="20231203 22:44:40.806" endtime="20231203 22:44:41.624"/>
</kw>
<kw name="Input Text" library="AppiumLibrary">
<arg>${password-input}</arg>
<arg>${password}</arg>
<doc>Types the given `text` into text field identified by `locator`.</doc>
<msg timestamp="20231203 22:44:41.633" level="INFO">Typing text 'invalidpassword' into text field '//android.widget.EditText[@resource-id="com.example.myapplication:id/password"]'</msg>
<msg timestamp="20231203 22:44:41.857" level="INFO">xpath criteria: //android.widget.EditText[@resource-id="com.example.myapplication:id/password"]</msg>
<status status="PASS" starttime="20231203 22:44:41.625" endtime="20231203 22:44:41.857"/>
</kw>
<status status="PASS" starttime="20231203 22:44:40.805" endtime="20231203 22:44:41.857"/>
</kw>
<kw name="Click Sign In Button On Login Page" library="signIn">
<kw name="Click Element" library="AppiumLibrary">
<arg>${sign-in-button}</arg>
<doc>Click element identified by `locator`.</doc>
<msg timestamp="20231203 22:44:41.866" level="INFO">Clicking element '//android.widget.Button[@resource-id="com.example.myapplication:id/signIn"]'.</msg>
<msg timestamp="20231203 22:44:42.496" level="INFO">xpath criteria: //android.widget.Button[@resource-id="com.example.myapplication:id/signIn"]</msg>
<status status="PASS" starttime="20231203 22:44:41.859" endtime="20231203 22:44:42.496"/>
</kw>
<status status="PASS" starttime="20231203 22:44:41.859" endtime="20231203 22:44:42.497"/>
</kw>
<kw name="Wait Until Page Contains" library="AppiumLibrary">
<arg>${ALERT_TEXT}</arg>
<doc>Waits until `text` appears on current page.</doc>
<status status="PASS" starttime="20231203 22:44:42.498" endtime="20231203 22:44:42.643"/>
</kw>
<kw name="Close Flight Application" library="base" type="TEARDOWN">
<kw name="Close Application" library="AppiumLibrary">
<doc>Closes the current application and also close webdriver session.</doc>
<status status="PASS" starttime="20231203 22:44:42.645" endtime="20231203 22:44:43.985"/>
</kw>
<status status="PASS" starttime="20231203 22:44:42.644" endtime="20231203 22:44:43.985"/>
</kw>
<status status="PASS" starttime="20231203 22:44:20.948" endtime="20231203 22:44:43.986"/>
</test>
<test id="s1-t3" name="Failed Login Using a Valid Username and Invalid Password" line="30">
<kw name="Open Flight Application" library="base" type="SETUP">
<kw name="Open Application" library="AppiumLibrary">
<arg>${REMOTE_URL}</arg>
<arg>platformName=${PLATFORM_NAME}</arg>
<arg>platformVersion=${PLATFORM_VERSION}</arg>
<arg>deviceName=${DEVICE_NAME}</arg>
<arg>appPackage=${APP_PACKAGE}</arg>
<arg>appActivity=${APP_ACTIVITY}</arg>
<doc>Opens a new application to given Appium server.
Capabilities of appium server, Android and iOS,
Please check https://github.com/appium/appium/blob/master/docs/en/writing-running-appium/server-args.md
| *Option*            | *Man.* | *Description*     |
| remote_url          | Yes    | Appium server url |
| alias               | no     | alias             |
| strict_ssl          | No     | allows you to send commands to an invalid certificate host like a self-signed one. |</doc>
<status status="PASS" starttime="20231203 22:44:43.991" endtime="20231203 22:45:01.761"/>
</kw>
<status status="PASS" starttime="20231203 22:44:43.990" endtime="20231203 22:45:01.761"/>
</kw>
<kw name="Click Sign In Button On Homepage" library="homePage">
<kw name="Click Element" library="AppiumLibrary">
<arg>${login-button}</arg>
<doc>Click element identified by `locator`.</doc>
<msg timestamp="20231203 22:45:01.771" level="INFO">Clicking element '//android.widget.Button[@resource-id="com.example.myapplication:id/login"]'.</msg>
<msg timestamp="20231203 22:45:02.638" level="INFO">xpath criteria: //android.widget.Button[@resource-id="com.example.myapplication:id/login"]</msg>
<status status="PASS" starttime="20231203 22:45:01.763" endtime="20231203 22:45:02.638"/>
</kw>
<status status="PASS" starttime="20231203 22:45:01.762" endtime="20231203 22:45:02.638"/>
</kw>
<kw name="Input Username On Login Page" library="signIn">
<arg>${VALID_USERNAME}</arg>
<kw name="Wait Until Element Is Visible" library="AppiumLibrary">
<arg>${username-input}</arg>
<doc>Waits until element specified with `locator` is visible.</doc>
<msg timestamp="20231203 22:45:03.898" level="INFO">xpath criteria: //android.widget.EditText[@resource-id="com.example.myapplication:id/username"]
xpath criteria: //android.widget.EditText[@resource-id="com.example.myapplication:id/username"]</msg>
<status status="PASS" starttime="20231203 22:45:02.641" endtime="20231203 22:45:03.899"/>
</kw>
<kw name="Input Text" library="AppiumLibrary">
<arg>${username-input}</arg>
<arg>${username}</arg>
<doc>Types the given `text` into text field identified by `locator`.</doc>
<msg timestamp="20231203 22:45:03.908" level="INFO">Typing text 'support@ngendigital.com' into text field '//android.widget.EditText[@resource-id="com.example.myapplication:id/username"]'</msg>
<msg timestamp="20231203 22:45:04.294" level="INFO">xpath criteria: //android.widget.EditText[@resource-id="com.example.myapplication:id/username"]</msg>
<status status="PASS" starttime="20231203 22:45:03.899" endtime="20231203 22:45:04.294"/>
</kw>
<status status="PASS" starttime="20231203 22:45:02.639" endtime="20231203 22:45:04.294"/>
</kw>
<kw name="Input Password On Login Page" library="signIn">
<arg>${INVALID_PASSWORD}</arg>
<kw name="Wait Until Element Is Visible" library="AppiumLibrary">
<arg>${password-input}</arg>
<doc>Waits until element specified with `locator` is visible.</doc>
<msg timestamp="20231203 22:45:05.073" level="INFO">xpath criteria: //android.widget.EditText[@resource-id="com.example.myapplication:id/password"]</msg>
<status status="PASS" starttime="20231203 22:45:04.296" endtime="20231203 22:45:05.073"/>
</kw>
<kw name="Input Text" library="AppiumLibrary">
<arg>${password-input}</arg>
<arg>${password}</arg>
<doc>Types the given `text` into text field identified by `locator`.</doc>
<msg timestamp="20231203 22:45:05.082" level="INFO">Typing text 'invalidpassword' into text field '//android.widget.EditText[@resource-id="com.example.myapplication:id/password"]'</msg>
<msg timestamp="20231203 22:45:05.347" level="INFO">xpath criteria: //android.widget.EditText[@resource-id="com.example.myapplication:id/password"]</msg>
<status status="PASS" starttime="20231203 22:45:05.074" endtime="20231203 22:45:05.347"/>
</kw>
<status status="PASS" starttime="20231203 22:45:04.295" endtime="20231203 22:45:05.347"/>
</kw>
<kw name="Click Sign In Button On Login Page" library="signIn">
<kw name="Click Element" library="AppiumLibrary">
<arg>${sign-in-button}</arg>
<doc>Click element identified by `locator`.</doc>
<msg timestamp="20231203 22:45:05.352" level="INFO">Clicking element '//android.widget.Button[@resource-id="com.example.myapplication:id/signIn"]'.</msg>
<msg timestamp="20231203 22:45:05.977" level="INFO">xpath criteria: //android.widget.Button[@resource-id="com.example.myapplication:id/signIn"]</msg>
<status status="PASS" starttime="20231203 22:45:05.349" endtime="20231203 22:45:05.977"/>
</kw>
<status status="PASS" starttime="20231203 22:45:05.348" endtime="20231203 22:45:05.977"/>
</kw>
<kw name="Wait Until Page Contains" library="AppiumLibrary">
<arg>${ALERT_TEXT}</arg>
<doc>Waits until `text` appears on current page.</doc>
<status status="PASS" starttime="20231203 22:45:05.978" endtime="20231203 22:45:06.076"/>
</kw>
<kw name="Close Flight Application" library="base" type="TEARDOWN">
<kw name="Close Application" library="AppiumLibrary">
<doc>Closes the current application and also close webdriver session.</doc>
<status status="PASS" starttime="20231203 22:45:06.079" endtime="20231203 22:45:07.323"/>
</kw>
<status status="PASS" starttime="20231203 22:45:06.078" endtime="20231203 22:45:07.323"/>
</kw>
<status status="PASS" starttime="20231203 22:44:43.988" endtime="20231203 22:45:07.324"/>
</test>
<test id="s1-t4" name="Failed Login Using an Invalid Username and Valid Password" line="37">
<kw name="Open Flight Application" library="base" type="SETUP">
<kw name="Open Application" library="AppiumLibrary">
<arg>${REMOTE_URL}</arg>
<arg>platformName=${PLATFORM_NAME}</arg>
<arg>platformVersion=${PLATFORM_VERSION}</arg>
<arg>deviceName=${DEVICE_NAME}</arg>
<arg>appPackage=${APP_PACKAGE}</arg>
<arg>appActivity=${APP_ACTIVITY}</arg>
<doc>Opens a new application to given Appium server.
Capabilities of appium server, Android and iOS,
Please check https://github.com/appium/appium/blob/master/docs/en/writing-running-appium/server-args.md
| *Option*            | *Man.* | *Description*     |
| remote_url          | Yes    | Appium server url |
| alias               | no     | alias             |
| strict_ssl          | No     | allows you to send commands to an invalid certificate host like a self-signed one. |</doc>
<status status="PASS" starttime="20231203 22:45:07.361" endtime="20231203 22:45:25.241"/>
</kw>
<status status="PASS" starttime="20231203 22:45:07.360" endtime="20231203 22:45:25.242"/>
</kw>
<kw name="Click Sign In Button On Homepage" library="homePage">
<kw name="Click Element" library="AppiumLibrary">
<arg>${login-button}</arg>
<doc>Click element identified by `locator`.</doc>
<msg timestamp="20231203 22:45:25.251" level="INFO">Clicking element '//android.widget.Button[@resource-id="com.example.myapplication:id/login"]'.</msg>
<msg timestamp="20231203 22:45:26.117" level="INFO">xpath criteria: //android.widget.Button[@resource-id="com.example.myapplication:id/login"]</msg>
<status status="PASS" starttime="20231203 22:45:25.244" endtime="20231203 22:45:26.118"/>
</kw>
<status status="PASS" starttime="20231203 22:45:25.243" endtime="20231203 22:45:26.118"/>
</kw>
<kw name="Input Username On Login Page" library="signIn">
<arg>${INVALID_USERNAME}</arg>
<kw name="Wait Until Element Is Visible" library="AppiumLibrary">
<arg>${username-input}</arg>
<doc>Waits until element specified with `locator` is visible.</doc>
<msg timestamp="20231203 22:45:27.381" level="INFO">xpath criteria: //android.widget.EditText[@resource-id="com.example.myapplication:id/username"]
xpath criteria: //android.widget.EditText[@resource-id="com.example.myapplication:id/username"]</msg>
<status status="PASS" starttime="20231203 22:45:26.120" endtime="20231203 22:45:27.381"/>
</kw>
<kw name="Input Text" library="AppiumLibrary">
<arg>${username-input}</arg>
<arg>${username}</arg>
<doc>Types the given `text` into text field identified by `locator`.</doc>
<msg timestamp="20231203 22:45:27.386" level="INFO">Typing text 'invalidusername' into text field '//android.widget.EditText[@resource-id="com.example.myapplication:id/username"]'</msg>
<msg timestamp="20231203 22:45:27.805" level="INFO">xpath criteria: //android.widget.EditText[@resource-id="com.example.myapplication:id/username"]</msg>
<status status="PASS" starttime="20231203 22:45:27.382" endtime="20231203 22:45:27.805"/>
</kw>
<status status="PASS" starttime="20231203 22:45:26.119" endtime="20231203 22:45:27.805"/>
</kw>
<kw name="Input Password On Login Page" library="signIn">
<arg>${VALID_PASSWORD}</arg>
<kw name="Wait Until Element Is Visible" library="AppiumLibrary">
<arg>${password-input}</arg>
<doc>Waits until element specified with `locator` is visible.</doc>
<msg timestamp="20231203 22:45:28.581" level="INFO">xpath criteria: //android.widget.EditText[@resource-id="com.example.myapplication:id/password"]</msg>
<status status="PASS" starttime="20231203 22:45:27.807" endtime="20231203 22:45:28.581"/>
</kw>
<kw name="Input Text" library="AppiumLibrary">
<arg>${password-input}</arg>
<arg>${password}</arg>
<doc>Types the given `text` into text field identified by `locator`.</doc>
<msg timestamp="20231203 22:45:28.589" level="INFO">Typing text 'abc123' into text field '//android.widget.EditText[@resource-id="com.example.myapplication:id/password"]'</msg>
<msg timestamp="20231203 22:45:28.881" level="INFO">xpath criteria: //android.widget.EditText[@resource-id="com.example.myapplication:id/password"]</msg>
<status status="PASS" starttime="20231203 22:45:28.582" endtime="20231203 22:45:28.881"/>
</kw>
<status status="PASS" starttime="20231203 22:45:27.806" endtime="20231203 22:45:28.882"/>
</kw>
<kw name="Click Sign In Button On Login Page" library="signIn">
<kw name="Click Element" library="AppiumLibrary">
<arg>${sign-in-button}</arg>
<doc>Click element identified by `locator`.</doc>
<msg timestamp="20231203 22:45:28.891" level="INFO">Clicking element '//android.widget.Button[@resource-id="com.example.myapplication:id/signIn"]'.</msg>
<msg timestamp="20231203 22:45:29.537" level="INFO">xpath criteria: //android.widget.Button[@resource-id="com.example.myapplication:id/signIn"]</msg>
<status status="PASS" starttime="20231203 22:45:28.884" endtime="20231203 22:45:29.537"/>
</kw>
<status status="PASS" starttime="20231203 22:45:28.883" endtime="20231203 22:45:29.537"/>
</kw>
<kw name="Wait Until Page Contains" library="AppiumLibrary">
<arg>${ALERT_TEXT}</arg>
<doc>Waits until `text` appears on current page.</doc>
<status status="PASS" starttime="20231203 22:45:29.538" endtime="20231203 22:45:29.641"/>
</kw>
<kw name="Close Flight Application" library="base" type="TEARDOWN">
<kw name="Close Application" library="AppiumLibrary">
<doc>Closes the current application and also close webdriver session.</doc>
<status status="PASS" starttime="20231203 22:45:29.643" endtime="20231203 22:45:30.948"/>
</kw>
<status status="PASS" starttime="20231203 22:45:29.642" endtime="20231203 22:45:30.948"/>
</kw>
<status status="PASS" starttime="20231203 22:45:07.357" endtime="20231203 22:45:30.949"/>
</test>
<test id="s1-t5" name="Failed Login with Both Empty Username and Password" line="44">
<kw name="Open Flight Application" library="base" type="SETUP">
<kw name="Open Application" library="AppiumLibrary">
<arg>${REMOTE_URL}</arg>
<arg>platformName=${PLATFORM_NAME}</arg>
<arg>platformVersion=${PLATFORM_VERSION}</arg>
<arg>deviceName=${DEVICE_NAME}</arg>
<arg>appPackage=${APP_PACKAGE}</arg>
<arg>appActivity=${APP_ACTIVITY}</arg>
<doc>Opens a new application to given Appium server.
Capabilities of appium server, Android and iOS,
Please check https://github.com/appium/appium/blob/master/docs/en/writing-running-appium/server-args.md
| *Option*            | *Man.* | *Description*     |
| remote_url          | Yes    | Appium server url |
| alias               | no     | alias             |
| strict_ssl          | No     | allows you to send commands to an invalid certificate host like a self-signed one. |</doc>
<status status="PASS" starttime="20231203 22:45:30.953" endtime="20231203 22:45:48.694"/>
</kw>
<status status="PASS" starttime="20231203 22:45:30.953" endtime="20231203 22:45:48.695"/>
</kw>
<kw name="Click Sign In Button On Homepage" library="homePage">
<kw name="Click Element" library="AppiumLibrary">
<arg>${login-button}</arg>
<doc>Click element identified by `locator`.</doc>
<msg timestamp="20231203 22:45:48.703" level="INFO">Clicking element '//android.widget.Button[@resource-id="com.example.myapplication:id/login"]'.</msg>
<msg timestamp="20231203 22:45:49.747" level="INFO">xpath criteria: //android.widget.Button[@resource-id="com.example.myapplication:id/login"]</msg>
<status status="PASS" starttime="20231203 22:45:48.697" endtime="20231203 22:45:49.747"/>
</kw>
<status status="PASS" starttime="20231203 22:45:48.696" endtime="20231203 22:45:49.747"/>
</kw>
<kw name="Input Username On Login Page" library="signIn">
<arg>${EMPTY_USERNAME}</arg>
<kw name="Wait Until Element Is Visible" library="AppiumLibrary">
<arg>${username-input}</arg>
<doc>Waits until element specified with `locator` is visible.</doc>
<msg timestamp="20231203 22:45:50.994" level="INFO">xpath criteria: //android.widget.EditText[@resource-id="com.example.myapplication:id/username"]
xpath criteria: //android.widget.EditText[@resource-id="com.example.myapplication:id/username"]</msg>
<status status="PASS" starttime="20231203 22:45:49.750" endtime="20231203 22:45:50.994"/>
</kw>
<kw name="Input Text" library="AppiumLibrary">
<arg>${username-input}</arg>
<arg>${username}</arg>
<doc>Types the given `text` into text field identified by `locator`.</doc>
<msg timestamp="20231203 22:45:51.003" level="INFO">Typing text '' into text field '//android.widget.EditText[@resource-id="com.example.myapplication:id/username"]'</msg>
<msg timestamp="20231203 22:45:51.440" level="INFO">xpath criteria: //android.widget.EditText[@resource-id="com.example.myapplication:id/username"]</msg>
<status status="PASS" starttime="20231203 22:45:50.995" endtime="20231203 22:45:51.440"/>
</kw>
<status status="PASS" starttime="20231203 22:45:49.748" endtime="20231203 22:45:51.441"/>
</kw>
<kw name="Input Password On Login Page" library="signIn">
<arg>${EMPTY_PASSWORD}</arg>
<kw name="Wait Until Element Is Visible" library="AppiumLibrary">
<arg>${password-input}</arg>
<doc>Waits until element specified with `locator` is visible.</doc>
<msg timestamp="20231203 22:45:52.218" level="INFO">xpath criteria: //android.widget.EditText[@resource-id="com.example.myapplication:id/password"]</msg>
<status status="PASS" starttime="20231203 22:45:51.443" endtime="20231203 22:45:52.218"/>
</kw>
<kw name="Input Text" library="AppiumLibrary">
<arg>${password-input}</arg>
<arg>${password}</arg>
<doc>Types the given `text` into text field identified by `locator`.</doc>
<msg timestamp="20231203 22:45:52.227" level="INFO">Typing text '' into text field '//android.widget.EditText[@resource-id="com.example.myapplication:id/password"]'</msg>
<msg timestamp="20231203 22:45:52.493" level="INFO">xpath criteria: //android.widget.EditText[@resource-id="com.example.myapplication:id/password"]</msg>
<status status="PASS" starttime="20231203 22:45:52.218" endtime="20231203 22:45:52.493"/>
</kw>
<status status="PASS" starttime="20231203 22:45:51.442" endtime="20231203 22:45:52.494"/>
</kw>
<kw name="Click Sign In Button On Login Page" library="signIn">
<kw name="Click Element" library="AppiumLibrary">
<arg>${sign-in-button}</arg>
<doc>Click element identified by `locator`.</doc>
<msg timestamp="20231203 22:45:52.503" level="INFO">Clicking element '//android.widget.Button[@resource-id="com.example.myapplication:id/signIn"]'.</msg>
<msg timestamp="20231203 22:45:53.137" level="INFO">xpath criteria: //android.widget.Button[@resource-id="com.example.myapplication:id/signIn"]</msg>
<status status="PASS" starttime="20231203 22:45:52.495" endtime="20231203 22:45:53.137"/>
</kw>
<status status="PASS" starttime="20231203 22:45:52.495" endtime="20231203 22:45:53.137"/>
</kw>
<kw name="Wait Until Page Contains" library="AppiumLibrary">
<arg>${ALERT_TEXT}</arg>
<doc>Waits until `text` appears on current page.</doc>
<status status="PASS" starttime="20231203 22:45:53.139" endtime="20231203 22:45:53.280"/>
</kw>
<kw name="Close Flight Application" library="base" type="TEARDOWN">
<kw name="Close Application" library="AppiumLibrary">
<doc>Closes the current application and also close webdriver session.</doc>
<status status="PASS" starttime="20231203 22:45:53.283" endtime="20231203 22:45:54.630"/>
</kw>
<status status="PASS" starttime="20231203 22:45:53.282" endtime="20231203 22:45:54.630"/>
</kw>
<status status="PASS" starttime="20231203 22:45:30.951" endtime="20231203 22:45:54.631"/>
</test>
<test id="s1-t6" name="Failed Login Using Blank Username and Valid Password" line="51">
<kw name="Open Flight Application" library="base" type="SETUP">
<kw name="Open Application" library="AppiumLibrary">
<arg>${REMOTE_URL}</arg>
<arg>platformName=${PLATFORM_NAME}</arg>
<arg>platformVersion=${PLATFORM_VERSION}</arg>
<arg>deviceName=${DEVICE_NAME}</arg>
<arg>appPackage=${APP_PACKAGE}</arg>
<arg>appActivity=${APP_ACTIVITY}</arg>
<doc>Opens a new application to given Appium server.
Capabilities of appium server, Android and iOS,
Please check https://github.com/appium/appium/blob/master/docs/en/writing-running-appium/server-args.md
| *Option*            | *Man.* | *Description*     |
| remote_url          | Yes    | Appium server url |
| alias               | no     | alias             |
| strict_ssl          | No     | allows you to send commands to an invalid certificate host like a self-signed one. |</doc>
<status status="PASS" starttime="20231203 22:45:54.636" endtime="20231203 22:46:12.367"/>
</kw>
<status status="PASS" starttime="20231203 22:45:54.635" endtime="20231203 22:46:12.367"/>
</kw>
<kw name="Click Sign In Button On Homepage" library="homePage">
<kw name="Click Element" library="AppiumLibrary">
<arg>${login-button}</arg>
<doc>Click element identified by `locator`.</doc>
<msg timestamp="20231203 22:46:12.379" level="INFO">Clicking element '//android.widget.Button[@resource-id="com.example.myapplication:id/login"]'.</msg>
<msg timestamp="20231203 22:46:14.063" level="INFO">xpath criteria: //android.widget.Button[@resource-id="com.example.myapplication:id/login"]</msg>
<status status="PASS" starttime="20231203 22:46:12.369" endtime="20231203 22:46:14.063"/>
</kw>
<status status="PASS" starttime="20231203 22:46:12.368" endtime="20231203 22:46:14.064"/>
</kw>
<kw name="Input Password On Login Page" library="signIn">
<arg>${VALID_PASSWORD}</arg>
<kw name="Wait Until Element Is Visible" library="AppiumLibrary">
<arg>${password-input}</arg>
<doc>Waits until element specified with `locator` is visible.</doc>
<msg timestamp="20231203 22:46:15.316" level="INFO">xpath criteria: //android.widget.EditText[@resource-id="com.example.myapplication:id/password"]
xpath criteria: //android.widget.EditText[@resource-id="com.example.myapplication:id/password"]</msg>
<status status="PASS" starttime="20231203 22:46:14.066" endtime="20231203 22:46:15.316"/>
</kw>
<kw name="Input Text" library="AppiumLibrary">
<arg>${password-input}</arg>
<arg>${password}</arg>
<doc>Types the given `text` into text field identified by `locator`.</doc>
<msg timestamp="20231203 22:46:15.324" level="INFO">Typing text 'abc123' into text field '//android.widget.EditText[@resource-id="com.example.myapplication:id/password"]'</msg>
<msg timestamp="20231203 22:46:15.760" level="INFO">xpath criteria: //android.widget.EditText[@resource-id="com.example.myapplication:id/password"]</msg>
<status status="PASS" starttime="20231203 22:46:15.317" endtime="20231203 22:46:15.760"/>
</kw>
<status status="PASS" starttime="20231203 22:46:14.064" endtime="20231203 22:46:15.760"/>
</kw>
<kw name="Click Sign In Button On Login Page" library="signIn">
<kw name="Click Element" library="AppiumLibrary">
<arg>${sign-in-button}</arg>
<doc>Click element identified by `locator`.</doc>
<msg timestamp="20231203 22:46:15.769" level="INFO">Clicking element '//android.widget.Button[@resource-id="com.example.myapplication:id/signIn"]'.</msg>
<msg timestamp="20231203 22:46:16.619" level="INFO">xpath criteria: //android.widget.Button[@resource-id="com.example.myapplication:id/signIn"]</msg>
<status status="PASS" starttime="20231203 22:46:15.762" endtime="20231203 22:46:16.620"/>
</kw>
<status status="PASS" starttime="20231203 22:46:15.761" endtime="20231203 22:46:16.620"/>
</kw>
<kw name="Wait Until Page Contains" library="AppiumLibrary">
<arg>${ALERT_TEXT}</arg>
<doc>Waits until `text` appears on current page.</doc>
<status status="PASS" starttime="20231203 22:46:16.621" endtime="20231203 22:46:16.773"/>
</kw>
<kw name="Close Flight Application" library="base" type="TEARDOWN">
<kw name="Close Application" library="AppiumLibrary">
<doc>Closes the current application and also close webdriver session.</doc>
<status status="PASS" starttime="20231203 22:46:16.775" endtime="20231203 22:46:17.997"/>
</kw>
<status status="PASS" starttime="20231203 22:46:16.774" endtime="20231203 22:46:17.997"/>
</kw>
<status status="PASS" starttime="20231203 22:45:54.634" endtime="20231203 22:46:17.998"/>
</test>
<test id="s1-t7" name="Failed Login Using Valid Username and Blank Password" line="57">
<kw name="Open Flight Application" library="base" type="SETUP">
<kw name="Open Application" library="AppiumLibrary">
<arg>${REMOTE_URL}</arg>
<arg>platformName=${PLATFORM_NAME}</arg>
<arg>platformVersion=${PLATFORM_VERSION}</arg>
<arg>deviceName=${DEVICE_NAME}</arg>
<arg>appPackage=${APP_PACKAGE}</arg>
<arg>appActivity=${APP_ACTIVITY}</arg>
<doc>Opens a new application to given Appium server.
Capabilities of appium server, Android and iOS,
Please check https://github.com/appium/appium/blob/master/docs/en/writing-running-appium/server-args.md
| *Option*            | *Man.* | *Description*     |
| remote_url          | Yes    | Appium server url |
| alias               | no     | alias             |
| strict_ssl          | No     | allows you to send commands to an invalid certificate host like a self-signed one. |</doc>
<status status="PASS" starttime="20231203 22:46:18.003" endtime="20231203 22:46:35.872"/>
</kw>
<status status="PASS" starttime="20231203 22:46:18.002" endtime="20231203 22:46:35.873"/>
</kw>
<kw name="Click Sign In Button On Homepage" library="homePage">
<kw name="Click Element" library="AppiumLibrary">
<arg>${login-button}</arg>
<doc>Click element identified by `locator`.</doc>
<msg timestamp="20231203 22:46:35.882" level="INFO">Clicking element '//android.widget.Button[@resource-id="com.example.myapplication:id/login"]'.</msg>
<msg timestamp="20231203 22:46:37.643" level="INFO">xpath criteria: //android.widget.Button[@resource-id="com.example.myapplication:id/login"]</msg>
<status status="PASS" starttime="20231203 22:46:35.875" endtime="20231203 22:46:37.644"/>
</kw>
<status status="PASS" starttime="20231203 22:46:35.874" endtime="20231203 22:46:37.644"/>
</kw>
<kw name="Input Username On Login Page" library="signIn">
<arg>${VALID_USERNAME}</arg>
<kw name="Wait Until Element Is Visible" library="AppiumLibrary">
<arg>${username-input}</arg>
<doc>Waits until element specified with `locator` is visible.</doc>
<msg timestamp="20231203 22:46:38.892" level="INFO">xpath criteria: //android.widget.EditText[@resource-id="com.example.myapplication:id/username"]
xpath criteria: //android.widget.EditText[@resource-id="com.example.myapplication:id/username"]</msg>
<status status="PASS" starttime="20231203 22:46:37.646" endtime="20231203 22:46:38.893"/>
</kw>
<kw name="Input Text" library="AppiumLibrary">
<arg>${username-input}</arg>
<arg>${username}</arg>
<doc>Types the given `text` into text field identified by `locator`.</doc>
<msg timestamp="20231203 22:46:38.897" level="INFO">Typing text 'support@ngendigital.com' into text field '//android.widget.EditText[@resource-id="com.example.myapplication:id/username"]'</msg>
<msg timestamp="20231203 22:46:39.302" level="INFO">xpath criteria: //android.widget.EditText[@resource-id="com.example.myapplication:id/username"]</msg>
<status status="PASS" starttime="20231203 22:46:38.893" endtime="20231203 22:46:39.302"/>
</kw>
<status status="PASS" starttime="20231203 22:46:37.645" endtime="20231203 22:46:39.302"/>
</kw>
<kw name="Click Sign In Button On Login Page" library="signIn">
<kw name="Click Element" library="AppiumLibrary">
<arg>${sign-in-button}</arg>
<doc>Click element identified by `locator`.</doc>
<msg timestamp="20231203 22:46:39.310" level="INFO">Clicking element '//android.widget.Button[@resource-id="com.example.myapplication:id/signIn"]'.</msg>
<msg timestamp="20231203 22:46:40.117" level="INFO">xpath criteria: //android.widget.Button[@resource-id="com.example.myapplication:id/signIn"]</msg>
<status status="PASS" starttime="20231203 22:46:39.304" endtime="20231203 22:46:40.117"/>
</kw>
<status status="PASS" starttime="20231203 22:46:39.303" endtime="20231203 22:46:40.117"/>
</kw>
<kw name="Wait Until Page Contains" library="AppiumLibrary">
<arg>${ALERT_TEXT}</arg>
<doc>Waits until `text` appears on current page.</doc>
<status status="PASS" starttime="20231203 22:46:40.119" endtime="20231203 22:46:40.261"/>
</kw>
<kw name="Close Flight Application" library="base" type="TEARDOWN">
<kw name="Close Application" library="AppiumLibrary">
<doc>Closes the current application and also close webdriver session.</doc>
<status status="PASS" starttime="20231203 22:46:40.264" endtime="20231203 22:46:41.529"/>
</kw>
<status status="PASS" starttime="20231203 22:46:40.263" endtime="20231203 22:46:41.529"/>
</kw>
<status status="PASS" starttime="20231203 22:46:18.000" endtime="20231203 22:46:41.530"/>
</test>
<status status="PASS" starttime="20231203 22:43:52.761" endtime="20231203 22:46:41.534"/>
</suite>
<statistics>
<total>
<stat pass="7" fail="0" skip="0">All Tests</stat>
</total>
<tag>
</tag>
<suite>
<stat pass="7" fail="0" skip="0" id="s1" name="signIn">signIn</stat>
</suite>
</statistics>
<errors>
</errors>
</robot>
